12, 17, 2018 (11:25:50): Opening rpy file C:\Program Files (x86)\IBM\Rational\Rhapsody Modeler\7.5\Share\Properties\PredefinedTypes.sbs
12, 17, 2018 (11:25:50): 
 Started loading C:\Program Files (x86)\IBM\Rational\Rhapsody Modeler\7.5\Share\Properties\PredefinedTypes.sbs on Monday, December 17, 2018 (11:25:50).-

12, 17, 2018 (11:25:50): 

Starting inUnit resolution phase


12, 17, 2018 (11:25:50): 

Finished inUnit resolution phase


12, 17, 2018 (11:25:50): 
 Finished loading C:\Program Files (x86)\IBM\Rational\Rhapsody Modeler\7.5\Share\Properties\PredefinedTypes.sbs on Monday, December 17, 2018 (11:25:50).-

12, 17, 2018 (11:25:50): Opening rpy file C:\Program Files (x86)\IBM\Rational\Rhapsody Modeler\7.5\Share\Properties\PredefinedTypesC++.sbs
12, 17, 2018 (11:25:50): 
 Started loading C:\Program Files (x86)\IBM\Rational\Rhapsody Modeler\7.5\Share\Properties\PredefinedTypesC++.sbs on Monday, December 17, 2018 (11:25:50).-

12, 17, 2018 (11:25:50): 

Starting inUnit resolution phase


12, 17, 2018 (11:25:50): 

Finished inUnit resolution phase


12, 17, 2018 (11:25:50): 
 Finished loading C:\Program Files (x86)\IBM\Rational\Rhapsody Modeler\7.5\Share\Properties\PredefinedTypesC++.sbs on Monday, December 17, 2018 (11:25:50).-

12, 17, 2018 (11:25:50): Opening rpy file D:\UNIVERSIDAD\REPOSITORIOSGIT\SW\ITER3\RATIONAL\Diagrama de Clases\Project\Project.rpy
12, 17, 2018 (11:25:50): 
 Started loading D:\UNIVERSIDAD\REPOSITORIOSGIT\SW\ITER3\RATIONAL\Diagrama de Clases\Project\Project.rpy on Monday, December 17, 2018 (11:25:50).-

12, 17, 2018 (11:25:50): Opening rpy file D:\UNIVERSIDAD\REPOSITORIOSGIT\SW\ITER3\RATIONAL\Diagrama de Clases\Project\Project_rpy\Default.sbs
12, 17, 2018 (11:25:50): 
 Started loading D:\UNIVERSIDAD\REPOSITORIOSGIT\SW\ITER3\RATIONAL\Diagrama de Clases\Project\Project_rpy\Default.sbs on Monday, December 17, 2018 (11:25:50).-

12, 17, 2018 (11:25:50): 

Starting inUnit resolution phase


12, 17, 2018 (11:25:50): 

Finished inUnit resolution phase


12, 17, 2018 (11:25:50): 
 Finished loading D:\UNIVERSIDAD\REPOSITORIOSGIT\SW\ITER3\RATIONAL\Diagrama de Clases\Project\Project_rpy\Default.sbs on Monday, December 17, 2018 (11:25:50).-

12, 17, 2018 (11:25:51): Opening rpy file D:\UNIVERSIDAD\REPOSITORIOSGIT\SW\ITER3\RATIONAL\Diagrama de Clases\Project\Project_rpy\DefaultComponent.cmp
12, 17, 2018 (11:25:51): 
 Started loading D:\UNIVERSIDAD\REPOSITORIOSGIT\SW\ITER3\RATIONAL\Diagrama de Clases\Project\Project_rpy\DefaultComponent.cmp on Monday, December 17, 2018 (11:25:51).-

12, 17, 2018 (11:25:51): 

Starting inUnit resolution phase


12, 17, 2018 (11:25:51): 

Finished inUnit resolution phase


12, 17, 2018 (11:25:51): 
 Finished loading D:\UNIVERSIDAD\REPOSITORIOSGIT\SW\ITER3\RATIONAL\Diagrama de Clases\Project\Project_rpy\DefaultComponent.cmp on Monday, December 17, 2018 (11:25:51).-

12, 17, 2018 (11:25:51): 

Starting inUnit resolution phase


12, 17, 2018 (11:25:51): 

Finished inUnit resolution phase


12, 17, 2018 (11:25:51): 

Starting inUnit resolution phase


12, 17, 2018 (11:25:51): 

Finished inUnit resolution phase


12, 17, 2018 (11:25:51): 

Starting inUnit resolution phase


12, 17, 2018 (11:25:51): 

Finished inUnit resolution phase


12, 17, 2018 (11:25:51): 
 Finished loading D:\UNIVERSIDAD\REPOSITORIOSGIT\SW\ITER3\RATIONAL\Diagrama de Clases\Project\Project.rpy on Monday, December 17, 2018 (11:25:51).-

12, 17, 2018 (11:25:51): Starting checks of EventsBaseID conflicts
12, 17, 2018 (11:25:51): Finished checks of EventsBaseID conflicts
12, 17, 2018 (11:25:51): End Log
