10, 08, 2018 (19:20:05): Opening rpy file C:\Program Files (x86)\IBM\Rational\Rhapsody Modeler\7.5\Share\Properties\PredefinedTypes.sbs
10, 08, 2018 (19:20:05): 
 Started loading C:\Program Files (x86)\IBM\Rational\Rhapsody Modeler\7.5\Share\Properties\PredefinedTypes.sbs on Monday, October 08, 2018 (19:20:05).-

10, 08, 2018 (19:20:05): 

Starting inUnit resolution phase


10, 08, 2018 (19:20:05): 

Finished inUnit resolution phase


10, 08, 2018 (19:20:05): 
 Finished loading C:\Program Files (x86)\IBM\Rational\Rhapsody Modeler\7.5\Share\Properties\PredefinedTypes.sbs on Monday, October 08, 2018 (19:20:05).-

10, 08, 2018 (19:20:05): Opening rpy file C:\Program Files (x86)\IBM\Rational\Rhapsody Modeler\7.5\Share\Properties\PredefinedTypesC++.sbs
10, 08, 2018 (19:20:05): 
 Started loading C:\Program Files (x86)\IBM\Rational\Rhapsody Modeler\7.5\Share\Properties\PredefinedTypesC++.sbs on Monday, October 08, 2018 (19:20:05).-

10, 08, 2018 (19:20:05): 

Starting inUnit resolution phase


10, 08, 2018 (19:20:05): 

Finished inUnit resolution phase


10, 08, 2018 (19:20:05): 
 Finished loading C:\Program Files (x86)\IBM\Rational\Rhapsody Modeler\7.5\Share\Properties\PredefinedTypesC++.sbs on Monday, October 08, 2018 (19:20:05).-

10, 08, 2018 (19:20:05): Opening rpy file D:\UNIVERSIDAD\REPOSITORIOSGIT\SW\ITER1\Casos de Uso\Diagrama_Estados\Diagrama_Estados.rpy
10, 08, 2018 (19:20:05): 
 Started loading D:\UNIVERSIDAD\REPOSITORIOSGIT\SW\ITER1\Casos de Uso\Diagrama_Estados\Diagrama_Estados.rpy on Monday, October 08, 2018 (19:20:05).-

10, 08, 2018 (19:20:05): Opening rpy file D:\UNIVERSIDAD\REPOSITORIOSGIT\SW\ITER1\Casos de Uso\Diagrama_Estados\Diagrama_Estados_rpy\Default.sbs
10, 08, 2018 (19:20:05): 
 Started loading D:\UNIVERSIDAD\REPOSITORIOSGIT\SW\ITER1\Casos de Uso\Diagrama_Estados\Diagrama_Estados_rpy\Default.sbs on Monday, October 08, 2018 (19:20:05).-

10, 08, 2018 (19:20:05): 

Starting inUnit resolution phase


10, 08, 2018 (19:20:05): 

Finished inUnit resolution phase


10, 08, 2018 (19:20:05): 
 Finished loading D:\UNIVERSIDAD\REPOSITORIOSGIT\SW\ITER1\Casos de Uso\Diagrama_Estados\Diagrama_Estados_rpy\Default.sbs on Monday, October 08, 2018 (19:20:05).-

10, 08, 2018 (19:20:05): Opening rpy file D:\UNIVERSIDAD\REPOSITORIOSGIT\SW\ITER1\Casos de Uso\Diagrama_Estados\Diagrama_Estados_rpy\DefaultComponent.cmp
10, 08, 2018 (19:20:05): 
 Started loading D:\UNIVERSIDAD\REPOSITORIOSGIT\SW\ITER1\Casos de Uso\Diagrama_Estados\Diagrama_Estados_rpy\DefaultComponent.cmp on Monday, October 08, 2018 (19:20:05).-

10, 08, 2018 (19:20:05): 

Starting inUnit resolution phase


10, 08, 2018 (19:20:05): 

Finished inUnit resolution phase


10, 08, 2018 (19:20:05): 
 Finished loading D:\UNIVERSIDAD\REPOSITORIOSGIT\SW\ITER1\Casos de Uso\Diagrama_Estados\Diagrama_Estados_rpy\DefaultComponent.cmp on Monday, October 08, 2018 (19:20:05).-

10, 08, 2018 (19:20:05): 

Starting inUnit resolution phase


10, 08, 2018 (19:20:05): 

Finished inUnit resolution phase


10, 08, 2018 (19:20:05): 

Starting inUnit resolution phase


10, 08, 2018 (19:20:05): 

Finished inUnit resolution phase


10, 08, 2018 (19:20:05): 

Starting inUnit resolution phase


10, 08, 2018 (19:20:05): 

Finished inUnit resolution phase


10, 08, 2018 (19:20:06): 
 Finished loading D:\UNIVERSIDAD\REPOSITORIOSGIT\SW\ITER1\Casos de Uso\Diagrama_Estados\Diagrama_Estados.rpy on Monday, October 08, 2018 (19:20:06).-

10, 08, 2018 (19:20:06): Starting checks of EventsBaseID conflicts
10, 08, 2018 (19:20:06): Finished checks of EventsBaseID conflicts
10, 08, 2018 (19:20:06): End Log
