01, 02, 2019 (16:46:05): Opening rpy file C:\Program Files (x86)\IBM\Rational\Rhapsody Modeler\7.5\Share\Properties\PredefinedTypes.sbs
01, 02, 2019 (16:46:05): 
 Started loading C:\Program Files (x86)\IBM\Rational\Rhapsody Modeler\7.5\Share\Properties\PredefinedTypes.sbs on Wednesday, January 02, 2019 (16:46:05).-

01, 02, 2019 (16:46:05): 

Starting inUnit resolution phase


01, 02, 2019 (16:46:05): 

Finished inUnit resolution phase


01, 02, 2019 (16:46:05): 
 Finished loading C:\Program Files (x86)\IBM\Rational\Rhapsody Modeler\7.5\Share\Properties\PredefinedTypes.sbs on Wednesday, January 02, 2019 (16:46:05).-

01, 02, 2019 (16:46:05): Opening rpy file C:\Program Files (x86)\IBM\Rational\Rhapsody Modeler\7.5\Share\Properties\PredefinedTypesC++.sbs
01, 02, 2019 (16:46:05): 
 Started loading C:\Program Files (x86)\IBM\Rational\Rhapsody Modeler\7.5\Share\Properties\PredefinedTypesC++.sbs on Wednesday, January 02, 2019 (16:46:05).-

01, 02, 2019 (16:46:05): 

Starting inUnit resolution phase


01, 02, 2019 (16:46:05): 

Finished inUnit resolution phase


01, 02, 2019 (16:46:05): 
 Finished loading C:\Program Files (x86)\IBM\Rational\Rhapsody Modeler\7.5\Share\Properties\PredefinedTypesC++.sbs on Wednesday, January 02, 2019 (16:46:05).-

01, 02, 2019 (16:46:05): Opening rpy file D:\UNIVERSIDAD\REPOSITORIOSGIT\SW\ENTREGA\RATIONAL\Diagramas_ITER2_&_ITER3\Diagrama_Clases_Reducido.rpy
01, 02, 2019 (16:46:05): 
 Started loading D:\UNIVERSIDAD\REPOSITORIOSGIT\SW\ENTREGA\RATIONAL\Diagramas_ITER2_&_ITER3\Diagrama_Clases_Reducido.rpy on Wednesday, January 02, 2019 (16:46:05).-

01, 02, 2019 (16:46:05): Opening rpy file D:\UNIVERSIDAD\REPOSITORIOSGIT\SW\ENTREGA\RATIONAL\Diagramas_ITER2_&_ITER3\Diagrama_Clases_Reducido_rpy\Default.sbs
01, 02, 2019 (16:46:05): 
 Started loading D:\UNIVERSIDAD\REPOSITORIOSGIT\SW\ENTREGA\RATIONAL\Diagramas_ITER2_&_ITER3\Diagrama_Clases_Reducido_rpy\Default.sbs on Wednesday, January 02, 2019 (16:46:05).-

01, 02, 2019 (16:46:06): 

Starting inUnit resolution phase


01, 02, 2019 (16:46:06): 

Finished inUnit resolution phase


01, 02, 2019 (16:46:06): 
 Finished loading D:\UNIVERSIDAD\REPOSITORIOSGIT\SW\ENTREGA\RATIONAL\Diagramas_ITER2_&_ITER3\Diagrama_Clases_Reducido_rpy\Default.sbs on Wednesday, January 02, 2019 (16:46:06).-

01, 02, 2019 (16:46:06): Opening rpy file D:\UNIVERSIDAD\REPOSITORIOSGIT\SW\ENTREGA\RATIONAL\Diagramas_ITER2_&_ITER3\Diagrama_Clases_Reducido_rpy\Aplicacion.sbs
01, 02, 2019 (16:46:06): 
 Started loading D:\UNIVERSIDAD\REPOSITORIOSGIT\SW\ENTREGA\RATIONAL\Diagramas_ITER2_&_ITER3\Diagrama_Clases_Reducido_rpy\Aplicacion.sbs on Wednesday, January 02, 2019 (16:46:06).-

01, 02, 2019 (16:46:06): Opening rpy file D:\UNIVERSIDAD\REPOSITORIOSGIT\SW\ENTREGA\RATIONAL\Diagramas_ITER2_&_ITER3\Diagrama_Clases_Reducido_rpy\BaseDeDatos.sbs
01, 02, 2019 (16:46:06): 
 Started loading D:\UNIVERSIDAD\REPOSITORIOSGIT\SW\ENTREGA\RATIONAL\Diagramas_ITER2_&_ITER3\Diagrama_Clases_Reducido_rpy\BaseDeDatos.sbs on Wednesday, January 02, 2019 (16:46:06).-

01, 02, 2019 (16:46:06): 

Starting inUnit resolution phase


01, 02, 2019 (16:46:06): 

Finished inUnit resolution phase


01, 02, 2019 (16:46:06): 
 Finished loading D:\UNIVERSIDAD\REPOSITORIOSGIT\SW\ENTREGA\RATIONAL\Diagramas_ITER2_&_ITER3\Diagrama_Clases_Reducido_rpy\BaseDeDatos.sbs on Wednesday, January 02, 2019 (16:46:06).-

01, 02, 2019 (16:46:06): Opening rpy file D:\UNIVERSIDAD\REPOSITORIOSGIT\SW\ENTREGA\RATIONAL\Diagramas_ITER2_&_ITER3\Diagrama_Clases_Reducido_rpy\ClasesDominio.sbs
01, 02, 2019 (16:46:06): 
 Started loading D:\UNIVERSIDAD\REPOSITORIOSGIT\SW\ENTREGA\RATIONAL\Diagramas_ITER2_&_ITER3\Diagrama_Clases_Reducido_rpy\ClasesDominio.sbs on Wednesday, January 02, 2019 (16:46:06).-

01, 02, 2019 (16:46:06): Opening rpy file D:\UNIVERSIDAD\REPOSITORIOSGIT\SW\ENTREGA\RATIONAL\Diagramas_ITER2_&_ITER3\Diagrama_Clases_Reducido_rpy\component_12.cmp
01, 02, 2019 (16:46:06): 
 Started loading D:\UNIVERSIDAD\REPOSITORIOSGIT\SW\ENTREGA\RATIONAL\Diagramas_ITER2_&_ITER3\Diagrama_Clases_Reducido_rpy\component_12.cmp on Wednesday, January 02, 2019 (16:46:06).-

01, 02, 2019 (16:46:06): 

Starting inUnit resolution phase


01, 02, 2019 (16:46:06): 

Finished inUnit resolution phase


01, 02, 2019 (16:46:06): 
 Finished loading D:\UNIVERSIDAD\REPOSITORIOSGIT\SW\ENTREGA\RATIONAL\Diagramas_ITER2_&_ITER3\Diagrama_Clases_Reducido_rpy\component_12.cmp on Wednesday, January 02, 2019 (16:46:06).-

01, 02, 2019 (16:46:06): Opening rpy file D:\UNIVERSIDAD\REPOSITORIOSGIT\SW\ENTREGA\RATIONAL\Diagramas_ITER2_&_ITER3\Diagrama_Clases_Reducido_rpy\component_13.cmp
01, 02, 2019 (16:46:06): 
 Started loading D:\UNIVERSIDAD\REPOSITORIOSGIT\SW\ENTREGA\RATIONAL\Diagramas_ITER2_&_ITER3\Diagrama_Clases_Reducido_rpy\component_13.cmp on Wednesday, January 02, 2019 (16:46:06).-

01, 02, 2019 (16:46:06): 

Starting inUnit resolution phase


01, 02, 2019 (16:46:06): 

Finished inUnit resolution phase


01, 02, 2019 (16:46:06): 
 Finished loading D:\UNIVERSIDAD\REPOSITORIOSGIT\SW\ENTREGA\RATIONAL\Diagramas_ITER2_&_ITER3\Diagrama_Clases_Reducido_rpy\component_13.cmp on Wednesday, January 02, 2019 (16:46:06).-

01, 02, 2019 (16:46:06): Opening rpy file D:\UNIVERSIDAD\REPOSITORIOSGIT\SW\ENTREGA\RATIONAL\Diagramas_ITER2_&_ITER3\Diagrama_Clases_Reducido_rpy\Usuarios.sbs
01, 02, 2019 (16:46:06): 
 Started loading D:\UNIVERSIDAD\REPOSITORIOSGIT\SW\ENTREGA\RATIONAL\Diagramas_ITER2_&_ITER3\Diagrama_Clases_Reducido_rpy\Usuarios.sbs on Wednesday, January 02, 2019 (16:46:06).-

01, 02, 2019 (16:46:06): 

Starting inUnit resolution phase


01, 02, 2019 (16:46:06): 

Finished inUnit resolution phase


01, 02, 2019 (16:46:06): 
 Finished loading D:\UNIVERSIDAD\REPOSITORIOSGIT\SW\ENTREGA\RATIONAL\Diagramas_ITER2_&_ITER3\Diagrama_Clases_Reducido_rpy\Usuarios.sbs on Wednesday, January 02, 2019 (16:46:06).-

01, 02, 2019 (16:46:06): 

Starting inUnit resolution phase


01, 02, 2019 (16:46:06): 

Finished inUnit resolution phase


01, 02, 2019 (16:46:06): 
 Finished loading D:\UNIVERSIDAD\REPOSITORIOSGIT\SW\ENTREGA\RATIONAL\Diagramas_ITER2_&_ITER3\Diagrama_Clases_Reducido_rpy\ClasesDominio.sbs on Wednesday, January 02, 2019 (16:46:06).-

01, 02, 2019 (16:46:06): Opening rpy file D:\UNIVERSIDAD\REPOSITORIOSGIT\SW\ENTREGA\RATIONAL\Diagramas_ITER2_&_ITER3\Diagrama_Clases_Reducido_rpy\Correo.sbs
01, 02, 2019 (16:46:06): 
 Started loading D:\UNIVERSIDAD\REPOSITORIOSGIT\SW\ENTREGA\RATIONAL\Diagramas_ITER2_&_ITER3\Diagrama_Clases_Reducido_rpy\Correo.sbs on Wednesday, January 02, 2019 (16:46:06).-

01, 02, 2019 (16:46:06): 

Starting inUnit resolution phase


01, 02, 2019 (16:46:06): 

Finished inUnit resolution phase


01, 02, 2019 (16:46:06): 
 Finished loading D:\UNIVERSIDAD\REPOSITORIOSGIT\SW\ENTREGA\RATIONAL\Diagramas_ITER2_&_ITER3\Diagrama_Clases_Reducido_rpy\Correo.sbs on Wednesday, January 02, 2019 (16:46:06).-

01, 02, 2019 (16:46:06): Opening rpy file D:\UNIVERSIDAD\REPOSITORIOSGIT\SW\ENTREGA\RATIONAL\Diagramas_ITER2_&_ITER3\Diagrama_Clases_Reducido_rpy\GestorArchivos.sbs
01, 02, 2019 (16:46:06): 
 Started loading D:\UNIVERSIDAD\REPOSITORIOSGIT\SW\ENTREGA\RATIONAL\Diagramas_ITER2_&_ITER3\Diagrama_Clases_Reducido_rpy\GestorArchivos.sbs on Wednesday, January 02, 2019 (16:46:06).-

01, 02, 2019 (16:46:06): 

Starting inUnit resolution phase


01, 02, 2019 (16:46:06): 

Finished inUnit resolution phase


01, 02, 2019 (16:46:06): 
 Finished loading D:\UNIVERSIDAD\REPOSITORIOSGIT\SW\ENTREGA\RATIONAL\Diagramas_ITER2_&_ITER3\Diagrama_Clases_Reducido_rpy\GestorArchivos.sbs on Wednesday, January 02, 2019 (16:46:06).-

01, 02, 2019 (16:46:06): Opening rpy file D:\UNIVERSIDAD\REPOSITORIOSGIT\SW\ENTREGA\RATIONAL\Diagramas_ITER2_&_ITER3\Diagrama_Clases_Reducido_rpy\Interfaces.sbs
01, 02, 2019 (16:46:06): 
 Started loading D:\UNIVERSIDAD\REPOSITORIOSGIT\SW\ENTREGA\RATIONAL\Diagramas_ITER2_&_ITER3\Diagrama_Clases_Reducido_rpy\Interfaces.sbs on Wednesday, January 02, 2019 (16:46:06).-

01, 02, 2019 (16:46:06): Opening rpy file D:\UNIVERSIDAD\REPOSITORIOSGIT\SW\ENTREGA\RATIONAL\Diagramas_ITER2_&_ITER3\Diagrama_Clases_Reducido_rpy\InterfazUsuarioEscritorio.sbs
01, 02, 2019 (16:46:06): 
 Started loading D:\UNIVERSIDAD\REPOSITORIOSGIT\SW\ENTREGA\RATIONAL\Diagramas_ITER2_&_ITER3\Diagrama_Clases_Reducido_rpy\InterfazUsuarioEscritorio.sbs on Wednesday, January 02, 2019 (16:46:06).-

01, 02, 2019 (16:46:06): 

Starting inUnit resolution phase


01, 02, 2019 (16:46:06): 

Finished inUnit resolution phase


01, 02, 2019 (16:46:06): 
 Finished loading D:\UNIVERSIDAD\REPOSITORIOSGIT\SW\ENTREGA\RATIONAL\Diagramas_ITER2_&_ITER3\Diagrama_Clases_Reducido_rpy\InterfazUsuarioEscritorio.sbs on Wednesday, January 02, 2019 (16:46:06).-

01, 02, 2019 (16:46:06): Opening rpy file D:\UNIVERSIDAD\REPOSITORIOSGIT\SW\ENTREGA\RATIONAL\Diagramas_ITER2_&_ITER3\Diagrama_Clases_Reducido_rpy\InterfazUsuarioTecnico.sbs
01, 02, 2019 (16:46:06): 
 Started loading D:\UNIVERSIDAD\REPOSITORIOSGIT\SW\ENTREGA\RATIONAL\Diagramas_ITER2_&_ITER3\Diagrama_Clases_Reducido_rpy\InterfazUsuarioTecnico.sbs on Wednesday, January 02, 2019 (16:46:06).-

01, 02, 2019 (16:46:06): 

Starting inUnit resolution phase


01, 02, 2019 (16:46:06): 

Finished inUnit resolution phase


01, 02, 2019 (16:46:06): 
 Finished loading D:\UNIVERSIDAD\REPOSITORIOSGIT\SW\ENTREGA\RATIONAL\Diagramas_ITER2_&_ITER3\Diagrama_Clases_Reducido_rpy\InterfazUsuarioTecnico.sbs on Wednesday, January 02, 2019 (16:46:06).-

01, 02, 2019 (16:46:06): Opening rpy file D:\UNIVERSIDAD\REPOSITORIOSGIT\SW\ENTREGA\RATIONAL\Diagramas_ITER2_&_ITER3\Diagrama_Clases_Reducido_rpy\InterfazUsuarioCliente.sbs
01, 02, 2019 (16:46:06): 
 Started loading D:\UNIVERSIDAD\REPOSITORIOSGIT\SW\ENTREGA\RATIONAL\Diagramas_ITER2_&_ITER3\Diagrama_Clases_Reducido_rpy\InterfazUsuarioCliente.sbs on Wednesday, January 02, 2019 (16:46:06).-

01, 02, 2019 (16:46:06): 

Starting inUnit resolution phase


01, 02, 2019 (16:46:06): 

Finished inUnit resolution phase


01, 02, 2019 (16:46:06): 
 Finished loading D:\UNIVERSIDAD\REPOSITORIOSGIT\SW\ENTREGA\RATIONAL\Diagramas_ITER2_&_ITER3\Diagrama_Clases_Reducido_rpy\InterfazUsuarioCliente.sbs on Wednesday, January 02, 2019 (16:46:06).-

01, 02, 2019 (16:46:06): 

Starting inUnit resolution phase


01, 02, 2019 (16:46:06): 

Finished inUnit resolution phase


01, 02, 2019 (16:46:06): 
 Finished loading D:\UNIVERSIDAD\REPOSITORIOSGIT\SW\ENTREGA\RATIONAL\Diagramas_ITER2_&_ITER3\Diagrama_Clases_Reducido_rpy\Interfaces.sbs on Wednesday, January 02, 2019 (16:46:06).-

01, 02, 2019 (16:46:06): Opening rpy file D:\UNIVERSIDAD\REPOSITORIOSGIT\SW\ENTREGA\RATIONAL\Diagramas_ITER2_&_ITER3\Diagrama_Clases_Reducido_rpy\TipoDatos.sbs
01, 02, 2019 (16:46:06): 
 Started loading D:\UNIVERSIDAD\REPOSITORIOSGIT\SW\ENTREGA\RATIONAL\Diagramas_ITER2_&_ITER3\Diagrama_Clases_Reducido_rpy\TipoDatos.sbs on Wednesday, January 02, 2019 (16:46:06).-

01, 02, 2019 (16:46:06): 

Starting inUnit resolution phase


01, 02, 2019 (16:46:06): 

Finished inUnit resolution phase


01, 02, 2019 (16:46:06): 
 Finished loading D:\UNIVERSIDAD\REPOSITORIOSGIT\SW\ENTREGA\RATIONAL\Diagramas_ITER2_&_ITER3\Diagrama_Clases_Reducido_rpy\TipoDatos.sbs on Wednesday, January 02, 2019 (16:46:06).-

01, 02, 2019 (16:46:06): 

Starting inUnit resolution phase


01, 02, 2019 (16:46:06): 

Finished inUnit resolution phase


01, 02, 2019 (16:46:06): 
 Finished loading D:\UNIVERSIDAD\REPOSITORIOSGIT\SW\ENTREGA\RATIONAL\Diagramas_ITER2_&_ITER3\Diagrama_Clases_Reducido_rpy\Aplicacion.sbs on Wednesday, January 02, 2019 (16:46:06).-

01, 02, 2019 (16:46:06): Opening rpy file D:\UNIVERSIDAD\REPOSITORIOSGIT\SW\ENTREGA\RATIONAL\Diagramas_ITER2_&_ITER3\Diagrama_Clases_Reducido_rpy\DefaultComponent.cmp
01, 02, 2019 (16:46:06): 
 Started loading D:\UNIVERSIDAD\REPOSITORIOSGIT\SW\ENTREGA\RATIONAL\Diagramas_ITER2_&_ITER3\Diagrama_Clases_Reducido_rpy\DefaultComponent.cmp on Wednesday, January 02, 2019 (16:46:06).-

01, 02, 2019 (16:46:06): 

Starting inUnit resolution phase


01, 02, 2019 (16:46:06): 

Finished inUnit resolution phase


01, 02, 2019 (16:46:06): 
 Finished loading D:\UNIVERSIDAD\REPOSITORIOSGIT\SW\ENTREGA\RATIONAL\Diagramas_ITER2_&_ITER3\Diagrama_Clases_Reducido_rpy\DefaultComponent.cmp on Wednesday, January 02, 2019 (16:46:06).-

01, 02, 2019 (16:46:06): Opening rpy file D:\UNIVERSIDAD\REPOSITORIOSGIT\SW\ENTREGA\RATIONAL\Diagramas_ITER2_&_ITER3\Diagrama_Clases_Reducido_rpy\ClasesDominioCliente.cmp
01, 02, 2019 (16:46:06): 
 Started loading D:\UNIVERSIDAD\REPOSITORIOSGIT\SW\ENTREGA\RATIONAL\Diagramas_ITER2_&_ITER3\Diagrama_Clases_Reducido_rpy\ClasesDominioCliente.cmp on Wednesday, January 02, 2019 (16:46:06).-

01, 02, 2019 (16:46:06): 

Starting inUnit resolution phase


01, 02, 2019 (16:46:06): 

Finished inUnit resolution phase


01, 02, 2019 (16:46:06): 
 Finished loading D:\UNIVERSIDAD\REPOSITORIOSGIT\SW\ENTREGA\RATIONAL\Diagramas_ITER2_&_ITER3\Diagrama_Clases_Reducido_rpy\ClasesDominioCliente.cmp on Wednesday, January 02, 2019 (16:46:06).-

01, 02, 2019 (16:46:06): Opening rpy file D:\UNIVERSIDAD\REPOSITORIOSGIT\SW\ENTREGA\RATIONAL\Diagramas_ITER2_&_ITER3\Diagrama_Clases_Reducido_rpy\Sistema.cmp
01, 02, 2019 (16:46:06): 
 Started loading D:\UNIVERSIDAD\REPOSITORIOSGIT\SW\ENTREGA\RATIONAL\Diagramas_ITER2_&_ITER3\Diagrama_Clases_Reducido_rpy\Sistema.cmp on Wednesday, January 02, 2019 (16:46:06).-

01, 02, 2019 (16:46:06): 

Starting inUnit resolution phase


01, 02, 2019 (16:46:06): 

Finished inUnit resolution phase


01, 02, 2019 (16:46:06): 
 Finished loading D:\UNIVERSIDAD\REPOSITORIOSGIT\SW\ENTREGA\RATIONAL\Diagramas_ITER2_&_ITER3\Diagrama_Clases_Reducido_rpy\Sistema.cmp on Wednesday, January 02, 2019 (16:46:06).-

01, 02, 2019 (16:46:06): Opening rpy file D:\UNIVERSIDAD\REPOSITORIOSGIT\SW\ENTREGA\RATIONAL\Diagramas_ITER2_&_ITER3\Diagrama_Clases_Reducido_rpy\InterfazUsuarioCliente.cmp
01, 02, 2019 (16:46:06): 
 Started loading D:\UNIVERSIDAD\REPOSITORIOSGIT\SW\ENTREGA\RATIONAL\Diagramas_ITER2_&_ITER3\Diagrama_Clases_Reducido_rpy\InterfazUsuarioCliente.cmp on Wednesday, January 02, 2019 (16:46:06).-

01, 02, 2019 (16:46:06): 

Starting inUnit resolution phase


01, 02, 2019 (16:46:06): 

Finished inUnit resolution phase


01, 02, 2019 (16:46:06): 
 Finished loading D:\UNIVERSIDAD\REPOSITORIOSGIT\SW\ENTREGA\RATIONAL\Diagramas_ITER2_&_ITER3\Diagrama_Clases_Reducido_rpy\InterfazUsuarioCliente.cmp on Wednesday, January 02, 2019 (16:46:06).-

01, 02, 2019 (16:46:06): Opening rpy file D:\UNIVERSIDAD\REPOSITORIOSGIT\SW\ENTREGA\RATIONAL\Diagramas_ITER2_&_ITER3\Diagrama_Clases_Reducido_rpy\Fachada.cmp
01, 02, 2019 (16:46:06): 
 Started loading D:\UNIVERSIDAD\REPOSITORIOSGIT\SW\ENTREGA\RATIONAL\Diagramas_ITER2_&_ITER3\Diagrama_Clases_Reducido_rpy\Fachada.cmp on Wednesday, January 02, 2019 (16:46:06).-

01, 02, 2019 (16:46:06): 

Starting inUnit resolution phase


01, 02, 2019 (16:46:06): 

Finished inUnit resolution phase


01, 02, 2019 (16:46:06): 
 Finished loading D:\UNIVERSIDAD\REPOSITORIOSGIT\SW\ENTREGA\RATIONAL\Diagramas_ITER2_&_ITER3\Diagrama_Clases_Reducido_rpy\Fachada.cmp on Wednesday, January 02, 2019 (16:46:06).-

01, 02, 2019 (16:46:06): Opening rpy file D:\UNIVERSIDAD\REPOSITORIOSGIT\SW\ENTREGA\RATIONAL\Diagramas_ITER2_&_ITER3\Diagrama_Clases_Reducido_rpy\ClasesDominioEscritorio.cmp
01, 02, 2019 (16:46:06): 
 Started loading D:\UNIVERSIDAD\REPOSITORIOSGIT\SW\ENTREGA\RATIONAL\Diagramas_ITER2_&_ITER3\Diagrama_Clases_Reducido_rpy\ClasesDominioEscritorio.cmp on Wednesday, January 02, 2019 (16:46:06).-

01, 02, 2019 (16:46:06): 

Starting inUnit resolution phase


01, 02, 2019 (16:46:06): 

Finished inUnit resolution phase


01, 02, 2019 (16:46:06): 
 Finished loading D:\UNIVERSIDAD\REPOSITORIOSGIT\SW\ENTREGA\RATIONAL\Diagramas_ITER2_&_ITER3\Diagrama_Clases_Reducido_rpy\ClasesDominioEscritorio.cmp on Wednesday, January 02, 2019 (16:46:06).-

01, 02, 2019 (16:46:06): Opening rpy file D:\UNIVERSIDAD\REPOSITORIOSGIT\SW\ENTREGA\RATIONAL\Diagramas_ITER2_&_ITER3\Diagrama_Clases_Reducido_rpy\GestorArchivos.cmp
01, 02, 2019 (16:46:06): 
 Started loading D:\UNIVERSIDAD\REPOSITORIOSGIT\SW\ENTREGA\RATIONAL\Diagramas_ITER2_&_ITER3\Diagrama_Clases_Reducido_rpy\GestorArchivos.cmp on Wednesday, January 02, 2019 (16:46:06).-

01, 02, 2019 (16:46:06): 

Starting inUnit resolution phase


01, 02, 2019 (16:46:06): 

Finished inUnit resolution phase


01, 02, 2019 (16:46:06): 
 Finished loading D:\UNIVERSIDAD\REPOSITORIOSGIT\SW\ENTREGA\RATIONAL\Diagramas_ITER2_&_ITER3\Diagrama_Clases_Reducido_rpy\GestorArchivos.cmp on Wednesday, January 02, 2019 (16:46:06).-

01, 02, 2019 (16:46:06): Opening rpy file D:\UNIVERSIDAD\REPOSITORIOSGIT\SW\ENTREGA\RATIONAL\Diagramas_ITER2_&_ITER3\Diagrama_Clases_Reducido_rpy\InterfazUsuarioEscritorio.cmp
01, 02, 2019 (16:46:06): 
 Started loading D:\UNIVERSIDAD\REPOSITORIOSGIT\SW\ENTREGA\RATIONAL\Diagramas_ITER2_&_ITER3\Diagrama_Clases_Reducido_rpy\InterfazUsuarioEscritorio.cmp on Wednesday, January 02, 2019 (16:46:06).-

01, 02, 2019 (16:46:06): 

Starting inUnit resolution phase


01, 02, 2019 (16:46:06): 

Finished inUnit resolution phase


01, 02, 2019 (16:46:06): 
 Finished loading D:\UNIVERSIDAD\REPOSITORIOSGIT\SW\ENTREGA\RATIONAL\Diagramas_ITER2_&_ITER3\Diagrama_Clases_Reducido_rpy\InterfazUsuarioEscritorio.cmp on Wednesday, January 02, 2019 (16:46:06).-

01, 02, 2019 (16:46:06): Opening rpy file D:\UNIVERSIDAD\REPOSITORIOSGIT\SW\ENTREGA\RATIONAL\Diagramas_ITER2_&_ITER3\Diagrama_Clases_Reducido_rpy\BaseDatos.cmp
01, 02, 2019 (16:46:06): 
 Started loading D:\UNIVERSIDAD\REPOSITORIOSGIT\SW\ENTREGA\RATIONAL\Diagramas_ITER2_&_ITER3\Diagrama_Clases_Reducido_rpy\BaseDatos.cmp on Wednesday, January 02, 2019 (16:46:06).-

01, 02, 2019 (16:46:06): 

Starting inUnit resolution phase


01, 02, 2019 (16:46:06): 

Finished inUnit resolution phase


01, 02, 2019 (16:46:06): 
 Finished loading D:\UNIVERSIDAD\REPOSITORIOSGIT\SW\ENTREGA\RATIONAL\Diagramas_ITER2_&_ITER3\Diagrama_Clases_Reducido_rpy\BaseDatos.cmp on Wednesday, January 02, 2019 (16:46:06).-

01, 02, 2019 (16:46:06): Opening rpy file D:\UNIVERSIDAD\REPOSITORIOSGIT\SW\ENTREGA\RATIONAL\Diagramas_ITER2_&_ITER3\Diagrama_Clases_Reducido_rpy\ClasesDominioMovil.cmp
01, 02, 2019 (16:46:06): 
 Started loading D:\UNIVERSIDAD\REPOSITORIOSGIT\SW\ENTREGA\RATIONAL\Diagramas_ITER2_&_ITER3\Diagrama_Clases_Reducido_rpy\ClasesDominioMovil.cmp on Wednesday, January 02, 2019 (16:46:06).-

01, 02, 2019 (16:46:06): 

Starting inUnit resolution phase


01, 02, 2019 (16:46:06): 

Finished inUnit resolution phase


01, 02, 2019 (16:46:06): 
 Finished loading D:\UNIVERSIDAD\REPOSITORIOSGIT\SW\ENTREGA\RATIONAL\Diagramas_ITER2_&_ITER3\Diagrama_Clases_Reducido_rpy\ClasesDominioMovil.cmp on Wednesday, January 02, 2019 (16:46:06).-

01, 02, 2019 (16:46:06): Opening rpy file D:\UNIVERSIDAD\REPOSITORIOSGIT\SW\ENTREGA\RATIONAL\Diagramas_ITER2_&_ITER3\Diagrama_Clases_Reducido_rpy\InterfazUsuarioTecnico.cmp
01, 02, 2019 (16:46:06): 
 Started loading D:\UNIVERSIDAD\REPOSITORIOSGIT\SW\ENTREGA\RATIONAL\Diagramas_ITER2_&_ITER3\Diagrama_Clases_Reducido_rpy\InterfazUsuarioTecnico.cmp on Wednesday, January 02, 2019 (16:46:06).-

01, 02, 2019 (16:46:06): 

Starting inUnit resolution phase


01, 02, 2019 (16:46:06): 

Finished inUnit resolution phase


01, 02, 2019 (16:46:06): 
 Finished loading D:\UNIVERSIDAD\REPOSITORIOSGIT\SW\ENTREGA\RATIONAL\Diagramas_ITER2_&_ITER3\Diagrama_Clases_Reducido_rpy\InterfazUsuarioTecnico.cmp on Wednesday, January 02, 2019 (16:46:06).-

01, 02, 2019 (16:46:06): Opening rpy file D:\UNIVERSIDAD\REPOSITORIOSGIT\SW\ENTREGA\RATIONAL\Diagramas_ITER2_&_ITER3\Diagrama_Clases_Reducido_rpy\ClasesDominioSistema.cmp
01, 02, 2019 (16:46:06): 
 Started loading D:\UNIVERSIDAD\REPOSITORIOSGIT\SW\ENTREGA\RATIONAL\Diagramas_ITER2_&_ITER3\Diagrama_Clases_Reducido_rpy\ClasesDominioSistema.cmp on Wednesday, January 02, 2019 (16:46:06).-

01, 02, 2019 (16:46:06): 

Starting inUnit resolution phase


01, 02, 2019 (16:46:06): 

Finished inUnit resolution phase


01, 02, 2019 (16:46:06): 
 Finished loading D:\UNIVERSIDAD\REPOSITORIOSGIT\SW\ENTREGA\RATIONAL\Diagramas_ITER2_&_ITER3\Diagrama_Clases_Reducido_rpy\ClasesDominioSistema.cmp on Wednesday, January 02, 2019 (16:46:06).-

01, 02, 2019 (16:46:06): Opening rpy file D:\UNIVERSIDAD\REPOSITORIOSGIT\SW\ENTREGA\RATIONAL\Diagramas_ITER2_&_ITER3\Diagrama_Clases_Reducido_rpy\GeneradorEmail.cmp
01, 02, 2019 (16:46:06): 
 Started loading D:\UNIVERSIDAD\REPOSITORIOSGIT\SW\ENTREGA\RATIONAL\Diagramas_ITER2_&_ITER3\Diagrama_Clases_Reducido_rpy\GeneradorEmail.cmp on Wednesday, January 02, 2019 (16:46:06).-

01, 02, 2019 (16:46:06): 

Starting inUnit resolution phase


01, 02, 2019 (16:46:06): 

Finished inUnit resolution phase


01, 02, 2019 (16:46:06): 
 Finished loading D:\UNIVERSIDAD\REPOSITORIOSGIT\SW\ENTREGA\RATIONAL\Diagramas_ITER2_&_ITER3\Diagrama_Clases_Reducido_rpy\GeneradorEmail.cmp on Wednesday, January 02, 2019 (16:46:06).-

01, 02, 2019 (16:46:06): 

Starting inUnit resolution phase


01, 02, 2019 (16:46:06): 

Finished inUnit resolution phase


01, 02, 2019 (16:46:06): 

Starting inUnit resolution phase


01, 02, 2019 (16:46:06): 

Finished inUnit resolution phase


01, 02, 2019 (16:46:06): 

Starting inUnit resolution phase


01, 02, 2019 (16:46:06): 

Finished inUnit resolution phase


01, 02, 2019 (16:46:06): 
 Finished loading D:\UNIVERSIDAD\REPOSITORIOSGIT\SW\ENTREGA\RATIONAL\Diagramas_ITER2_&_ITER3\Diagrama_Clases_Reducido.rpy on Wednesday, January 02, 2019 (16:46:06).-

01, 02, 2019 (16:46:06): Starting checks of EventsBaseID conflicts
01, 02, 2019 (16:46:06): Finished checks of EventsBaseID conflicts
01, 02, 2019 (16:46:06): End Log
