11, 20, 2018 (18:56:52): Opening rpy file C:\Program Files (x86)\IBM\Rational\Rhapsody Modeler\7.5\Share\Properties\PredefinedTypes.sbs
11, 20, 2018 (18:56:52): 
 Started loading C:\Program Files (x86)\IBM\Rational\Rhapsody Modeler\7.5\Share\Properties\PredefinedTypes.sbs on Tuesday, November 20, 2018 (18:56:52).-

11, 20, 2018 (18:56:52): 

Starting inUnit resolution phase


11, 20, 2018 (18:56:52): 

Finished inUnit resolution phase


11, 20, 2018 (18:56:52): 
 Finished loading C:\Program Files (x86)\IBM\Rational\Rhapsody Modeler\7.5\Share\Properties\PredefinedTypes.sbs on Tuesday, November 20, 2018 (18:56:52).-

11, 20, 2018 (18:56:52): Opening rpy file C:\Program Files (x86)\IBM\Rational\Rhapsody Modeler\7.5\Share\Properties\PredefinedTypesC++.sbs
11, 20, 2018 (18:56:52): 
 Started loading C:\Program Files (x86)\IBM\Rational\Rhapsody Modeler\7.5\Share\Properties\PredefinedTypesC++.sbs on Tuesday, November 20, 2018 (18:56:52).-

11, 20, 2018 (18:56:52): 

Starting inUnit resolution phase


11, 20, 2018 (18:56:52): 

Finished inUnit resolution phase


11, 20, 2018 (18:56:52): 
 Finished loading C:\Program Files (x86)\IBM\Rational\Rhapsody Modeler\7.5\Share\Properties\PredefinedTypesC++.sbs on Tuesday, November 20, 2018 (18:56:52).-

11, 20, 2018 (18:56:52): Opening rpy file D:\UNIVERSIDAD\REPOSITORIOSGIT\SW\ITER1\RATIONAL\Casos de Uso\Casos_Uso_1\Casos_Uso.rpy
11, 20, 2018 (18:56:52): 
 Started loading D:\UNIVERSIDAD\REPOSITORIOSGIT\SW\ITER1\RATIONAL\Casos de Uso\Casos_Uso_1\Casos_Uso.rpy on Tuesday, November 20, 2018 (18:56:52).-

11, 20, 2018 (18:56:52): Opening rpy file D:\UNIVERSIDAD\REPOSITORIOSGIT\SW\ITER1\RATIONAL\Casos de Uso\Casos_Uso_1\Casos_Uso_rpy\Default.sbs
11, 20, 2018 (18:56:52): 
 Started loading D:\UNIVERSIDAD\REPOSITORIOSGIT\SW\ITER1\RATIONAL\Casos de Uso\Casos_Uso_1\Casos_Uso_rpy\Default.sbs on Tuesday, November 20, 2018 (18:56:52).-

11, 20, 2018 (18:56:52): 

Starting inUnit resolution phase


11, 20, 2018 (18:56:52): 

Finished inUnit resolution phase


11, 20, 2018 (18:56:52): 
 Finished loading D:\UNIVERSIDAD\REPOSITORIOSGIT\SW\ITER1\RATIONAL\Casos de Uso\Casos_Uso_1\Casos_Uso_rpy\Default.sbs on Tuesday, November 20, 2018 (18:56:52).-

11, 20, 2018 (18:56:52): Opening rpy file D:\UNIVERSIDAD\REPOSITORIOSGIT\SW\ITER1\RATIONAL\Casos de Uso\Casos_Uso_1\Casos_Uso_rpy\DefaultComponent.cmp
11, 20, 2018 (18:56:52): 
 Started loading D:\UNIVERSIDAD\REPOSITORIOSGIT\SW\ITER1\RATIONAL\Casos de Uso\Casos_Uso_1\Casos_Uso_rpy\DefaultComponent.cmp on Tuesday, November 20, 2018 (18:56:52).-

11, 20, 2018 (18:56:52): 

Starting inUnit resolution phase


11, 20, 2018 (18:56:52): 

Finished inUnit resolution phase


11, 20, 2018 (18:56:52): 
 Finished loading D:\UNIVERSIDAD\REPOSITORIOSGIT\SW\ITER1\RATIONAL\Casos de Uso\Casos_Uso_1\Casos_Uso_rpy\DefaultComponent.cmp on Tuesday, November 20, 2018 (18:56:52).-

11, 20, 2018 (18:56:52): 

Starting inUnit resolution phase


11, 20, 2018 (18:56:52): 

Finished inUnit resolution phase


11, 20, 2018 (18:56:52): 

Starting inUnit resolution phase


11, 20, 2018 (18:56:52): 

Finished inUnit resolution phase


11, 20, 2018 (18:56:52): 

Starting inUnit resolution phase


11, 20, 2018 (18:56:52): 

Finished inUnit resolution phase


11, 20, 2018 (18:56:52): 
 Finished loading D:\UNIVERSIDAD\REPOSITORIOSGIT\SW\ITER1\RATIONAL\Casos de Uso\Casos_Uso_1\Casos_Uso.rpy on Tuesday, November 20, 2018 (18:56:52).-

11, 20, 2018 (18:56:52): Starting checks of EventsBaseID conflicts
11, 20, 2018 (18:56:52): Finished checks of EventsBaseID conflicts
11, 20, 2018 (18:56:52): End Log
