09, 27, 2018 (17:09:41): Opening rpy file C:\Program Files (x86)\IBM\Rational\Rhapsody Modeler\7.5\Share\Properties\PredefinedTypes.sbs
09, 27, 2018 (17:09:41): 
 Started loading C:\Program Files (x86)\IBM\Rational\Rhapsody Modeler\7.5\Share\Properties\PredefinedTypes.sbs on Thursday, September 27, 2018 (17:09:41).-

09, 27, 2018 (17:09:41): 

Starting inUnit resolution phase


09, 27, 2018 (17:09:41): 

Finished inUnit resolution phase


09, 27, 2018 (17:09:41): 
 Finished loading C:\Program Files (x86)\IBM\Rational\Rhapsody Modeler\7.5\Share\Properties\PredefinedTypes.sbs on Thursday, September 27, 2018 (17:09:41).-

09, 27, 2018 (17:09:41): Opening rpy file C:\Program Files (x86)\IBM\Rational\Rhapsody Modeler\7.5\Share\Properties\PredefinedTypesC++.sbs
09, 27, 2018 (17:09:41): 
 Started loading C:\Program Files (x86)\IBM\Rational\Rhapsody Modeler\7.5\Share\Properties\PredefinedTypesC++.sbs on Thursday, September 27, 2018 (17:09:41).-

09, 27, 2018 (17:09:41): 

Starting inUnit resolution phase


09, 27, 2018 (17:09:41): 

Finished inUnit resolution phase


09, 27, 2018 (17:09:41): 
 Finished loading C:\Program Files (x86)\IBM\Rational\Rhapsody Modeler\7.5\Share\Properties\PredefinedTypesC++.sbs on Thursday, September 27, 2018 (17:09:41).-

09, 27, 2018 (17:09:41): Opening rpy file C:\githubsoftware\SW\ITER1\Casos de Uso\Casos_Uso\Casos_Uso.rpy
09, 27, 2018 (17:09:41): 
 Started loading C:\githubsoftware\SW\ITER1\Casos de Uso\Casos_Uso\Casos_Uso.rpy on Thursday, September 27, 2018 (17:09:41).-

09, 27, 2018 (17:09:41): Opening rpy file C:\githubsoftware\SW\ITER1\Casos de Uso\Casos_Uso\Casos_Uso_rpy\Default.sbs
09, 27, 2018 (17:09:41): 
 Started loading C:\githubsoftware\SW\ITER1\Casos de Uso\Casos_Uso\Casos_Uso_rpy\Default.sbs on Thursday, September 27, 2018 (17:09:41).-

09, 27, 2018 (17:09:41): 

Starting inUnit resolution phase


09, 27, 2018 (17:09:41): 

Finished inUnit resolution phase


09, 27, 2018 (17:09:41): 
 Finished loading C:\githubsoftware\SW\ITER1\Casos de Uso\Casos_Uso\Casos_Uso_rpy\Default.sbs on Thursday, September 27, 2018 (17:09:41).-

09, 27, 2018 (17:09:41): Opening rpy file C:\githubsoftware\SW\ITER1\Casos de Uso\Casos_Uso\Casos_Uso_rpy\DefaultComponent.cmp
09, 27, 2018 (17:09:41): 
 Started loading C:\githubsoftware\SW\ITER1\Casos de Uso\Casos_Uso\Casos_Uso_rpy\DefaultComponent.cmp on Thursday, September 27, 2018 (17:09:41).-

09, 27, 2018 (17:09:41): 

Starting inUnit resolution phase


09, 27, 2018 (17:09:41): 

Finished inUnit resolution phase


09, 27, 2018 (17:09:41): 
 Finished loading C:\githubsoftware\SW\ITER1\Casos de Uso\Casos_Uso\Casos_Uso_rpy\DefaultComponent.cmp on Thursday, September 27, 2018 (17:09:41).-

09, 27, 2018 (17:09:41): 

Starting inUnit resolution phase


09, 27, 2018 (17:09:41): 

Finished inUnit resolution phase


09, 27, 2018 (17:09:41): 

Starting inUnit resolution phase


09, 27, 2018 (17:09:41): 

Finished inUnit resolution phase


09, 27, 2018 (17:09:41): 

Starting inUnit resolution phase


09, 27, 2018 (17:09:41): 

Finished inUnit resolution phase


09, 27, 2018 (17:09:41): 
 Finished loading C:\githubsoftware\SW\ITER1\Casos de Uso\Casos_Uso\Casos_Uso.rpy on Thursday, September 27, 2018 (17:09:41).-

09, 27, 2018 (17:09:41): Starting checks of EventsBaseID conflicts
09, 27, 2018 (17:09:41): Finished checks of EventsBaseID conflicts
09, 27, 2018 (17:09:41): End Log
