<<<<<<< HEAD
10, 04, 2018 (13:23:08): Starting Pre-Save actions

10, 04, 2018 (13:23:08): Starting Dialogs Check/Save
10, 04, 2018 (13:23:08): Finished Dialogs Check/Save
10, 04, 2018 (13:23:08): Starting Controlled Files Resolution
10, 04, 2018 (13:23:08): Finished Controlled Files Resolution
10, 04, 2018 (13:23:08): Finished Pre-Save actions

10, 04, 2018 (13:23:08): Creating D:\gituni\SW\ITER1\Casos de Uso\Casos_Uso\Casos_Uso.rpy
10, 04, 2018 (13:23:08): 
Started writing D:\gituni\SW\ITER1\Casos de Uso\Casos_Uso\Casos_Uso.rpy on Thursday, October 04, 2018 (13:23:08)

10, 04, 2018 (13:23:08): version 8.5.2
10, 04, 2018 (13:23:08): 
Started writing D:\gituni\SW\ITER1\Casos de Uso\Casos_Uso\Casos_Uso_rpy\filesTable.dat on Thursday, October 04, 2018 (13:23:08)

10, 04, 2018 (13:23:08): Finished writing D:\gituni\SW\ITER1\Casos de Uso\Casos_Uso\Casos_Uso_rpy\filesTable.dat on Thursday, October 04, 2018 (13:23:08)

10, 04, 2018 (13:23:08): Finished writing D:\gituni\SW\ITER1\Casos de Uso\Casos_Uso\Casos_Uso.rpy on Thursday, October 04, 2018 (13:23:08)

10, 04, 2018 (13:23:08): End Log
=======
10, 02, 2018 (19:44:20): Starting Pre-Save actions

10, 02, 2018 (19:44:20): Starting Dialogs Check/Save
10, 02, 2018 (19:44:20): Finished Dialogs Check/Save
10, 02, 2018 (19:44:20): Starting Controlled Files Resolution
10, 02, 2018 (19:44:20): Finished Controlled Files Resolution
10, 02, 2018 (19:44:20): Finished Pre-Save actions

10, 02, 2018 (19:44:20): Creating M:\UNIVERSIDAD\REPOSITORIOS\SW\ITER1\Casos de Uso\Casos_Uso\Casos_Uso.rpy
10, 02, 2018 (19:44:20): 
Started writing M:\UNIVERSIDAD\REPOSITORIOS\SW\ITER1\Casos de Uso\Casos_Uso\Casos_Uso.rpy on Tuesday, October 02, 2018 (19:44:20)

10, 02, 2018 (19:44:20): version 8.5.2
10, 02, 2018 (19:44:20): 
Started writing M:\UNIVERSIDAD\REPOSITORIOS\SW\ITER1\Casos de Uso\Casos_Uso\Casos_Uso_rpy\filesTable.dat on Tuesday, October 02, 2018 (19:44:20)

10, 02, 2018 (19:44:20): Finished writing M:\UNIVERSIDAD\REPOSITORIOS\SW\ITER1\Casos de Uso\Casos_Uso\Casos_Uso_rpy\filesTable.dat on Tuesday, October 02, 2018 (19:44:20)

10, 02, 2018 (19:44:20): Creating M:\UNIVERSIDAD\REPOSITORIOS\SW\ITER1\Casos de Uso\Casos_Uso\Casos_Uso_rpy\Default.sbs
10, 02, 2018 (19:44:20): 
Started writing M:\UNIVERSIDAD\REPOSITORIOS\SW\ITER1\Casos de Uso\Casos_Uso\Casos_Uso_rpy\Default.sbs on Tuesday, October 02, 2018 (19:44:20)

10, 02, 2018 (19:44:20): version 8.5.2
10, 02, 2018 (19:44:20): Finished writing M:\UNIVERSIDAD\REPOSITORIOS\SW\ITER1\Casos de Uso\Casos_Uso\Casos_Uso_rpy\Default.sbs on Tuesday, October 02, 2018 (19:44:20)

10, 02, 2018 (19:44:20): Creating M:\UNIVERSIDAD\REPOSITORIOS\SW\ITER1\Casos de Uso\Casos_Uso\Casos_Uso_rpy\DefaultComponent.cmp
10, 02, 2018 (19:44:20): 
Started writing M:\UNIVERSIDAD\REPOSITORIOS\SW\ITER1\Casos de Uso\Casos_Uso\Casos_Uso_rpy\DefaultComponent.cmp on Tuesday, October 02, 2018 (19:44:20)

10, 02, 2018 (19:44:20): version 8.5.2
10, 02, 2018 (19:44:20): Finished writing M:\UNIVERSIDAD\REPOSITORIOS\SW\ITER1\Casos de Uso\Casos_Uso\Casos_Uso_rpy\DefaultComponent.cmp on Tuesday, October 02, 2018 (19:44:20)

10, 02, 2018 (19:44:20): Finished writing M:\UNIVERSIDAD\REPOSITORIOS\SW\ITER1\Casos de Uso\Casos_Uso\Casos_Uso.rpy on Tuesday, October 02, 2018 (19:44:20)

10, 02, 2018 (19:44:20): End Log
>>>>>>> a6d0035a63f059d60029d9b49494108a9768a58f
