11, 25, 2018 (19:50:14): Opening rpy file C:\Program Files (x86)\IBM\Rational\Rhapsody Modeler\7.5\Share\Properties\PredefinedTypes.sbs
11, 25, 2018 (19:50:14): 
 Started loading C:\Program Files (x86)\IBM\Rational\Rhapsody Modeler\7.5\Share\Properties\PredefinedTypes.sbs on Sunday, November 25, 2018 (19:50:14).-

11, 25, 2018 (19:50:14): 

Starting inUnit resolution phase


11, 25, 2018 (19:50:14): 

Finished inUnit resolution phase


11, 25, 2018 (19:50:14): 
 Finished loading C:\Program Files (x86)\IBM\Rational\Rhapsody Modeler\7.5\Share\Properties\PredefinedTypes.sbs on Sunday, November 25, 2018 (19:50:14).-

11, 25, 2018 (19:50:14): Opening rpy file C:\Program Files (x86)\IBM\Rational\Rhapsody Modeler\7.5\Share\Properties\PredefinedTypesC++.sbs
11, 25, 2018 (19:50:14): 
 Started loading C:\Program Files (x86)\IBM\Rational\Rhapsody Modeler\7.5\Share\Properties\PredefinedTypesC++.sbs on Sunday, November 25, 2018 (19:50:14).-

11, 25, 2018 (19:50:14): 

Starting inUnit resolution phase


11, 25, 2018 (19:50:14): 

Finished inUnit resolution phase


11, 25, 2018 (19:50:14): 
 Finished loading C:\Program Files (x86)\IBM\Rational\Rhapsody Modeler\7.5\Share\Properties\PredefinedTypesC++.sbs on Sunday, November 25, 2018 (19:50:14).-

11, 25, 2018 (19:50:14): Opening rpy file D:\UNIVERSIDAD\REPOSITORIOSGIT\SW\ITER2\RATIONAL\Casos de Uso\Casos_Uso_2_y_3\Casos_Uso.rpy
11, 25, 2018 (19:50:14): 
 Started loading D:\UNIVERSIDAD\REPOSITORIOSGIT\SW\ITER2\RATIONAL\Casos de Uso\Casos_Uso_2_y_3\Casos_Uso.rpy on Sunday, November 25, 2018 (19:50:14).-

11, 25, 2018 (19:50:14): Opening rpy file D:\UNIVERSIDAD\REPOSITORIOSGIT\SW\ITER2\RATIONAL\Casos de Uso\Casos_Uso_2_y_3\Casos_Uso_rpy\Default.sbs
11, 25, 2018 (19:50:14): 
 Started loading D:\UNIVERSIDAD\REPOSITORIOSGIT\SW\ITER2\RATIONAL\Casos de Uso\Casos_Uso_2_y_3\Casos_Uso_rpy\Default.sbs on Sunday, November 25, 2018 (19:50:14).-

11, 25, 2018 (19:50:14): 

Starting inUnit resolution phase


11, 25, 2018 (19:50:14): 

Finished inUnit resolution phase


11, 25, 2018 (19:50:14): 
 Finished loading D:\UNIVERSIDAD\REPOSITORIOSGIT\SW\ITER2\RATIONAL\Casos de Uso\Casos_Uso_2_y_3\Casos_Uso_rpy\Default.sbs on Sunday, November 25, 2018 (19:50:14).-

11, 25, 2018 (19:50:14): Opening rpy file D:\UNIVERSIDAD\REPOSITORIOSGIT\SW\ITER2\RATIONAL\Casos de Uso\Casos_Uso_2_y_3\Casos_Uso_rpy\DefaultComponent.cmp
11, 25, 2018 (19:50:14): 
 Started loading D:\UNIVERSIDAD\REPOSITORIOSGIT\SW\ITER2\RATIONAL\Casos de Uso\Casos_Uso_2_y_3\Casos_Uso_rpy\DefaultComponent.cmp on Sunday, November 25, 2018 (19:50:14).-

11, 25, 2018 (19:50:14): 

Starting inUnit resolution phase


11, 25, 2018 (19:50:14): 

Finished inUnit resolution phase


11, 25, 2018 (19:50:14): 
 Finished loading D:\UNIVERSIDAD\REPOSITORIOSGIT\SW\ITER2\RATIONAL\Casos de Uso\Casos_Uso_2_y_3\Casos_Uso_rpy\DefaultComponent.cmp on Sunday, November 25, 2018 (19:50:14).-

11, 25, 2018 (19:50:14): 

Starting inUnit resolution phase


11, 25, 2018 (19:50:14): 

Finished inUnit resolution phase


11, 25, 2018 (19:50:14): 

Starting inUnit resolution phase


11, 25, 2018 (19:50:14): 

Finished inUnit resolution phase


11, 25, 2018 (19:50:14): 

Starting inUnit resolution phase


11, 25, 2018 (19:50:14): 

Finished inUnit resolution phase


11, 25, 2018 (19:50:14): 
 Finished loading D:\UNIVERSIDAD\REPOSITORIOSGIT\SW\ITER2\RATIONAL\Casos de Uso\Casos_Uso_2_y_3\Casos_Uso.rpy on Sunday, November 25, 2018 (19:50:14).-

11, 25, 2018 (19:50:14): Starting checks of EventsBaseID conflicts
11, 25, 2018 (19:50:14): Finished checks of EventsBaseID conflicts
11, 25, 2018 (19:50:14): End Log
