11, 24, 2018 (10:17:17): Starting Pre-Save actions

11, 24, 2018 (10:17:17): Starting Dialogs Check/Save
11, 24, 2018 (10:17:17): Finished Dialogs Check/Save
11, 24, 2018 (10:17:17): Starting Controlled Files Resolution
11, 24, 2018 (10:17:17): Finished Controlled Files Resolution
11, 24, 2018 (10:17:17): Finished Pre-Save actions

11, 24, 2018 (10:17:17): Creating D:\UNIVERSIDAD\REPOSITORIOSGIT\SW\ITER2\RATIONAL\Casos de Uso\Casos_Uso_2_y_3\Casos_Uso.rpy
11, 24, 2018 (10:17:17): 
Started writing D:\UNIVERSIDAD\REPOSITORIOSGIT\SW\ITER2\RATIONAL\Casos de Uso\Casos_Uso_2_y_3\Casos_Uso.rpy on Saturday, November 24, 2018 (10:17:17)

11, 24, 2018 (10:17:17): version 8.5.2
11, 24, 2018 (10:17:17): 
Started writing D:\UNIVERSIDAD\REPOSITORIOSGIT\SW\ITER2\RATIONAL\Casos de Uso\Casos_Uso_2_y_3\Casos_Uso_rpy\filesTable.dat on Saturday, November 24, 2018 (10:17:17)

11, 24, 2018 (10:17:17): Finished writing D:\UNIVERSIDAD\REPOSITORIOSGIT\SW\ITER2\RATIONAL\Casos de Uso\Casos_Uso_2_y_3\Casos_Uso_rpy\filesTable.dat on Saturday, November 24, 2018 (10:17:17)

11, 24, 2018 (10:17:17): Creating D:\UNIVERSIDAD\REPOSITORIOSGIT\SW\ITER2\RATIONAL\Casos de Uso\Casos_Uso_2_y_3\Casos_Uso_rpy\Default.sbs
11, 24, 2018 (10:17:17): 
Started writing D:\UNIVERSIDAD\REPOSITORIOSGIT\SW\ITER2\RATIONAL\Casos de Uso\Casos_Uso_2_y_3\Casos_Uso_rpy\Default.sbs on Saturday, November 24, 2018 (10:17:17)

11, 24, 2018 (10:17:17): version 8.5.2
11, 24, 2018 (10:17:17): Finished writing D:\UNIVERSIDAD\REPOSITORIOSGIT\SW\ITER2\RATIONAL\Casos de Uso\Casos_Uso_2_y_3\Casos_Uso_rpy\Default.sbs on Saturday, November 24, 2018 (10:17:17)

11, 24, 2018 (10:17:17): Finished writing D:\UNIVERSIDAD\REPOSITORIOSGIT\SW\ITER2\RATIONAL\Casos de Uso\Casos_Uso_2_y_3\Casos_Uso.rpy on Saturday, November 24, 2018 (10:17:17)

11, 24, 2018 (10:17:17): End Log
