01, 02, 2019 (16:13:21): Opening rpy file C:\Program Files (x86)\IBM\Rational\Rhapsody Modeler\7.5\Share\Properties\PredefinedTypes.sbs
01, 02, 2019 (16:13:21): 
 Started loading C:\Program Files (x86)\IBM\Rational\Rhapsody Modeler\7.5\Share\Properties\PredefinedTypes.sbs on Wednesday, January 02, 2019 (16:13:21).-

01, 02, 2019 (16:13:21): 

Starting inUnit resolution phase


01, 02, 2019 (16:13:21): 

Finished inUnit resolution phase


01, 02, 2019 (16:13:21): 
 Finished loading C:\Program Files (x86)\IBM\Rational\Rhapsody Modeler\7.5\Share\Properties\PredefinedTypes.sbs on Wednesday, January 02, 2019 (16:13:21).-

01, 02, 2019 (16:13:21): Opening rpy file C:\Program Files (x86)\IBM\Rational\Rhapsody Modeler\7.5\Share\Properties\PredefinedTypesC++.sbs
01, 02, 2019 (16:13:21): 
 Started loading C:\Program Files (x86)\IBM\Rational\Rhapsody Modeler\7.5\Share\Properties\PredefinedTypesC++.sbs on Wednesday, January 02, 2019 (16:13:21).-

01, 02, 2019 (16:13:21): 

Starting inUnit resolution phase


01, 02, 2019 (16:13:21): 

Finished inUnit resolution phase


01, 02, 2019 (16:13:21): 
 Finished loading C:\Program Files (x86)\IBM\Rational\Rhapsody Modeler\7.5\Share\Properties\PredefinedTypesC++.sbs on Wednesday, January 02, 2019 (16:13:21).-

01, 02, 2019 (16:13:21): Opening rpy file D:\UNIVERSIDAD\REPOSITORIOSGIT\SW\ITER3\RATIONAL\Casos de Uso\Casos_Uso_2_y_3\Casos_Uso.rpy
01, 02, 2019 (16:13:21): 
 Started loading D:\UNIVERSIDAD\REPOSITORIOSGIT\SW\ITER3\RATIONAL\Casos de Uso\Casos_Uso_2_y_3\Casos_Uso.rpy on Wednesday, January 02, 2019 (16:13:21).-

01, 02, 2019 (16:13:21): Opening rpy file D:\UNIVERSIDAD\REPOSITORIOSGIT\SW\ITER3\RATIONAL\Casos de Uso\Casos_Uso_2_y_3\Casos_Uso_rpy\Default.sbs
01, 02, 2019 (16:13:21): 
 Started loading D:\UNIVERSIDAD\REPOSITORIOSGIT\SW\ITER3\RATIONAL\Casos de Uso\Casos_Uso_2_y_3\Casos_Uso_rpy\Default.sbs on Wednesday, January 02, 2019 (16:13:21).-

01, 02, 2019 (16:13:21): 

Starting inUnit resolution phase


01, 02, 2019 (16:13:21): 

Finished inUnit resolution phase


01, 02, 2019 (16:13:21): 
 Finished loading D:\UNIVERSIDAD\REPOSITORIOSGIT\SW\ITER3\RATIONAL\Casos de Uso\Casos_Uso_2_y_3\Casos_Uso_rpy\Default.sbs on Wednesday, January 02, 2019 (16:13:21).-

01, 02, 2019 (16:13:21): Opening rpy file D:\UNIVERSIDAD\REPOSITORIOSGIT\SW\ITER3\RATIONAL\Casos de Uso\Casos_Uso_2_y_3\Casos_Uso_rpy\DefaultComponent.cmp
01, 02, 2019 (16:13:21): 
 Started loading D:\UNIVERSIDAD\REPOSITORIOSGIT\SW\ITER3\RATIONAL\Casos de Uso\Casos_Uso_2_y_3\Casos_Uso_rpy\DefaultComponent.cmp on Wednesday, January 02, 2019 (16:13:21).-

01, 02, 2019 (16:13:21): 

Starting inUnit resolution phase


01, 02, 2019 (16:13:21): 

Finished inUnit resolution phase


01, 02, 2019 (16:13:21): 
 Finished loading D:\UNIVERSIDAD\REPOSITORIOSGIT\SW\ITER3\RATIONAL\Casos de Uso\Casos_Uso_2_y_3\Casos_Uso_rpy\DefaultComponent.cmp on Wednesday, January 02, 2019 (16:13:21).-

01, 02, 2019 (16:13:21): 

Starting inUnit resolution phase


01, 02, 2019 (16:13:21): 

Finished inUnit resolution phase


01, 02, 2019 (16:13:21): 

Starting inUnit resolution phase


01, 02, 2019 (16:13:21): 

Finished inUnit resolution phase


01, 02, 2019 (16:13:21): 

Starting inUnit resolution phase


01, 02, 2019 (16:13:21): 

Finished inUnit resolution phase


01, 02, 2019 (16:13:21): 
 Finished loading D:\UNIVERSIDAD\REPOSITORIOSGIT\SW\ITER3\RATIONAL\Casos de Uso\Casos_Uso_2_y_3\Casos_Uso.rpy on Wednesday, January 02, 2019 (16:13:21).-

01, 02, 2019 (16:13:21): Starting checks of EventsBaseID conflicts
01, 02, 2019 (16:13:21): Finished checks of EventsBaseID conflicts
01, 02, 2019 (16:13:21): End Log
