11, 24, 2018 (11:32:31): Opening rpy file C:\Program Files (x86)\IBM\Rational\Rhapsody Modeler\7.5\Share\Properties\PredefinedTypes.sbs
11, 24, 2018 (11:32:31): 
 Started loading C:\Program Files (x86)\IBM\Rational\Rhapsody Modeler\7.5\Share\Properties\PredefinedTypes.sbs on Saturday, November 24, 2018 (11:32:31).-

11, 24, 2018 (11:32:31): 

Starting inUnit resolution phase


11, 24, 2018 (11:32:31): 

Finished inUnit resolution phase


11, 24, 2018 (11:32:31): 
 Finished loading C:\Program Files (x86)\IBM\Rational\Rhapsody Modeler\7.5\Share\Properties\PredefinedTypes.sbs on Saturday, November 24, 2018 (11:32:31).-

11, 24, 2018 (11:32:31): Opening rpy file C:\Program Files (x86)\IBM\Rational\Rhapsody Modeler\7.5\Share\Properties\PredefinedTypesC++.sbs
11, 24, 2018 (11:32:31): 
 Started loading C:\Program Files (x86)\IBM\Rational\Rhapsody Modeler\7.5\Share\Properties\PredefinedTypesC++.sbs on Saturday, November 24, 2018 (11:32:31).-

11, 24, 2018 (11:32:31): 

Starting inUnit resolution phase


11, 24, 2018 (11:32:31): 

Finished inUnit resolution phase


11, 24, 2018 (11:32:31): 
 Finished loading C:\Program Files (x86)\IBM\Rational\Rhapsody Modeler\7.5\Share\Properties\PredefinedTypesC++.sbs on Saturday, November 24, 2018 (11:32:31).-

11, 24, 2018 (11:32:31): Opening rpy file D:\UNIVERSIDAD\REPOSITORIOSGIT\SW\ITER2\RATIONAL\Diagrama de Clases\Project\Project.rpy
11, 24, 2018 (11:32:31): 
 Started loading D:\UNIVERSIDAD\REPOSITORIOSGIT\SW\ITER2\RATIONAL\Diagrama de Clases\Project\Project.rpy on Saturday, November 24, 2018 (11:32:31).-

11, 24, 2018 (11:32:31): Opening rpy file D:\UNIVERSIDAD\REPOSITORIOSGIT\SW\ITER2\RATIONAL\Diagrama de Clases\Project\Project_rpy\Default.sbs
11, 24, 2018 (11:32:31): 
 Started loading D:\UNIVERSIDAD\REPOSITORIOSGIT\SW\ITER2\RATIONAL\Diagrama de Clases\Project\Project_rpy\Default.sbs on Saturday, November 24, 2018 (11:32:31).-

11, 24, 2018 (11:32:31): 

Starting inUnit resolution phase


11, 24, 2018 (11:32:31): 

Finished inUnit resolution phase


11, 24, 2018 (11:32:31): 
 Finished loading D:\UNIVERSIDAD\REPOSITORIOSGIT\SW\ITER2\RATIONAL\Diagrama de Clases\Project\Project_rpy\Default.sbs on Saturday, November 24, 2018 (11:32:31).-

11, 24, 2018 (11:32:31): Opening rpy file D:\UNIVERSIDAD\REPOSITORIOSGIT\SW\ITER2\RATIONAL\Diagrama de Clases\Project\Project_rpy\DefaultComponent.cmp
11, 24, 2018 (11:32:31): 
 Started loading D:\UNIVERSIDAD\REPOSITORIOSGIT\SW\ITER2\RATIONAL\Diagrama de Clases\Project\Project_rpy\DefaultComponent.cmp on Saturday, November 24, 2018 (11:32:31).-

11, 24, 2018 (11:32:31): 

Starting inUnit resolution phase


11, 24, 2018 (11:32:31): 

Finished inUnit resolution phase


11, 24, 2018 (11:32:31): 
 Finished loading D:\UNIVERSIDAD\REPOSITORIOSGIT\SW\ITER2\RATIONAL\Diagrama de Clases\Project\Project_rpy\DefaultComponent.cmp on Saturday, November 24, 2018 (11:32:31).-

11, 24, 2018 (11:32:31): 

Starting inUnit resolution phase


11, 24, 2018 (11:32:31): 

Finished inUnit resolution phase


11, 24, 2018 (11:32:31): 

Starting inUnit resolution phase


11, 24, 2018 (11:32:31): 

Finished inUnit resolution phase


11, 24, 2018 (11:32:31): 

Starting inUnit resolution phase


11, 24, 2018 (11:32:31): 

Finished inUnit resolution phase


11, 24, 2018 (11:32:31): 
 Finished loading D:\UNIVERSIDAD\REPOSITORIOSGIT\SW\ITER2\RATIONAL\Diagrama de Clases\Project\Project.rpy on Saturday, November 24, 2018 (11:32:31).-

11, 24, 2018 (11:32:31): Starting checks of EventsBaseID conflicts
11, 24, 2018 (11:32:31): Finished checks of EventsBaseID conflicts
11, 24, 2018 (11:32:31): End Log
