11, 24, 2018 (11:04:37): Opening rpy file C:\Program Files (x86)\IBM\Rational\Rhapsody Modeler\7.5\Share\Properties\PredefinedTypes.sbs
11, 24, 2018 (11:04:37): 
 Started loading C:\Program Files (x86)\IBM\Rational\Rhapsody Modeler\7.5\Share\Properties\PredefinedTypes.sbs on Saturday, November 24, 2018 (11:04:37).-

11, 24, 2018 (11:04:37): 

Starting inUnit resolution phase


11, 24, 2018 (11:04:37): 

Finished inUnit resolution phase


11, 24, 2018 (11:04:37): 
 Finished loading C:\Program Files (x86)\IBM\Rational\Rhapsody Modeler\7.5\Share\Properties\PredefinedTypes.sbs on Saturday, November 24, 2018 (11:04:37).-

11, 24, 2018 (11:04:37): Opening rpy file C:\Program Files (x86)\IBM\Rational\Rhapsody Modeler\7.5\Share\Properties\PredefinedTypesC++.sbs
11, 24, 2018 (11:04:37): 
 Started loading C:\Program Files (x86)\IBM\Rational\Rhapsody Modeler\7.5\Share\Properties\PredefinedTypesC++.sbs on Saturday, November 24, 2018 (11:04:37).-

11, 24, 2018 (11:04:37): 

Starting inUnit resolution phase


11, 24, 2018 (11:04:37): 

Finished inUnit resolution phase


11, 24, 2018 (11:04:37): 
 Finished loading C:\Program Files (x86)\IBM\Rational\Rhapsody Modeler\7.5\Share\Properties\PredefinedTypesC++.sbs on Saturday, November 24, 2018 (11:04:37).-

11, 24, 2018 (11:04:37): Opening rpy file D:\UNIVERSIDAD\REPOSITORIOSGIT\SW\ITER2\RATIONAL\Casos de Uso\Diagrama_Estados\Diagrama_Estados.rpy
11, 24, 2018 (11:04:37): 
 Started loading D:\UNIVERSIDAD\REPOSITORIOSGIT\SW\ITER2\RATIONAL\Casos de Uso\Diagrama_Estados\Diagrama_Estados.rpy on Saturday, November 24, 2018 (11:04:37).-

11, 24, 2018 (11:04:37): Opening rpy file D:\UNIVERSIDAD\REPOSITORIOSGIT\SW\ITER2\RATIONAL\Casos de Uso\Diagrama_Estados\Diagrama_Estados_rpy\Default.sbs
11, 24, 2018 (11:04:37): 
 Started loading D:\UNIVERSIDAD\REPOSITORIOSGIT\SW\ITER2\RATIONAL\Casos de Uso\Diagrama_Estados\Diagrama_Estados_rpy\Default.sbs on Saturday, November 24, 2018 (11:04:37).-

11, 24, 2018 (11:04:37): 

Starting inUnit resolution phase


11, 24, 2018 (11:04:37): 

Finished inUnit resolution phase


11, 24, 2018 (11:04:37): 
 Finished loading D:\UNIVERSIDAD\REPOSITORIOSGIT\SW\ITER2\RATIONAL\Casos de Uso\Diagrama_Estados\Diagrama_Estados_rpy\Default.sbs on Saturday, November 24, 2018 (11:04:37).-

11, 24, 2018 (11:04:37): Opening rpy file D:\UNIVERSIDAD\REPOSITORIOSGIT\SW\ITER2\RATIONAL\Casos de Uso\Diagrama_Estados\Diagrama_Estados_rpy\DefaultComponent.cmp
11, 24, 2018 (11:04:37): 
 Started loading D:\UNIVERSIDAD\REPOSITORIOSGIT\SW\ITER2\RATIONAL\Casos de Uso\Diagrama_Estados\Diagrama_Estados_rpy\DefaultComponent.cmp on Saturday, November 24, 2018 (11:04:37).-

11, 24, 2018 (11:04:37): 

Starting inUnit resolution phase


11, 24, 2018 (11:04:37): 

Finished inUnit resolution phase


11, 24, 2018 (11:04:37): 
 Finished loading D:\UNIVERSIDAD\REPOSITORIOSGIT\SW\ITER2\RATIONAL\Casos de Uso\Diagrama_Estados\Diagrama_Estados_rpy\DefaultComponent.cmp on Saturday, November 24, 2018 (11:04:37).-

11, 24, 2018 (11:04:37): 

Starting inUnit resolution phase


11, 24, 2018 (11:04:37): 

Finished inUnit resolution phase


11, 24, 2018 (11:04:37): 

Starting inUnit resolution phase


11, 24, 2018 (11:04:37): 

Finished inUnit resolution phase


11, 24, 2018 (11:04:37): 

Starting inUnit resolution phase


11, 24, 2018 (11:04:37): 

Finished inUnit resolution phase


11, 24, 2018 (11:04:37): 
 Finished loading D:\UNIVERSIDAD\REPOSITORIOSGIT\SW\ITER2\RATIONAL\Casos de Uso\Diagrama_Estados\Diagrama_Estados.rpy on Saturday, November 24, 2018 (11:04:37).-

11, 24, 2018 (11:04:37): Starting checks of EventsBaseID conflicts
11, 24, 2018 (11:04:37): Finished checks of EventsBaseID conflicts
11, 24, 2018 (11:04:37): End Log
