11, 26, 2018 (22:15:58): Opening rpy file C:\Program Files (x86)\IBM\Rational\Rhapsody Modeler\7.5\Share\Properties\PredefinedTypes.sbs
11, 26, 2018 (22:15:58): 
 Started loading C:\Program Files (x86)\IBM\Rational\Rhapsody Modeler\7.5\Share\Properties\PredefinedTypes.sbs on Monday, November 26, 2018 (22:15:58).-

11, 26, 2018 (22:15:58): 

Starting inUnit resolution phase


11, 26, 2018 (22:15:58): 

Finished inUnit resolution phase


11, 26, 2018 (22:15:58): 
 Finished loading C:\Program Files (x86)\IBM\Rational\Rhapsody Modeler\7.5\Share\Properties\PredefinedTypes.sbs on Monday, November 26, 2018 (22:15:58).-

11, 26, 2018 (22:15:58): Opening rpy file C:\Program Files (x86)\IBM\Rational\Rhapsody Modeler\7.5\Share\Properties\PredefinedTypesC++.sbs
11, 26, 2018 (22:15:58): 
 Started loading C:\Program Files (x86)\IBM\Rational\Rhapsody Modeler\7.5\Share\Properties\PredefinedTypesC++.sbs on Monday, November 26, 2018 (22:15:58).-

11, 26, 2018 (22:15:58): 

Starting inUnit resolution phase


11, 26, 2018 (22:15:58): 

Finished inUnit resolution phase


11, 26, 2018 (22:15:58): 
 Finished loading C:\Program Files (x86)\IBM\Rational\Rhapsody Modeler\7.5\Share\Properties\PredefinedTypesC++.sbs on Monday, November 26, 2018 (22:15:58).-

11, 26, 2018 (22:15:58): Opening rpy file D:\gituni\SW\ITER2\RATIONAL\Diagrama_Clases_Reducido\Diagrama_Clases_Reducido.rpy
11, 26, 2018 (22:15:58): 
 Started loading D:\gituni\SW\ITER2\RATIONAL\Diagrama_Clases_Reducido\Diagrama_Clases_Reducido.rpy on Monday, November 26, 2018 (22:15:58).-

11, 26, 2018 (22:15:58): Opening rpy file D:\gituni\SW\ITER2\RATIONAL\Diagrama_Clases_Reducido\Diagrama_Clases_Reducido_rpy\Default.sbs
11, 26, 2018 (22:15:58): 
 Started loading D:\gituni\SW\ITER2\RATIONAL\Diagrama_Clases_Reducido\Diagrama_Clases_Reducido_rpy\Default.sbs on Monday, November 26, 2018 (22:15:58).-

11, 26, 2018 (22:15:58): 

Starting inUnit resolution phase


11, 26, 2018 (22:15:58): 

Finished inUnit resolution phase


11, 26, 2018 (22:15:58): 
 Finished loading D:\gituni\SW\ITER2\RATIONAL\Diagrama_Clases_Reducido\Diagrama_Clases_Reducido_rpy\Default.sbs on Monday, November 26, 2018 (22:15:58).-

11, 26, 2018 (22:15:58): Opening rpy file D:\gituni\SW\ITER2\RATIONAL\Diagrama_Clases_Reducido\Diagrama_Clases_Reducido_rpy\TipoDatos.sbs
11, 26, 2018 (22:15:58): 
 Started loading D:\gituni\SW\ITER2\RATIONAL\Diagrama_Clases_Reducido\Diagrama_Clases_Reducido_rpy\TipoDatos.sbs on Monday, November 26, 2018 (22:15:58).-

11, 26, 2018 (22:15:58): 

Starting inUnit resolution phase


11, 26, 2018 (22:15:58): 

Finished inUnit resolution phase


11, 26, 2018 (22:15:58): 
 Finished loading D:\gituni\SW\ITER2\RATIONAL\Diagrama_Clases_Reducido\Diagrama_Clases_Reducido_rpy\TipoDatos.sbs on Monday, November 26, 2018 (22:15:58).-

11, 26, 2018 (22:15:58): Opening rpy file D:\gituni\SW\ITER2\RATIONAL\Diagrama_Clases_Reducido\Diagrama_Clases_Reducido_rpy\DefaultComponent.cmp
11, 26, 2018 (22:15:58): 
 Started loading D:\gituni\SW\ITER2\RATIONAL\Diagrama_Clases_Reducido\Diagrama_Clases_Reducido_rpy\DefaultComponent.cmp on Monday, November 26, 2018 (22:15:58).-

11, 26, 2018 (22:15:58): 

Starting inUnit resolution phase


11, 26, 2018 (22:15:58): 

Finished inUnit resolution phase


11, 26, 2018 (22:15:58): 
 Finished loading D:\gituni\SW\ITER2\RATIONAL\Diagrama_Clases_Reducido\Diagrama_Clases_Reducido_rpy\DefaultComponent.cmp on Monday, November 26, 2018 (22:15:58).-

11, 26, 2018 (22:15:58): 

Starting inUnit resolution phase


11, 26, 2018 (22:15:58): 

Finished inUnit resolution phase


11, 26, 2018 (22:15:58): 

Starting inUnit resolution phase


11, 26, 2018 (22:15:58): 

Finished inUnit resolution phase


11, 26, 2018 (22:15:58): 

Starting inUnit resolution phase


11, 26, 2018 (22:15:58): 

Finished inUnit resolution phase


11, 26, 2018 (22:15:58): 
 Finished loading D:\gituni\SW\ITER2\RATIONAL\Diagrama_Clases_Reducido\Diagrama_Clases_Reducido.rpy on Monday, November 26, 2018 (22:15:58).-

11, 26, 2018 (22:15:58): Starting checks of EventsBaseID conflicts
11, 26, 2018 (22:15:58): Finished checks of EventsBaseID conflicts
11, 26, 2018 (22:15:58): End Log
