11, 25, 2018 (18:00:02): Starting Pre-Save actions

11, 25, 2018 (18:00:02): Starting Dialogs Check/Save
11, 25, 2018 (18:00:02): Finished Dialogs Check/Save
11, 25, 2018 (18:00:02): Starting Controlled Files Resolution
11, 25, 2018 (18:00:02): Finished Controlled Files Resolution
11, 25, 2018 (18:00:02): Finished Pre-Save actions

11, 25, 2018 (18:00:02): Creating D:\UNIVERSIDAD\REPOSITORIOSGIT\SW\ITER2\RATIONAL\Diagrama_Clases_Reducido\Diagrama_Clases_Reducido.rpy
11, 25, 2018 (18:00:02): 
Started writing D:\UNIVERSIDAD\REPOSITORIOSGIT\SW\ITER2\RATIONAL\Diagrama_Clases_Reducido\Diagrama_Clases_Reducido.rpy on Sunday, November 25, 2018 (18:00:02)

11, 25, 2018 (18:00:02): version 8.5.2
11, 25, 2018 (18:00:02): 
Started writing D:\UNIVERSIDAD\REPOSITORIOSGIT\SW\ITER2\RATIONAL\Diagrama_Clases_Reducido\Diagrama_Clases_Reducido_rpy\filesTable.dat on Sunday, November 25, 2018 (18:00:02)

11, 25, 2018 (18:00:02): Finished writing D:\UNIVERSIDAD\REPOSITORIOSGIT\SW\ITER2\RATIONAL\Diagrama_Clases_Reducido\Diagrama_Clases_Reducido_rpy\filesTable.dat on Sunday, November 25, 2018 (18:00:02)

11, 25, 2018 (18:00:02): Creating D:\UNIVERSIDAD\REPOSITORIOSGIT\SW\ITER2\RATIONAL\Diagrama_Clases_Reducido\Diagrama_Clases_Reducido_rpy\Default.sbs
11, 25, 2018 (18:00:02): 
Started writing D:\UNIVERSIDAD\REPOSITORIOSGIT\SW\ITER2\RATIONAL\Diagrama_Clases_Reducido\Diagrama_Clases_Reducido_rpy\Default.sbs on Sunday, November 25, 2018 (18:00:02)

11, 25, 2018 (18:00:02): version 8.5.2
11, 25, 2018 (18:00:02): Finished writing D:\UNIVERSIDAD\REPOSITORIOSGIT\SW\ITER2\RATIONAL\Diagrama_Clases_Reducido\Diagrama_Clases_Reducido_rpy\Default.sbs on Sunday, November 25, 2018 (18:00:02)

11, 25, 2018 (18:00:02): Finished writing D:\UNIVERSIDAD\REPOSITORIOSGIT\SW\ITER2\RATIONAL\Diagrama_Clases_Reducido\Diagrama_Clases_Reducido.rpy on Sunday, November 25, 2018 (18:00:02)

11, 25, 2018 (18:00:02): End Log
