12, 23, 2018 (12:15:16): Starting Pre-Save actions

12, 23, 2018 (12:15:16): Starting Dialogs Check/Save
12, 23, 2018 (12:15:16): Finished Dialogs Check/Save
12, 23, 2018 (12:15:16): Starting Controlled Files Resolution
12, 23, 2018 (12:15:16): Finished Controlled Files Resolution
12, 23, 2018 (12:15:16): Finished Pre-Save actions

12, 23, 2018 (12:15:16): Creating D:\UNIVERSIDAD\REPOSITORIOSGIT\SW\ITER3\RATIONAL\Casos de Uso\Casos_Uso_1\Casos_Uso.rpy
12, 23, 2018 (12:15:16): 
Started writing D:\UNIVERSIDAD\REPOSITORIOSGIT\SW\ITER3\RATIONAL\Casos de Uso\Casos_Uso_1\Casos_Uso.rpy on Sunday, December 23, 2018 (12:15:16)

12, 23, 2018 (12:15:16): version 8.5.2
12, 23, 2018 (12:15:16): 
Started writing D:\UNIVERSIDAD\REPOSITORIOSGIT\SW\ITER3\RATIONAL\Casos de Uso\Casos_Uso_1\Casos_Uso_rpy\filesTable.dat on Sunday, December 23, 2018 (12:15:16)

12, 23, 2018 (12:15:16): Finished writing D:\UNIVERSIDAD\REPOSITORIOSGIT\SW\ITER3\RATIONAL\Casos de Uso\Casos_Uso_1\Casos_Uso_rpy\filesTable.dat on Sunday, December 23, 2018 (12:15:16)

12, 23, 2018 (12:15:16): Creating D:\UNIVERSIDAD\REPOSITORIOSGIT\SW\ITER3\RATIONAL\Casos de Uso\Casos_Uso_1\Casos_Uso_rpy\Default.sbs
12, 23, 2018 (12:15:16): 
Started writing D:\UNIVERSIDAD\REPOSITORIOSGIT\SW\ITER3\RATIONAL\Casos de Uso\Casos_Uso_1\Casos_Uso_rpy\Default.sbs on Sunday, December 23, 2018 (12:15:16)

12, 23, 2018 (12:15:16): version 8.5.2
12, 23, 2018 (12:15:16): Finished writing D:\UNIVERSIDAD\REPOSITORIOSGIT\SW\ITER3\RATIONAL\Casos de Uso\Casos_Uso_1\Casos_Uso_rpy\Default.sbs on Sunday, December 23, 2018 (12:15:16)

12, 23, 2018 (12:15:16): Finished writing D:\UNIVERSIDAD\REPOSITORIOSGIT\SW\ITER3\RATIONAL\Casos de Uso\Casos_Uso_1\Casos_Uso.rpy on Sunday, December 23, 2018 (12:15:16)

12, 23, 2018 (12:15:16): End Log
