12, 23, 2018 (12:16:13): Starting Pre-Save actions

12, 23, 2018 (12:16:13): Starting Dialogs Check/Save
12, 23, 2018 (12:16:13): Finished Dialogs Check/Save
12, 23, 2018 (12:16:13): Starting Controlled Files Resolution
12, 23, 2018 (12:16:13): Finished Controlled Files Resolution
12, 23, 2018 (12:16:13): Finished Pre-Save actions

12, 23, 2018 (12:16:13): Creating D:\UNIVERSIDAD\REPOSITORIOSGIT\SW\ITER3\RATIONAL\Casos de Uso\Casos_Uso_2_y_3\Casos_Uso.rpy
12, 23, 2018 (12:16:13): 
Started writing D:\UNIVERSIDAD\REPOSITORIOSGIT\SW\ITER3\RATIONAL\Casos de Uso\Casos_Uso_2_y_3\Casos_Uso.rpy on Sunday, December 23, 2018 (12:16:13)

12, 23, 2018 (12:16:13): version 8.5.2
12, 23, 2018 (12:16:13): 
Started writing D:\UNIVERSIDAD\REPOSITORIOSGIT\SW\ITER3\RATIONAL\Casos de Uso\Casos_Uso_2_y_3\Casos_Uso_rpy\filesTable.dat on Sunday, December 23, 2018 (12:16:13)

12, 23, 2018 (12:16:13): Finished writing D:\UNIVERSIDAD\REPOSITORIOSGIT\SW\ITER3\RATIONAL\Casos de Uso\Casos_Uso_2_y_3\Casos_Uso_rpy\filesTable.dat on Sunday, December 23, 2018 (12:16:13)

12, 23, 2018 (12:16:13): Creating D:\UNIVERSIDAD\REPOSITORIOSGIT\SW\ITER3\RATIONAL\Casos de Uso\Casos_Uso_2_y_3\Casos_Uso_rpy\Default.sbs
12, 23, 2018 (12:16:13): 
Started writing D:\UNIVERSIDAD\REPOSITORIOSGIT\SW\ITER3\RATIONAL\Casos de Uso\Casos_Uso_2_y_3\Casos_Uso_rpy\Default.sbs on Sunday, December 23, 2018 (12:16:13)

12, 23, 2018 (12:16:13): version 8.5.2
12, 23, 2018 (12:16:13): Finished writing D:\UNIVERSIDAD\REPOSITORIOSGIT\SW\ITER3\RATIONAL\Casos de Uso\Casos_Uso_2_y_3\Casos_Uso_rpy\Default.sbs on Sunday, December 23, 2018 (12:16:13)

12, 23, 2018 (12:16:13): Finished writing D:\UNIVERSIDAD\REPOSITORIOSGIT\SW\ITER3\RATIONAL\Casos de Uso\Casos_Uso_2_y_3\Casos_Uso.rpy on Sunday, December 23, 2018 (12:16:13)

12, 23, 2018 (12:16:13): End Log
