11, 20, 2018 (08:48:19): Opening rpy file C:\Program Files (x86)\IBM\Rational\Rhapsody Modeler\7.5\Share\Properties\PredefinedTypes.sbs
11, 20, 2018 (08:48:19): 
 Started loading C:\Program Files (x86)\IBM\Rational\Rhapsody Modeler\7.5\Share\Properties\PredefinedTypes.sbs on Tuesday, November 20, 2018 (08:48:19).-

11, 20, 2018 (08:48:19): 

Starting inUnit resolution phase


11, 20, 2018 (08:48:19): 

Finished inUnit resolution phase


11, 20, 2018 (08:48:19): 
 Finished loading C:\Program Files (x86)\IBM\Rational\Rhapsody Modeler\7.5\Share\Properties\PredefinedTypes.sbs on Tuesday, November 20, 2018 (08:48:19).-

11, 20, 2018 (08:48:19): Opening rpy file C:\Program Files (x86)\IBM\Rational\Rhapsody Modeler\7.5\Share\Properties\PredefinedTypesC++.sbs
11, 20, 2018 (08:48:19): 
 Started loading C:\Program Files (x86)\IBM\Rational\Rhapsody Modeler\7.5\Share\Properties\PredefinedTypesC++.sbs on Tuesday, November 20, 2018 (08:48:19).-

11, 20, 2018 (08:48:19): 

Starting inUnit resolution phase


11, 20, 2018 (08:48:19): 

Finished inUnit resolution phase


11, 20, 2018 (08:48:19): 
 Finished loading C:\Program Files (x86)\IBM\Rational\Rhapsody Modeler\7.5\Share\Properties\PredefinedTypesC++.sbs on Tuesday, November 20, 2018 (08:48:19).-

11, 20, 2018 (08:48:19): Opening rpy file C:\Users\Usuario\OneDrive\UNIVERSIDAD\TERCER CURSO\INGENIERIA DEL SOFTWARE AVANZADA\LABORATORIO\SW\ITER1\Casos de Uso\Casos_Uso_2_y_3\Casos_Uso.rpy
11, 20, 2018 (08:48:19): 
 Started loading C:\Users\Usuario\OneDrive\UNIVERSIDAD\TERCER CURSO\INGENIERIA DEL SOFTWARE AVANZADA\LABORATORIO\SW\ITER1\Casos de Uso\Casos_Uso_2_y_3\Casos_Uso.rpy on Tuesday, November 20, 2018 (08:48:19).-

11, 20, 2018 (08:48:19): Opening rpy file C:\Users\Usuario\OneDrive\UNIVERSIDAD\TERCER CURSO\INGENIERIA DEL SOFTWARE AVANZADA\LABORATORIO\SW\ITER1\Casos de Uso\Casos_Uso_2_y_3\Casos_Uso_rpy\Default.sbs
11, 20, 2018 (08:48:19): 
 Started loading C:\Users\Usuario\OneDrive\UNIVERSIDAD\TERCER CURSO\INGENIERIA DEL SOFTWARE AVANZADA\LABORATORIO\SW\ITER1\Casos de Uso\Casos_Uso_2_y_3\Casos_Uso_rpy\Default.sbs on Tuesday, November 20, 2018 (08:48:19).-

11, 20, 2018 (08:48:19): 

Starting inUnit resolution phase


11, 20, 2018 (08:48:19): 

Finished inUnit resolution phase


11, 20, 2018 (08:48:19): 
 Finished loading C:\Users\Usuario\OneDrive\UNIVERSIDAD\TERCER CURSO\INGENIERIA DEL SOFTWARE AVANZADA\LABORATORIO\SW\ITER1\Casos de Uso\Casos_Uso_2_y_3\Casos_Uso_rpy\Default.sbs on Tuesday, November 20, 2018 (08:48:19).-

11, 20, 2018 (08:48:19): Opening rpy file C:\Users\Usuario\OneDrive\UNIVERSIDAD\TERCER CURSO\INGENIERIA DEL SOFTWARE AVANZADA\LABORATORIO\SW\ITER1\Casos de Uso\Casos_Uso_2_y_3\Casos_Uso_rpy\DefaultComponent.cmp
11, 20, 2018 (08:48:20): 
 Started loading C:\Users\Usuario\OneDrive\UNIVERSIDAD\TERCER CURSO\INGENIERIA DEL SOFTWARE AVANZADA\LABORATORIO\SW\ITER1\Casos de Uso\Casos_Uso_2_y_3\Casos_Uso_rpy\DefaultComponent.cmp on Tuesday, November 20, 2018 (08:48:20).-

11, 20, 2018 (08:48:20): 

Starting inUnit resolution phase


11, 20, 2018 (08:48:20): 

Finished inUnit resolution phase


11, 20, 2018 (08:48:20): 
 Finished loading C:\Users\Usuario\OneDrive\UNIVERSIDAD\TERCER CURSO\INGENIERIA DEL SOFTWARE AVANZADA\LABORATORIO\SW\ITER1\Casos de Uso\Casos_Uso_2_y_3\Casos_Uso_rpy\DefaultComponent.cmp on Tuesday, November 20, 2018 (08:48:20).-

11, 20, 2018 (08:48:20): 

Starting inUnit resolution phase


11, 20, 2018 (08:48:20): 

Finished inUnit resolution phase


11, 20, 2018 (08:48:20): 

Starting inUnit resolution phase


11, 20, 2018 (08:48:20): 

Finished inUnit resolution phase


11, 20, 2018 (08:48:20): 

Starting inUnit resolution phase


11, 20, 2018 (08:48:20): 

Finished inUnit resolution phase


11, 20, 2018 (08:48:20): 
 Finished loading C:\Users\Usuario\OneDrive\UNIVERSIDAD\TERCER CURSO\INGENIERIA DEL SOFTWARE AVANZADA\LABORATORIO\SW\ITER1\Casos de Uso\Casos_Uso_2_y_3\Casos_Uso.rpy on Tuesday, November 20, 2018 (08:48:20).-

11, 20, 2018 (08:48:20): Starting checks of EventsBaseID conflicts
11, 20, 2018 (08:48:20): Finished checks of EventsBaseID conflicts
11, 20, 2018 (08:48:20): End Log
