10, 30, 2018 (09:03:56): Starting Pre-Save actions

10, 30, 2018 (09:03:56): Starting Dialogs Check/Save
10, 30, 2018 (09:03:56): Finished Dialogs Check/Save
10, 30, 2018 (09:03:56): Starting Controlled Files Resolution
10, 30, 2018 (09:03:56): Finished Controlled Files Resolution
10, 30, 2018 (09:03:56): Finished Pre-Save actions

10, 30, 2018 (09:03:56): Creating D:\UNIVERSIDAD\REPOSITORIOSGIT\SW\ITER1\Casos de Uso\Casos_Uso_2_y_3\Casos_Uso.rpy
10, 30, 2018 (09:03:56): 
Started writing D:\UNIVERSIDAD\REPOSITORIOSGIT\SW\ITER1\Casos de Uso\Casos_Uso_2_y_3\Casos_Uso.rpy on Tuesday, October 30, 2018 (09:03:56)

10, 30, 2018 (09:03:56): version 8.5.2
10, 30, 2018 (09:03:56): 
Started writing D:\UNIVERSIDAD\REPOSITORIOSGIT\SW\ITER1\Casos de Uso\Casos_Uso_2_y_3\Casos_Uso_rpy\filesTable.dat on Tuesday, October 30, 2018 (09:03:56)

10, 30, 2018 (09:03:56): Finished writing D:\UNIVERSIDAD\REPOSITORIOSGIT\SW\ITER1\Casos de Uso\Casos_Uso_2_y_3\Casos_Uso_rpy\filesTable.dat on Tuesday, October 30, 2018 (09:03:56)

10, 30, 2018 (09:03:56): Creating D:\UNIVERSIDAD\REPOSITORIOSGIT\SW\ITER1\Casos de Uso\Casos_Uso_2_y_3\Casos_Uso_rpy\Default.sbs
10, 30, 2018 (09:03:56): 
Started writing D:\UNIVERSIDAD\REPOSITORIOSGIT\SW\ITER1\Casos de Uso\Casos_Uso_2_y_3\Casos_Uso_rpy\Default.sbs on Tuesday, October 30, 2018 (09:03:56)

10, 30, 2018 (09:03:56): version 8.5.2
10, 30, 2018 (09:03:57): Finished writing D:\UNIVERSIDAD\REPOSITORIOSGIT\SW\ITER1\Casos de Uso\Casos_Uso_2_y_3\Casos_Uso_rpy\Default.sbs on Tuesday, October 30, 2018 (09:03:57)

10, 30, 2018 (09:03:57): Finished writing D:\UNIVERSIDAD\REPOSITORIOSGIT\SW\ITER1\Casos de Uso\Casos_Uso_2_y_3\Casos_Uso.rpy on Tuesday, October 30, 2018 (09:03:57)

10, 30, 2018 (09:03:57): End Log
