11, 25, 2018 (23:51:17): Opening rpy file C:\Program Files (x86)\IBM\Rational\Rhapsody Modeler\7.5\Share\Properties\PredefinedTypes.sbs
11, 25, 2018 (23:51:17): 
 Started loading C:\Program Files (x86)\IBM\Rational\Rhapsody Modeler\7.5\Share\Properties\PredefinedTypes.sbs on Sunday, November 25, 2018 (23:51:17).-

11, 25, 2018 (23:51:17): 

Starting inUnit resolution phase


11, 25, 2018 (23:51:17): 

Finished inUnit resolution phase


11, 25, 2018 (23:51:17): 
 Finished loading C:\Program Files (x86)\IBM\Rational\Rhapsody Modeler\7.5\Share\Properties\PredefinedTypes.sbs on Sunday, November 25, 2018 (23:51:17).-

11, 25, 2018 (23:51:17): Opening rpy file C:\Program Files (x86)\IBM\Rational\Rhapsody Modeler\7.5\Share\Properties\PredefinedTypesC++.sbs
11, 25, 2018 (23:51:17): 
 Started loading C:\Program Files (x86)\IBM\Rational\Rhapsody Modeler\7.5\Share\Properties\PredefinedTypesC++.sbs on Sunday, November 25, 2018 (23:51:17).-

11, 25, 2018 (23:51:17): 

Starting inUnit resolution phase


11, 25, 2018 (23:51:17): 

Finished inUnit resolution phase


11, 25, 2018 (23:51:17): 
 Finished loading C:\Program Files (x86)\IBM\Rational\Rhapsody Modeler\7.5\Share\Properties\PredefinedTypesC++.sbs on Sunday, November 25, 2018 (23:51:17).-

11, 25, 2018 (23:51:17): Opening rpy file D:\gituni\SW\ITER2\RATIONAL\Casos de Uso\Diagrama_Estados\Diagrama_Estados.rpy
11, 25, 2018 (23:51:17): 
 Started loading D:\gituni\SW\ITER2\RATIONAL\Casos de Uso\Diagrama_Estados\Diagrama_Estados.rpy on Sunday, November 25, 2018 (23:51:17).-

11, 25, 2018 (23:51:17): Opening rpy file D:\gituni\SW\ITER2\RATIONAL\Casos de Uso\Diagrama_Estados\Diagrama_Estados_rpy\Default.sbs
11, 25, 2018 (23:51:17): 
 Started loading D:\gituni\SW\ITER2\RATIONAL\Casos de Uso\Diagrama_Estados\Diagrama_Estados_rpy\Default.sbs on Sunday, November 25, 2018 (23:51:17).-

11, 25, 2018 (23:51:17): 

Starting inUnit resolution phase


11, 25, 2018 (23:51:17): 

Finished inUnit resolution phase


11, 25, 2018 (23:51:17): 
 Finished loading D:\gituni\SW\ITER2\RATIONAL\Casos de Uso\Diagrama_Estados\Diagrama_Estados_rpy\Default.sbs on Sunday, November 25, 2018 (23:51:17).-

11, 25, 2018 (23:51:17): Opening rpy file D:\gituni\SW\ITER2\RATIONAL\Casos de Uso\Diagrama_Estados\Diagrama_Estados_rpy\DefaultComponent.cmp
11, 25, 2018 (23:51:17): 
 Started loading D:\gituni\SW\ITER2\RATIONAL\Casos de Uso\Diagrama_Estados\Diagrama_Estados_rpy\DefaultComponent.cmp on Sunday, November 25, 2018 (23:51:17).-

11, 25, 2018 (23:51:17): 

Starting inUnit resolution phase


11, 25, 2018 (23:51:17): 

Finished inUnit resolution phase


11, 25, 2018 (23:51:17): 
 Finished loading D:\gituni\SW\ITER2\RATIONAL\Casos de Uso\Diagrama_Estados\Diagrama_Estados_rpy\DefaultComponent.cmp on Sunday, November 25, 2018 (23:51:17).-

11, 25, 2018 (23:51:17): 

Starting inUnit resolution phase


11, 25, 2018 (23:51:17): 

Finished inUnit resolution phase


11, 25, 2018 (23:51:17): 

Starting inUnit resolution phase


11, 25, 2018 (23:51:17): 

Finished inUnit resolution phase


11, 25, 2018 (23:51:17): 

Starting inUnit resolution phase


11, 25, 2018 (23:51:17): 

Finished inUnit resolution phase


11, 25, 2018 (23:51:17): 
 Finished loading D:\gituni\SW\ITER2\RATIONAL\Casos de Uso\Diagrama_Estados\Diagrama_Estados.rpy on Sunday, November 25, 2018 (23:51:17).-

11, 25, 2018 (23:51:17): Starting checks of EventsBaseID conflicts
11, 25, 2018 (23:51:17): Finished checks of EventsBaseID conflicts
11, 25, 2018 (23:51:17): End Log
