12, 26, 2018 (18:55:20): Starting Pre-Save actions

12, 26, 2018 (18:55:20): Starting Dialogs Check/Save
12, 26, 2018 (18:55:20): Finished Dialogs Check/Save
12, 26, 2018 (18:55:20): Starting Controlled Files Resolution
12, 26, 2018 (18:55:20): Finished Controlled Files Resolution
12, 26, 2018 (18:55:20): Finished Pre-Save actions

12, 26, 2018 (18:55:20): Creating D:\gituni\SW\ITER3\RATIONAL\Diagrama_Clases_Reducido\Diagrama_Clases_Reducido.rpy
12, 26, 2018 (18:55:20): 
Started writing D:\gituni\SW\ITER3\RATIONAL\Diagrama_Clases_Reducido\Diagrama_Clases_Reducido.rpy on Wednesday, December 26, 2018 (18:55:20)

12, 26, 2018 (18:55:20): version 8.5.2
12, 26, 2018 (18:55:20): 
Started writing D:\gituni\SW\ITER3\RATIONAL\Diagrama_Clases_Reducido\Diagrama_Clases_Reducido_rpy\filesTable.dat on Wednesday, December 26, 2018 (18:55:20)

12, 26, 2018 (18:55:20): Finished writing D:\gituni\SW\ITER3\RATIONAL\Diagrama_Clases_Reducido\Diagrama_Clases_Reducido_rpy\filesTable.dat on Wednesday, December 26, 2018 (18:55:20)

12, 26, 2018 (18:55:20): Creating D:\gituni\SW\ITER3\RATIONAL\Diagrama_Clases_Reducido\Diagrama_Clases_Reducido_rpy\Default.sbs
12, 26, 2018 (18:55:20): 
Started writing D:\gituni\SW\ITER3\RATIONAL\Diagrama_Clases_Reducido\Diagrama_Clases_Reducido_rpy\Default.sbs on Wednesday, December 26, 2018 (18:55:20)

12, 26, 2018 (18:55:20): version 8.5.2
12, 26, 2018 (18:55:20): Finished writing D:\gituni\SW\ITER3\RATIONAL\Diagrama_Clases_Reducido\Diagrama_Clases_Reducido_rpy\Default.sbs on Wednesday, December 26, 2018 (18:55:20)

12, 26, 2018 (18:55:20): Creating D:\gituni\SW\ITER3\RATIONAL\Diagrama_Clases_Reducido\Diagrama_Clases_Reducido_rpy\GestorArchivos.cmp
12, 26, 2018 (18:55:20): 
Started writing D:\gituni\SW\ITER3\RATIONAL\Diagrama_Clases_Reducido\Diagrama_Clases_Reducido_rpy\GestorArchivos.cmp on Wednesday, December 26, 2018 (18:55:20)

12, 26, 2018 (18:55:20): version 8.5.2
12, 26, 2018 (18:55:20): Finished writing D:\gituni\SW\ITER3\RATIONAL\Diagrama_Clases_Reducido\Diagrama_Clases_Reducido_rpy\GestorArchivos.cmp on Wednesday, December 26, 2018 (18:55:20)

12, 26, 2018 (18:55:20): Finished writing D:\gituni\SW\ITER3\RATIONAL\Diagrama_Clases_Reducido\Diagrama_Clases_Reducido.rpy on Wednesday, December 26, 2018 (18:55:20)

12, 26, 2018 (18:55:20): End Log
