12, 11, 2018 (09:17:16): Opening rpy file C:\Program Files (x86)\IBM\Rational\Rhapsody Modeler\7.5\Share\Properties\PredefinedTypes.sbs
12, 11, 2018 (09:17:16): 
 Started loading C:\Program Files (x86)\IBM\Rational\Rhapsody Modeler\7.5\Share\Properties\PredefinedTypes.sbs on Tuesday, December 11, 2018 (09:17:16).-

12, 11, 2018 (09:17:16): 

Starting inUnit resolution phase


12, 11, 2018 (09:17:16): 

Finished inUnit resolution phase


12, 11, 2018 (09:17:16): 
 Finished loading C:\Program Files (x86)\IBM\Rational\Rhapsody Modeler\7.5\Share\Properties\PredefinedTypes.sbs on Tuesday, December 11, 2018 (09:17:16).-

12, 11, 2018 (09:17:16): Opening rpy file C:\Program Files (x86)\IBM\Rational\Rhapsody Modeler\7.5\Share\Properties\PredefinedTypesC++.sbs
12, 11, 2018 (09:17:16): 
 Started loading C:\Program Files (x86)\IBM\Rational\Rhapsody Modeler\7.5\Share\Properties\PredefinedTypesC++.sbs on Tuesday, December 11, 2018 (09:17:16).-

12, 11, 2018 (09:17:16): 

Starting inUnit resolution phase


12, 11, 2018 (09:17:16): 

Finished inUnit resolution phase


12, 11, 2018 (09:17:16): 
 Finished loading C:\Program Files (x86)\IBM\Rational\Rhapsody Modeler\7.5\Share\Properties\PredefinedTypesC++.sbs on Tuesday, December 11, 2018 (09:17:16).-

12, 11, 2018 (09:17:16): Opening rpy file D:\UNIVERSIDAD\REPOSITORIOSGIT\SW\ITER3\RATIONAL\Casos de Uso\Casos_Uso_1\Casos_Uso.rpy
12, 11, 2018 (09:17:16): 
 Started loading D:\UNIVERSIDAD\REPOSITORIOSGIT\SW\ITER3\RATIONAL\Casos de Uso\Casos_Uso_1\Casos_Uso.rpy on Tuesday, December 11, 2018 (09:17:16).-

12, 11, 2018 (09:17:16): Opening rpy file D:\UNIVERSIDAD\REPOSITORIOSGIT\SW\ITER3\RATIONAL\Casos de Uso\Casos_Uso_1\Casos_Uso_rpy\Default.sbs
12, 11, 2018 (09:17:16): 
 Started loading D:\UNIVERSIDAD\REPOSITORIOSGIT\SW\ITER3\RATIONAL\Casos de Uso\Casos_Uso_1\Casos_Uso_rpy\Default.sbs on Tuesday, December 11, 2018 (09:17:16).-

12, 11, 2018 (09:17:16): 

Starting inUnit resolution phase


12, 11, 2018 (09:17:16): 

Finished inUnit resolution phase


12, 11, 2018 (09:17:16): 
 Finished loading D:\UNIVERSIDAD\REPOSITORIOSGIT\SW\ITER3\RATIONAL\Casos de Uso\Casos_Uso_1\Casos_Uso_rpy\Default.sbs on Tuesday, December 11, 2018 (09:17:16).-

12, 11, 2018 (09:17:16): Opening rpy file D:\UNIVERSIDAD\REPOSITORIOSGIT\SW\ITER3\RATIONAL\Casos de Uso\Casos_Uso_1\Casos_Uso_rpy\DefaultComponent.cmp
12, 11, 2018 (09:17:16): 
 Started loading D:\UNIVERSIDAD\REPOSITORIOSGIT\SW\ITER3\RATIONAL\Casos de Uso\Casos_Uso_1\Casos_Uso_rpy\DefaultComponent.cmp on Tuesday, December 11, 2018 (09:17:16).-

12, 11, 2018 (09:17:16): 

Starting inUnit resolution phase


12, 11, 2018 (09:17:16): 

Finished inUnit resolution phase


12, 11, 2018 (09:17:16): 
 Finished loading D:\UNIVERSIDAD\REPOSITORIOSGIT\SW\ITER3\RATIONAL\Casos de Uso\Casos_Uso_1\Casos_Uso_rpy\DefaultComponent.cmp on Tuesday, December 11, 2018 (09:17:16).-

12, 11, 2018 (09:17:16): 

Starting inUnit resolution phase


12, 11, 2018 (09:17:16): 

Finished inUnit resolution phase


12, 11, 2018 (09:17:16): 

Starting inUnit resolution phase


12, 11, 2018 (09:17:16): 

Finished inUnit resolution phase


12, 11, 2018 (09:17:16): 

Starting inUnit resolution phase


12, 11, 2018 (09:17:16): 

Finished inUnit resolution phase


12, 11, 2018 (09:17:16): 
 Finished loading D:\UNIVERSIDAD\REPOSITORIOSGIT\SW\ITER3\RATIONAL\Casos de Uso\Casos_Uso_1\Casos_Uso.rpy on Tuesday, December 11, 2018 (09:17:16).-

12, 11, 2018 (09:17:16): Starting checks of EventsBaseID conflicts
12, 11, 2018 (09:17:16): Finished checks of EventsBaseID conflicts
12, 11, 2018 (09:17:16): End Log
