11, 07, 2018 (13:14:45): Opening rpy file C:\Program Files (x86)\IBM\Rational\Rhapsody Modeler\7.5\Share\Properties\PredefinedTypes.sbs
11, 07, 2018 (13:14:45): 
 Started loading C:\Program Files (x86)\IBM\Rational\Rhapsody Modeler\7.5\Share\Properties\PredefinedTypes.sbs on Wednesday, November 07, 2018 (13:14:45).-

11, 07, 2018 (13:14:45): 

Starting inUnit resolution phase


11, 07, 2018 (13:14:45): 

Finished inUnit resolution phase


11, 07, 2018 (13:14:45): 
 Finished loading C:\Program Files (x86)\IBM\Rational\Rhapsody Modeler\7.5\Share\Properties\PredefinedTypes.sbs on Wednesday, November 07, 2018 (13:14:45).-

11, 07, 2018 (13:14:45): Opening rpy file C:\Program Files (x86)\IBM\Rational\Rhapsody Modeler\7.5\Share\Properties\PredefinedTypesC++.sbs
11, 07, 2018 (13:14:45): 
 Started loading C:\Program Files (x86)\IBM\Rational\Rhapsody Modeler\7.5\Share\Properties\PredefinedTypesC++.sbs on Wednesday, November 07, 2018 (13:14:45).-

11, 07, 2018 (13:14:45): 

Starting inUnit resolution phase


11, 07, 2018 (13:14:45): 

Finished inUnit resolution phase


11, 07, 2018 (13:14:45): 
 Finished loading C:\Program Files (x86)\IBM\Rational\Rhapsody Modeler\7.5\Share\Properties\PredefinedTypesC++.sbs on Wednesday, November 07, 2018 (13:14:45).-

11, 07, 2018 (13:14:45): Opening rpy file D:\gituni\SW\ITER1\Casos de Uso\Casos_Uso_2_y_3\Casos_Uso.rpy
11, 07, 2018 (13:14:45): 
 Started loading D:\gituni\SW\ITER1\Casos de Uso\Casos_Uso_2_y_3\Casos_Uso.rpy on Wednesday, November 07, 2018 (13:14:45).-

11, 07, 2018 (13:14:45): Opening rpy file D:\gituni\SW\ITER1\Casos de Uso\Casos_Uso_2_y_3\Casos_Uso_rpy\Default.sbs
11, 07, 2018 (13:14:45): 
 Started loading D:\gituni\SW\ITER1\Casos de Uso\Casos_Uso_2_y_3\Casos_Uso_rpy\Default.sbs on Wednesday, November 07, 2018 (13:14:45).-

11, 07, 2018 (13:14:45): 

Starting inUnit resolution phase


11, 07, 2018 (13:14:45): 

Finished inUnit resolution phase


11, 07, 2018 (13:14:45): 
 Finished loading D:\gituni\SW\ITER1\Casos de Uso\Casos_Uso_2_y_3\Casos_Uso_rpy\Default.sbs on Wednesday, November 07, 2018 (13:14:45).-

11, 07, 2018 (13:14:45): Opening rpy file D:\gituni\SW\ITER1\Casos de Uso\Casos_Uso_2_y_3\Casos_Uso_rpy\DefaultComponent.cmp
11, 07, 2018 (13:14:45): 
 Started loading D:\gituni\SW\ITER1\Casos de Uso\Casos_Uso_2_y_3\Casos_Uso_rpy\DefaultComponent.cmp on Wednesday, November 07, 2018 (13:14:45).-

11, 07, 2018 (13:14:45): 

Starting inUnit resolution phase


11, 07, 2018 (13:14:45): 

Finished inUnit resolution phase


11, 07, 2018 (13:14:45): 
 Finished loading D:\gituni\SW\ITER1\Casos de Uso\Casos_Uso_2_y_3\Casos_Uso_rpy\DefaultComponent.cmp on Wednesday, November 07, 2018 (13:14:45).-

11, 07, 2018 (13:14:45): 

Starting inUnit resolution phase


11, 07, 2018 (13:14:45): 

Finished inUnit resolution phase


11, 07, 2018 (13:14:45): 

Starting inUnit resolution phase


11, 07, 2018 (13:14:45): 

Finished inUnit resolution phase


11, 07, 2018 (13:14:45): 

Starting inUnit resolution phase


11, 07, 2018 (13:14:45): 

Finished inUnit resolution phase


11, 07, 2018 (13:14:45): 
 Finished loading D:\gituni\SW\ITER1\Casos de Uso\Casos_Uso_2_y_3\Casos_Uso.rpy on Wednesday, November 07, 2018 (13:14:45).-

11, 07, 2018 (13:14:45): Starting checks of EventsBaseID conflicts
11, 07, 2018 (13:14:45): Finished checks of EventsBaseID conflicts
11, 07, 2018 (13:14:45): End Log
