10, 19, 2018 (17:25:48): Could not resolve Handle GUID 05a43fe0-6f85-4748-9602-169e3c90cedf
10, 19, 2018 (17:25:48): Could not resolve Handle GUID 05a43fe0-6f85-4748-9602-169e3c90cedf
10, 19, 2018 (17:25:48): Could not resolve Handle GUID 05a43fe0-6f85-4748-9602-169e3c90cedf
10, 19, 2018 (17:25:48): Could not resolve Handle GUID 05a43fe0-6f85-4748-9602-169e3c90cedf
10, 19, 2018 (17:25:48): Could not resolve Handle GUID 05a43fe0-6f85-4748-9602-169e3c90cedf
10, 19, 2018 (17:29:38): Could not resolve Handle GUID ab56f472-6696-458f-8012-cbea03221d83
10, 19, 2018 (17:29:38): Could not resolve Handle GUID ab56f472-6696-458f-8012-cbea03221d83
10, 19, 2018 (17:29:38): Could not resolve Handle GUID ab56f472-6696-458f-8012-cbea03221d83
10, 19, 2018 (17:29:38): Could not resolve Handle GUID ab56f472-6696-458f-8012-cbea03221d83
10, 19, 2018 (17:29:38): Could not resolve Handle GUID ab56f472-6696-458f-8012-cbea03221d83
10, 19, 2018 (17:29:38): Could not resolve Handle GUID ab56f472-6696-458f-8012-cbea03221d83
10, 19, 2018 (17:29:38): Could not resolve Handle GUID ab56f472-6696-458f-8012-cbea03221d83
10, 19, 2018 (17:29:38): Could not resolve Handle GUID ab56f472-6696-458f-8012-cbea03221d83
10, 19, 2018 (17:29:38): Could not resolve Handle GUID ab56f472-6696-458f-8012-cbea03221d83
10, 19, 2018 (17:29:38): Could not resolve Handle GUID ab56f472-6696-458f-8012-cbea03221d83
10, 19, 2018 (17:29:38): Could not resolve Handle GUID 18a33bcd-add2-494c-804c-4de87dcb289e
10, 19, 2018 (17:30:21): Could not resolve Handle GUID dffbe579-1d73-4ca3-842c-8d23f6a4cd03
10, 19, 2018 (17:30:21): Could not resolve Handle GUID dffbe579-1d73-4ca3-842c-8d23f6a4cd03
10, 19, 2018 (17:30:21): Could not resolve Handle GUID dffbe579-1d73-4ca3-842c-8d23f6a4cd03
10, 19, 2018 (17:30:21): Could not resolve Handle GUID dffbe579-1d73-4ca3-842c-8d23f6a4cd03
10, 19, 2018 (17:30:21): Could not resolve Handle GUID dffbe579-1d73-4ca3-842c-8d23f6a4cd03
10, 19, 2018 (17:30:21): Could not resolve Handle GUID dffbe579-1d73-4ca3-842c-8d23f6a4cd03
10, 19, 2018 (17:30:21): Could not resolve Handle GUID dffbe579-1d73-4ca3-842c-8d23f6a4cd03
10, 19, 2018 (17:30:21): Could not resolve Handle GUID f4e4ed29-ba51-45d6-808b-99d20150d76f
10, 30, 2018 (09:00:48): UR named: Solicitar Pedidos a Proveedores, of type IUseCase, and ID: a9dffcb7-9e00-479f-bfb1-5043878014aa was created. Owned by the Default Package.
11, 13, 2018 (08:21:08): File D:\UNIVERSIDAD\REPOSITORIOSGIT\SW\ITER1\Casos de Uso\Casos_Uso_2_y_3\Casos_Uso.rpw 
 Error (line 33) - Missing start attribute token (-)


11, 13, 2018 (08:21:08): File D:\UNIVERSIDAD\REPOSITORIOSGIT\SW\ITER1\Casos de Uso\Casos_Uso_2_y_3\Casos_Uso.rpw 
 Error (line 33) -  Aborting object


11, 13, 2018 (08:21:08): File D:\UNIVERSIDAD\REPOSITORIOSGIT\SW\ITER1\Casos de Uso\Casos_Uso_2_y_3\Casos_Uso.rpw 
 Error (line 34) - Found unexpected or superfluous Attribute _DownRight. 


11, 13, 2018 (08:21:08): File D:\UNIVERSIDAD\REPOSITORIOSGIT\SW\ITER1\Casos de Uso\Casos_Uso_2_y_3\Casos_Uso.rpw 
 Error (line 35) - Found unexpected or superfluous attribute value. 


11, 13, 2018 (08:21:08): File D:\UNIVERSIDAD\REPOSITORIOSGIT\SW\ITER1\Casos de Uso\Casos_Uso_2_y_3\Casos_Uso.rpw 
 Error (line 36) - Found unexpected or superfluous Attribute _DownRight. 


11, 13, 2018 (08:21:08): File D:\UNIVERSIDAD\REPOSITORIOSGIT\SW\ITER1\Casos de Uso\Casos_Uso_2_y_3\Casos_Uso.rpw 
 Error (line 38) - Found unexpected or superfluous Attribute _instanceName. 


11, 13, 2018 (08:21:08): File D:\UNIVERSIDAD\REPOSITORIOSGIT\SW\ITER1\Casos de Uso\Casos_Uso_2_y_3\Casos_Uso.rpw 
 Error (line 39) - Found unexpected or superfluous Attribute m_nDiagramIndex. 


11, 13, 2018 (08:21:08): File D:\UNIVERSIDAD\REPOSITORIOSGIT\SW\ITER1\Casos de Uso\Casos_Uso_2_y_3\Casos_Uso.rpw 
 Error (line 41) - Found unexpected or superfluous object. 


11, 13, 2018 (08:21:08): File D:\UNIVERSIDAD\REPOSITORIOSGIT\SW\ITER1\Casos de Uso\Casos_Uso_2_y_3\Casos_Uso.rpw 
 Error (line 64) - Missing start attribute token (-)


11, 13, 2018 (08:21:08): File D:\UNIVERSIDAD\REPOSITORIOSGIT\SW\ITER1\Casos de Uso\Casos_Uso_2_y_3\Casos_Uso.rpw 
 Error (line 64) -  Aborting object


11, 13, 2018 (08:21:08): File D:\UNIVERSIDAD\REPOSITORIOSGIT\SW\ITER1\Casos de Uso\Casos_Uso_2_y_3\Casos_Uso.rpw 
 Error (line 65) - Found unexpected or superfluous Attribute _UpLeft. 


11, 13, 2018 (08:21:08): File D:\UNIVERSIDAD\REPOSITORIOSGIT\SW\ITER1\Casos de Uso\Casos_Uso_2_y_3\Casos_Uso.rpw 
 Error (line 66) - Found unexpected or superfluous Attribute _DownRight. 


11, 13, 2018 (08:21:08): File D:\UNIVERSIDAD\REPOSITORIOSGIT\SW\ITER1\Casos de Uso\Casos_Uso_2_y_3\Casos_Uso.rpw 
 Error (line 67) - Found unexpected or superfluous attribute value. 


11, 13, 2018 (08:21:08): File D:\UNIVERSIDAD\REPOSITORIOSGIT\SW\ITER1\Casos de Uso\Casos_Uso_2_y_3\Casos_Uso.rpw 
 Error (line 68) - Found unexpected or superfluous Attribute _UpLeft. 


11, 13, 2018 (08:21:08): File D:\UNIVERSIDAD\REPOSITORIOSGIT\SW\ITER1\Casos de Uso\Casos_Uso_2_y_3\Casos_Uso.rpw 
 Error (line 69) - Found unexpected or superfluous Attribute _DownRight. 


11, 13, 2018 (08:21:08): File D:\UNIVERSIDAD\REPOSITORIOSGIT\SW\ITER1\Casos de Uso\Casos_Uso_2_y_3\Casos_Uso.rpw 
 Error (line 71) - Found unexpected or superfluous Attribute _instanceName. 


11, 13, 2018 (08:21:08): File D:\UNIVERSIDAD\REPOSITORIOSGIT\SW\ITER1\Casos de Uso\Casos_Uso_2_y_3\Casos_Uso.rpw 
 Error (line 72) - Found unexpected or superfluous Attribute m_nDiagramIndex. 


11, 13, 2018 (08:21:08): File D:\UNIVERSIDAD\REPOSITORIOSGIT\SW\ITER1\Casos de Uso\Casos_Uso_2_y_3\Casos_Uso.rpw 
 Error (line 74) - Found unexpected or superfluous object. 


11, 13, 2018 (08:21:08): File D:\UNIVERSIDAD\REPOSITORIOSGIT\SW\ITER1\Casos de Uso\Casos_Uso_2_y_3\Casos_Uso.rpw 
 Error (line 102) - Found unexpected or superfluous object. 


11, 13, 2018 (08:21:08): File D:\UNIVERSIDAD\REPOSITORIOSGIT\SW\ITER1\Casos de Uso\Casos_Uso_2_y_3\Casos_Uso.rpw 
 Error (line 130) - Found unexpected or superfluous object. 


11, 13, 2018 (08:21:08): File D:\UNIVERSIDAD\REPOSITORIOSGIT\SW\ITER1\Casos de Uso\Casos_Uso_2_y_3\Casos_Uso.rpw 
 Error (line 158) - Found unexpected or superfluous object. 


11, 13, 2018 (08:21:08): File D:\UNIVERSIDAD\REPOSITORIOSGIT\SW\ITER1\Casos de Uso\Casos_Uso_2_y_3\Casos_Uso.rpw 
 Error (line 186) - Found unexpected or superfluous object. 


11, 13, 2018 (08:21:08): File D:\UNIVERSIDAD\REPOSITORIOSGIT\SW\ITER1\Casos de Uso\Casos_Uso_2_y_3\Casos_Uso.rpw 
 Error (line 214) - Found unexpected or superfluous object. 


11, 13, 2018 (08:21:08): File D:\UNIVERSIDAD\REPOSITORIOSGIT\SW\ITER1\Casos de Uso\Casos_Uso_2_y_3\Casos_Uso.rpw 
 Error (line 242) - Found unexpected or superfluous object. 


11, 13, 2018 (08:21:08): File D:\UNIVERSIDAD\REPOSITORIOSGIT\SW\ITER1\Casos de Uso\Casos_Uso_2_y_3\Casos_Uso.rpw 
 Error (line 270) - Found unexpected or superfluous object. 


11, 13, 2018 (08:21:08): File D:\UNIVERSIDAD\REPOSITORIOSGIT\SW\ITER1\Casos de Uso\Casos_Uso_2_y_3\Casos_Uso.rpw 
 Error (line 298) - Found unexpected or superfluous object. 


11, 13, 2018 (08:21:08): File D:\UNIVERSIDAD\REPOSITORIOSGIT\SW\ITER1\Casos de Uso\Casos_Uso_2_y_3\Casos_Uso.rpw 
 Error (line 326) - Found unexpected or superfluous object. 


11, 13, 2018 (08:21:08): File D:\UNIVERSIDAD\REPOSITORIOSGIT\SW\ITER1\Casos de Uso\Casos_Uso_2_y_3\Casos_Uso.rpw 
 Error (line 354) - Found unexpected or superfluous object. 


11, 13, 2018 (08:21:08): File D:\UNIVERSIDAD\REPOSITORIOSGIT\SW\ITER1\Casos de Uso\Casos_Uso_2_y_3\Casos_Uso.rpw 
 Error (line 382) - Found unexpected or superfluous object. 


11, 13, 2018 (08:21:08): File D:\UNIVERSIDAD\REPOSITORIOSGIT\SW\ITER1\Casos de Uso\Casos_Uso_2_y_3\Casos_Uso.rpw 
 Error (line 410) - Found unexpected or superfluous object. 


11, 13, 2018 (08:21:08): File D:\UNIVERSIDAD\REPOSITORIOSGIT\SW\ITER1\Casos de Uso\Casos_Uso_2_y_3\Casos_Uso.rpw 
 Error (line 438) - Found unexpected or superfluous object. 


11, 13, 2018 (08:21:08): File D:\UNIVERSIDAD\REPOSITORIOSGIT\SW\ITER1\Casos de Uso\Casos_Uso_2_y_3\Casos_Uso.rpw 
 Error (line 466) - Found unexpected or superfluous object. 


11, 13, 2018 (08:21:08): File D:\UNIVERSIDAD\REPOSITORIOSGIT\SW\ITER1\Casos de Uso\Casos_Uso_2_y_3\Casos_Uso.rpw 
 Error (line 494) - Found unexpected or superfluous object. 


11, 13, 2018 (08:21:08): File D:\UNIVERSIDAD\REPOSITORIOSGIT\SW\ITER1\Casos de Uso\Casos_Uso_2_y_3\Casos_Uso.rpw 
 Error (line 522) - Found unexpected or superfluous object. 


11, 13, 2018 (08:21:08): File D:\UNIVERSIDAD\REPOSITORIOSGIT\SW\ITER1\Casos de Uso\Casos_Uso_2_y_3\Casos_Uso.rpw 
 Error (line 551) - Found unexpected or superfluous Attribute _fullName. 


11, 13, 2018 (08:21:08): File D:\UNIVERSIDAD\REPOSITORIOSGIT\SW\ITER1\Casos de Uso\Casos_Uso_2_y_3\Casos_Uso.rpw 
 Error (line 552) - Found unexpected or superfluous Attribute m_SearchScopeList. 


11, 13, 2018 (08:21:08): File D:\UNIVERSIDAD\REPOSITORIOSGIT\SW\ITER1\Casos de Uso\Casos_Uso_2_y_3\Casos_Uso.rpw 
 Error (line 556) - Found unexpected or superfluous Attribute m_favoritesTree. 


11, 13, 2018 (08:21:08): File D:\UNIVERSIDAD\REPOSITORIOSGIT\SW\ITER1\Casos de Uso\Casos_Uso_2_y_3\Casos_Uso.rpw 
 Error (line 557) - count is not a registered class in IRPYObjectBroker

11, 13, 2018 (08:21:08): File D:\UNIVERSIDAD\REPOSITORIOSGIT\SW\ITER1\Casos de Uso\Casos_Uso_2_y_3\Casos_Uso.rpw 
 Error (line 557) - Found unexpected or superfluous attribute value. 


11, 13, 2018 (08:21:08): File D:\UNIVERSIDAD\REPOSITORIOSGIT\SW\ITER1\Casos de Uso\Casos_Uso_2_y_3\Casos_Uso.rpw 
 Error (line 558) - Found unexpected or superfluous object. 


11, 13, 2018 (08:21:08): File D:\UNIVERSIDAD\REPOSITORIOSGIT\SW\ITER1\Casos de Uso\Casos_Uso_2_y_3\Casos_Uso.rpw 
 Error (line 558) - Failed to find object type


11, 13, 2018 (08:21:08): File D:\UNIVERSIDAD\REPOSITORIOSGIT\SW\ITER1\Casos de Uso\Casos_Uso_2_y_3\Casos_Uso.rpw 
 Error (line 558) - Found unexpected or superfluous Attribute favoritesItem. 


11, 13, 2018 (08:21:08): File D:\UNIVERSIDAD\REPOSITORIOSGIT\SW\ITER1\Casos de Uso\Casos_Uso_2_y_3\Casos_Uso.rpw 
 Error (line 559) - Missing rpyAAttrName2Value in unknown attribute


11, 13, 2018 (08:21:08): File D:\UNIVERSIDAD\REPOSITORIOSGIT\SW\ITER1\Casos de Uso\Casos_Uso_2_y_3\Casos_Uso.rpw 
 Error (line 559) - Found unexpected or superfluous attribute value. 


11, 13, 2018 (08:21:08): File D:\UNIVERSIDAD\REPOSITORIOSGIT\SW\ITER1\Casos de Uso\Casos_Uso_2_y_3\Casos_Uso.rpw 
 Error (line 560) - Found unexpected or superfluous attribute value. 


11, 13, 2018 (08:21:08): File D:\UNIVERSIDAD\REPOSITORIOSGIT\SW\ITER1\Casos de Uso\Casos_Uso_2_y_3\Casos_Uso.rpw 
 Error (line 561) - Found unexpected or superfluous attribute value. 


11, 13, 2018 (08:21:08): File D:\UNIVERSIDAD\REPOSITORIOSGIT\SW\ITER1\Casos de Uso\Casos_Uso_2_y_3\Casos_Uso.rpw 
 Error (line 566) - Attempt to read a token past end of file


11, 13, 2018 (08:21:08): File D:\UNIVERSIDAD\REPOSITORIOSGIT\SW\ITER1\Casos de Uso\Casos_Uso_2_y_3\Casos_Uso.rpw 
 Error (line 566) - Attempt to read a token past end of file


11, 13, 2018 (08:21:08): File D:\UNIVERSIDAD\REPOSITORIOSGIT\SW\ITER1\Casos de Uso\Casos_Uso_2_y_3\Casos_Uso.rpw 
 Error (line 566) - Attempt to read a token past end of file


11, 13, 2018 (08:21:08): File D:\UNIVERSIDAD\REPOSITORIOSGIT\SW\ITER1\Casos de Uso\Casos_Uso_2_y_3\Casos_Uso.rpw 
 Error (line 566) - Attempt to read a token past end of file


11, 13, 2018 (08:21:08): File D:\UNIVERSIDAD\REPOSITORIOSGIT\SW\ITER1\Casos de Uso\Casos_Uso_2_y_3\Casos_Uso.rpw 
 Error (line 566) - Attempt to read a token past end of file


11, 13, 2018 (08:21:08): File D:\UNIVERSIDAD\REPOSITORIOSGIT\SW\ITER1\Casos de Uso\Casos_Uso_2_y_3\Casos_Uso.rpw 
 Error (line 566) - Attempt to read a token past end of file


11, 13, 2018 (08:21:08): File D:\UNIVERSIDAD\REPOSITORIOSGIT\SW\ITER1\Casos de Uso\Casos_Uso_2_y_3\Casos_Uso.rpw 
 Error (line 566) - Attempt to read a token past end of file


11, 13, 2018 (08:21:08): File D:\UNIVERSIDAD\REPOSITORIOSGIT\SW\ITER1\Casos de Uso\Casos_Uso_2_y_3\Casos_Uso.rpw 
 Error (line 566) - Attempt to read a token past end of file


11, 13, 2018 (08:21:08): File D:\UNIVERSIDAD\REPOSITORIOSGIT\SW\ITER1\Casos de Uso\Casos_Uso_2_y_3\Casos_Uso.rpw 
 Error (line 566) - Unrecognized error when loading object of type favoritesItem


11, 13, 2018 (08:21:08): File D:\UNIVERSIDAD\REPOSITORIOSGIT\SW\ITER1\Casos de Uso\Casos_Uso_2_y_3\Casos_Uso.rpw 
 Error (line 566) - Attempt to read a token past end of file


11, 13, 2018 (08:21:08): File D:\UNIVERSIDAD\REPOSITORIOSGIT\SW\ITER1\Casos de Uso\Casos_Uso_2_y_3\Casos_Uso.rpw 
 Error (line 566) - Attempt to read a token past end of file


11, 13, 2018 (08:21:08): File D:\UNIVERSIDAD\REPOSITORIOSGIT\SW\ITER1\Casos de Uso\Casos_Uso_2_y_3\Casos_Uso.rpw 
 Error (line 566) - Attempt to read a token past end of file


11, 13, 2018 (08:21:08): File D:\UNIVERSIDAD\REPOSITORIOSGIT\SW\ITER1\Casos de Uso\Casos_Uso_2_y_3\Casos_Uso.rpw 
 Error (line 566) - Attempt to read a token past end of file


11, 13, 2018 (08:21:08): File D:\UNIVERSIDAD\REPOSITORIOSGIT\SW\ITER1\Casos de Uso\Casos_Uso_2_y_3\Casos_Uso.rpw 
 Error (line 566) - Attempt to read a token past end of file


11, 13, 2018 (08:21:08): File D:\UNIVERSIDAD\REPOSITORIOSGIT\SW\ITER1\Casos de Uso\Casos_Uso_2_y_3\Casos_Uso.rpw 
 Error (line 566) - Attempt to read a token past end of file


11, 13, 2018 (08:21:08): File D:\UNIVERSIDAD\REPOSITORIOSGIT\SW\ITER1\Casos de Uso\Casos_Uso_2_y_3\Casos_Uso.rpw 
 Error (line 566) - Attempt to read a token past end of file


11, 13, 2018 (08:21:08): File D:\UNIVERSIDAD\REPOSITORIOSGIT\SW\ITER1\Casos de Uso\Casos_Uso_2_y_3\Casos_Uso.rpw 
 Error (line 566) - Attempt to read a token past end of file


11, 13, 2018 (08:21:08): File D:\UNIVERSIDAD\REPOSITORIOSGIT\SW\ITER1\Casos de Uso\Casos_Uso_2_y_3\Casos_Uso.rpw 
 Error (line 566) - Attempt to read a token past end of file


11, 13, 2018 (08:21:08): File D:\UNIVERSIDAD\REPOSITORIOSGIT\SW\ITER1\Casos de Uso\Casos_Uso_2_y_3\Casos_Uso.rpw 
 Error (line 566) - Unrecognized error when loading object of type favoritesItem


11, 13, 2018 (08:21:08): File D:\UNIVERSIDAD\REPOSITORIOSGIT\SW\ITER1\Casos de Uso\Casos_Uso_2_y_3\Casos_Uso.rpw 
 Error (line 566) - Attempt to read a token past end of file


11, 13, 2018 (08:21:08): File D:\UNIVERSIDAD\REPOSITORIOSGIT\SW\ITER1\Casos de Uso\Casos_Uso_2_y_3\Casos_Uso.rpw 
 Error (line 566) - Error reading 0th object in container. Skipping to next object


11, 13, 2018 (08:21:08): File D:\UNIVERSIDAD\REPOSITORIOSGIT\SW\ITER1\Casos de Uso\Casos_Uso_2_y_3\Casos_Uso.rpw 
 Error (line 566) - Attempt to read a token past end of file


11, 13, 2018 (08:21:08): File D:\UNIVERSIDAD\REPOSITORIOSGIT\SW\ITER1\Casos de Uso\Casos_Uso_2_y_3\Casos_Uso.rpw 
 Error (line 566) - Attempt to read a token past end of file


11, 13, 2018 (08:21:08): File D:\UNIVERSIDAD\REPOSITORIOSGIT\SW\ITER1\Casos de Uso\Casos_Uso_2_y_3\Casos_Uso.rpw 
 Error (line 566) - Missing start object token ({)


11, 13, 2018 (08:21:08): File D:\UNIVERSIDAD\REPOSITORIOSGIT\SW\ITER1\Casos de Uso\Casos_Uso_2_y_3\Casos_Uso.rpw 
 Error (line 566) - Error reading 1th object in container. Skipping to next object


11, 13, 2018 (08:21:08): File D:\UNIVERSIDAD\REPOSITORIOSGIT\SW\ITER1\Casos de Uso\Casos_Uso_2_y_3\Casos_Uso.rpw 
 Error (line 566) - Attempt to read a token past end of file


11, 13, 2018 (08:21:08): File D:\UNIVERSIDAD\REPOSITORIOSGIT\SW\ITER1\Casos de Uso\Casos_Uso_2_y_3\Casos_Uso.rpw 
 Error (line 566) - Attempt to read a token past end of file


11, 13, 2018 (08:21:08): File D:\UNIVERSIDAD\REPOSITORIOSGIT\SW\ITER1\Casos de Uso\Casos_Uso_2_y_3\Casos_Uso.rpw 
 Error (line 566) - Missing start object token ({)


11, 13, 2018 (08:21:08): File D:\UNIVERSIDAD\REPOSITORIOSGIT\SW\ITER1\Casos de Uso\Casos_Uso_2_y_3\Casos_Uso.rpw 
 Error (line 566) - Error reading 2th object in container. Skipping to next object


11, 13, 2018 (08:21:08): File D:\UNIVERSIDAD\REPOSITORIOSGIT\SW\ITER1\Casos de Uso\Casos_Uso_2_y_3\Casos_Uso.rpw 
 Error (line 566) - Attempt to read a token past end of file


11, 13, 2018 (08:21:08): File D:\UNIVERSIDAD\REPOSITORIOSGIT\SW\ITER1\Casos de Uso\Casos_Uso_2_y_3\Casos_Uso.rpw 
 Error (line 566) - Attempt to read a token past end of file


11, 13, 2018 (08:21:08): File D:\UNIVERSIDAD\REPOSITORIOSGIT\SW\ITER1\Casos de Uso\Casos_Uso_2_y_3\Casos_Uso.rpw 
 Error (line 566) - Missing start object token ({)


11, 13, 2018 (08:21:08): File D:\UNIVERSIDAD\REPOSITORIOSGIT\SW\ITER1\Casos de Uso\Casos_Uso_2_y_3\Casos_Uso.rpw 
 Error (line 566) - Error reading 3th object in container. Skipping to next object


11, 13, 2018 (08:21:08): File D:\UNIVERSIDAD\REPOSITORIOSGIT\SW\ITER1\Casos de Uso\Casos_Uso_2_y_3\Casos_Uso.rpw 
 Error (line 566) - Attempt to read a token past end of file


11, 13, 2018 (08:21:08): File D:\UNIVERSIDAD\REPOSITORIOSGIT\SW\ITER1\Casos de Uso\Casos_Uso_2_y_3\Casos_Uso.rpw 
 Error (line 566) - Attempt to read a token past end of file


11, 13, 2018 (08:21:08): File D:\UNIVERSIDAD\REPOSITORIOSGIT\SW\ITER1\Casos de Uso\Casos_Uso_2_y_3\Casos_Uso.rpw 
 Error (line 566) - Missing start object token ({)


11, 13, 2018 (08:21:08): File D:\UNIVERSIDAD\REPOSITORIOSGIT\SW\ITER1\Casos de Uso\Casos_Uso_2_y_3\Casos_Uso.rpw 
 Error (line 566) - Error reading 4th object in container. Skipping to next object


11, 13, 2018 (08:21:08): File D:\UNIVERSIDAD\REPOSITORIOSGIT\SW\ITER1\Casos de Uso\Casos_Uso_2_y_3\Casos_Uso.rpw 
 Error (line 566) - Attempt to read a token past end of file


11, 13, 2018 (08:21:08): File D:\UNIVERSIDAD\REPOSITORIOSGIT\SW\ITER1\Casos de Uso\Casos_Uso_2_y_3\Casos_Uso.rpw 
 Error (line 566) - Attempt to read a token past end of file


11, 13, 2018 (08:21:08): File D:\UNIVERSIDAD\REPOSITORIOSGIT\SW\ITER1\Casos de Uso\Casos_Uso_2_y_3\Casos_Uso.rpw 
 Error (line 566) - Missing start object token ({)


11, 13, 2018 (08:21:08): File D:\UNIVERSIDAD\REPOSITORIOSGIT\SW\ITER1\Casos de Uso\Casos_Uso_2_y_3\Casos_Uso.rpw 
 Error (line 566) - Error reading 5th object in container. Skipping to next object


11, 13, 2018 (08:21:08): File D:\UNIVERSIDAD\REPOSITORIOSGIT\SW\ITER1\Casos de Uso\Casos_Uso_2_y_3\Casos_Uso.rpw 
 Error (line 566) - Attempt to read a token past end of file


11, 13, 2018 (08:21:08): File D:\UNIVERSIDAD\REPOSITORIOSGIT\SW\ITER1\Casos de Uso\Casos_Uso_2_y_3\Casos_Uso.rpw 
 Error (line 566) - Attempt to read a token past end of file


11, 13, 2018 (08:21:08): File D:\UNIVERSIDAD\REPOSITORIOSGIT\SW\ITER1\Casos de Uso\Casos_Uso_2_y_3\Casos_Uso.rpw 
 Error (line 566) - Missing start object token ({)


11, 13, 2018 (08:21:08): File D:\UNIVERSIDAD\REPOSITORIOSGIT\SW\ITER1\Casos de Uso\Casos_Uso_2_y_3\Casos_Uso.rpw 
 Error (line 566) - Error reading 6th object in container. Skipping to next object


11, 13, 2018 (08:21:08): File D:\UNIVERSIDAD\REPOSITORIOSGIT\SW\ITER1\Casos de Uso\Casos_Uso_2_y_3\Casos_Uso.rpw 
 Error (line 566) - Attempt to read a token past end of file


11, 13, 2018 (08:21:08): File D:\UNIVERSIDAD\REPOSITORIOSGIT\SW\ITER1\Casos de Uso\Casos_Uso_2_y_3\Casos_Uso.rpw 
 Error (line 566) - Attempt to read a token past end of file


11, 13, 2018 (08:21:08): File D:\UNIVERSIDAD\REPOSITORIOSGIT\SW\ITER1\Casos de Uso\Casos_Uso_2_y_3\Casos_Uso.rpw 
 Error (line 566) - Missing start object token ({)


11, 13, 2018 (08:21:08): File D:\UNIVERSIDAD\REPOSITORIOSGIT\SW\ITER1\Casos de Uso\Casos_Uso_2_y_3\Casos_Uso.rpw 
 Error (line 566) - Error reading 7th object in container. Skipping to next object


11, 13, 2018 (08:21:08): File D:\UNIVERSIDAD\REPOSITORIOSGIT\SW\ITER1\Casos de Uso\Casos_Uso_2_y_3\Casos_Uso.rpw 
 Error (line 566) - Attempt to read a token past end of file


11, 13, 2018 (08:21:08): File D:\UNIVERSIDAD\REPOSITORIOSGIT\SW\ITER1\Casos de Uso\Casos_Uso_2_y_3\Casos_Uso.rpw 
 Error (line 566) - Attempt to read a token past end of file


11, 13, 2018 (08:21:08): File D:\UNIVERSIDAD\REPOSITORIOSGIT\SW\ITER1\Casos de Uso\Casos_Uso_2_y_3\Casos_Uso.rpw 
 Error (line 566) - Missing start object token ({)


11, 13, 2018 (08:21:08): File D:\UNIVERSIDAD\REPOSITORIOSGIT\SW\ITER1\Casos de Uso\Casos_Uso_2_y_3\Casos_Uso.rpw 
 Error (line 566) - Error reading 8th object in container. Skipping to next object


11, 13, 2018 (08:21:08): File D:\UNIVERSIDAD\REPOSITORIOSGIT\SW\ITER1\Casos de Uso\Casos_Uso_2_y_3\Casos_Uso.rpw 
 Error (line 566) - Attempt to read a token past end of file


11, 13, 2018 (08:21:08): File D:\UNIVERSIDAD\REPOSITORIOSGIT\SW\ITER1\Casos de Uso\Casos_Uso_2_y_3\Casos_Uso.rpw 
 Error (line 566) - Attempt to read a token past end of file


11, 13, 2018 (08:21:08): File D:\UNIVERSIDAD\REPOSITORIOSGIT\SW\ITER1\Casos de Uso\Casos_Uso_2_y_3\Casos_Uso.rpw 
 Error (line 566) - Missing start object token ({)


11, 13, 2018 (08:21:08): File D:\UNIVERSIDAD\REPOSITORIOSGIT\SW\ITER1\Casos de Uso\Casos_Uso_2_y_3\Casos_Uso.rpw 
 Error (line 566) - Error reading 9th object in container. Skipping to next object


11, 13, 2018 (08:21:08): File D:\UNIVERSIDAD\REPOSITORIOSGIT\SW\ITER1\Casos de Uso\Casos_Uso_2_y_3\Casos_Uso.rpw 
 Error (line 566) - Attempt to read a token past end of file


11, 13, 2018 (08:21:08): File D:\UNIVERSIDAD\REPOSITORIOSGIT\SW\ITER1\Casos de Uso\Casos_Uso_2_y_3\Casos_Uso.rpw 
 Error (line 566) - Attempt to read a token past end of file


11, 13, 2018 (08:21:08): File D:\UNIVERSIDAD\REPOSITORIOSGIT\SW\ITER1\Casos de Uso\Casos_Uso_2_y_3\Casos_Uso.rpw 
 Error (line 566) - Missing start object token ({)


11, 13, 2018 (08:21:08): File D:\UNIVERSIDAD\REPOSITORIOSGIT\SW\ITER1\Casos de Uso\Casos_Uso_2_y_3\Casos_Uso.rpw 
 Error (line 566) - Error reading 10th object in container. Skipping to next object


11, 13, 2018 (08:21:08): File D:\UNIVERSIDAD\REPOSITORIOSGIT\SW\ITER1\Casos de Uso\Casos_Uso_2_y_3\Casos_Uso.rpw 
 Error (line 566) - Attempt to read a token past end of file


11, 13, 2018 (08:21:08): File D:\UNIVERSIDAD\REPOSITORIOSGIT\SW\ITER1\Casos de Uso\Casos_Uso_2_y_3\Casos_Uso.rpw 
 Error (line 566) - Attempt to read a token past end of file


11, 13, 2018 (08:21:08): File D:\UNIVERSIDAD\REPOSITORIOSGIT\SW\ITER1\Casos de Uso\Casos_Uso_2_y_3\Casos_Uso.rpw 
 Error (line 566) - Missing start object token ({)


11, 13, 2018 (08:21:08): File D:\UNIVERSIDAD\REPOSITORIOSGIT\SW\ITER1\Casos de Uso\Casos_Uso_2_y_3\Casos_Uso.rpw 
 Error (line 566) - Error reading 11th object in container. Skipping to next object


11, 13, 2018 (08:21:08): File D:\UNIVERSIDAD\REPOSITORIOSGIT\SW\ITER1\Casos de Uso\Casos_Uso_2_y_3\Casos_Uso.rpw 
 Error (line 566) - Attempt to read a token past end of file


11, 13, 2018 (08:21:08): File D:\UNIVERSIDAD\REPOSITORIOSGIT\SW\ITER1\Casos de Uso\Casos_Uso_2_y_3\Casos_Uso.rpw 
 Error (line 566) - Attempt to read a token past end of file


11, 13, 2018 (08:21:08): File D:\UNIVERSIDAD\REPOSITORIOSGIT\SW\ITER1\Casos de Uso\Casos_Uso_2_y_3\Casos_Uso.rpw 
 Error (line 566) - Missing start object token ({)


11, 13, 2018 (08:21:08): File D:\UNIVERSIDAD\REPOSITORIOSGIT\SW\ITER1\Casos de Uso\Casos_Uso_2_y_3\Casos_Uso.rpw 
 Error (line 566) - Error reading 12th object in container. Skipping to next object


11, 13, 2018 (08:21:08): File D:\UNIVERSIDAD\REPOSITORIOSGIT\SW\ITER1\Casos de Uso\Casos_Uso_2_y_3\Casos_Uso.rpw 
 Error (line 566) - Attempt to read a token past end of file


11, 13, 2018 (08:21:08): File D:\UNIVERSIDAD\REPOSITORIOSGIT\SW\ITER1\Casos de Uso\Casos_Uso_2_y_3\Casos_Uso.rpw 
 Error (line 566) - Attempt to read a token past end of file


11, 13, 2018 (08:21:08): File D:\UNIVERSIDAD\REPOSITORIOSGIT\SW\ITER1\Casos de Uso\Casos_Uso_2_y_3\Casos_Uso.rpw 
 Error (line 566) - Missing start object token ({)


11, 13, 2018 (08:21:08): File D:\UNIVERSIDAD\REPOSITORIOSGIT\SW\ITER1\Casos de Uso\Casos_Uso_2_y_3\Casos_Uso.rpw 
 Error (line 566) - Error reading 13th object in container. Skipping to next object


11, 13, 2018 (08:21:08): File D:\UNIVERSIDAD\REPOSITORIOSGIT\SW\ITER1\Casos de Uso\Casos_Uso_2_y_3\Casos_Uso.rpw 
 Error (line 566) - Attempt to read a token past end of file


11, 13, 2018 (08:21:08): File D:\UNIVERSIDAD\REPOSITORIOSGIT\SW\ITER1\Casos de Uso\Casos_Uso_2_y_3\Casos_Uso.rpw 
 Error (line 566) - Attempt to read a token past end of file


11, 13, 2018 (08:21:08): File D:\UNIVERSIDAD\REPOSITORIOSGIT\SW\ITER1\Casos de Uso\Casos_Uso_2_y_3\Casos_Uso.rpw 
 Error (line 566) - Missing start object token ({)


11, 13, 2018 (08:21:08): File D:\UNIVERSIDAD\REPOSITORIOSGIT\SW\ITER1\Casos de Uso\Casos_Uso_2_y_3\Casos_Uso.rpw 
 Error (line 566) - Error reading 14th object in container. Skipping to next object


11, 13, 2018 (08:21:08): File D:\UNIVERSIDAD\REPOSITORIOSGIT\SW\ITER1\Casos de Uso\Casos_Uso_2_y_3\Casos_Uso.rpw 
 Error (line 566) - Attempt to read a token past end of file


11, 13, 2018 (08:21:08): File D:\UNIVERSIDAD\REPOSITORIOSGIT\SW\ITER1\Casos de Uso\Casos_Uso_2_y_3\Casos_Uso.rpw 
 Error (line 566) - Attempt to read a token past end of file


11, 13, 2018 (08:21:08): File D:\UNIVERSIDAD\REPOSITORIOSGIT\SW\ITER1\Casos de Uso\Casos_Uso_2_y_3\Casos_Uso.rpw 
 Error (line 566) - Missing start object token ({)


11, 13, 2018 (08:21:08): File D:\UNIVERSIDAD\REPOSITORIOSGIT\SW\ITER1\Casos de Uso\Casos_Uso_2_y_3\Casos_Uso.rpw 
 Error (line 566) - Error reading 15th object in container. Skipping to next object


11, 13, 2018 (08:21:08): File D:\UNIVERSIDAD\REPOSITORIOSGIT\SW\ITER1\Casos de Uso\Casos_Uso_2_y_3\Casos_Uso.rpw 
 Error (line 566) - Attempt to read a token past end of file


11, 13, 2018 (08:21:08): File D:\UNIVERSIDAD\REPOSITORIOSGIT\SW\ITER1\Casos de Uso\Casos_Uso_2_y_3\Casos_Uso.rpw 
 Error (line 566) - Attempt to read a token past end of file


11, 13, 2018 (08:21:08): File D:\UNIVERSIDAD\REPOSITORIOSGIT\SW\ITER1\Casos de Uso\Casos_Uso_2_y_3\Casos_Uso.rpw 
 Error (line 566) - Missing start object token ({)


11, 13, 2018 (08:21:08): File D:\UNIVERSIDAD\REPOSITORIOSGIT\SW\ITER1\Casos de Uso\Casos_Uso_2_y_3\Casos_Uso.rpw 
 Error (line 566) - Error reading 16th object in container. Skipping to next object


11, 13, 2018 (08:21:08): File D:\UNIVERSIDAD\REPOSITORIOSGIT\SW\ITER1\Casos de Uso\Casos_Uso_2_y_3\Casos_Uso.rpw 
 Error (line 566) - Attempt to read a token past end of file


11, 13, 2018 (08:21:08): File D:\UNIVERSIDAD\REPOSITORIOSGIT\SW\ITER1\Casos de Uso\Casos_Uso_2_y_3\Casos_Uso.rpw 
 Error (line 566) - Attempt to read a token past end of file


11, 13, 2018 (08:21:08): File D:\UNIVERSIDAD\REPOSITORIOSGIT\SW\ITER1\Casos de Uso\Casos_Uso_2_y_3\Casos_Uso.rpw 
 Error (line 566) - Missing start object token ({)


11, 13, 2018 (08:21:08): File D:\UNIVERSIDAD\REPOSITORIOSGIT\SW\ITER1\Casos de Uso\Casos_Uso_2_y_3\Casos_Uso.rpw 
 Error (line 566) - Error reading 17th object in container. Skipping to next object


11, 13, 2018 (08:21:08): File D:\UNIVERSIDAD\REPOSITORIOSGIT\SW\ITER1\Casos de Uso\Casos_Uso_2_y_3\Casos_Uso.rpw 
 Error (line 566) - Attempt to read a token past end of file


11, 13, 2018 (08:21:08): File D:\UNIVERSIDAD\REPOSITORIOSGIT\SW\ITER1\Casos de Uso\Casos_Uso_2_y_3\Casos_Uso.rpw 
 Error (line 566) - Attempt to read a token past end of file


11, 13, 2018 (08:21:08): File D:\UNIVERSIDAD\REPOSITORIOSGIT\SW\ITER1\Casos de Uso\Casos_Uso_2_y_3\Casos_Uso.rpw 
 Error (line 566) - Missing start object token ({)


11, 13, 2018 (08:21:08): File D:\UNIVERSIDAD\REPOSITORIOSGIT\SW\ITER1\Casos de Uso\Casos_Uso_2_y_3\Casos_Uso.rpw 
 Error (line 566) - Error reading 18th object in container. Skipping to next object


11, 13, 2018 (08:21:08): File D:\UNIVERSIDAD\REPOSITORIOSGIT\SW\ITER1\Casos de Uso\Casos_Uso_2_y_3\Casos_Uso.rpw 
 Error (line 566) - Attempt to read a token past end of file


11, 13, 2018 (08:21:08): File D:\UNIVERSIDAD\REPOSITORIOSGIT\SW\ITER1\Casos de Uso\Casos_Uso_2_y_3\Casos_Uso.rpw 
 Error (line 566) - Attempt to read a token past end of file


11, 13, 2018 (08:21:08): File D:\UNIVERSIDAD\REPOSITORIOSGIT\SW\ITER1\Casos de Uso\Casos_Uso_2_y_3\Casos_Uso.rpw 
 Error (line 566) - Failed to find end object ( } )


11, 13, 2018 (08:21:08): File D:\UNIVERSIDAD\REPOSITORIOSGIT\SW\ITER1\Casos de Uso\Casos_Uso_2_y_3\Casos_Uso.rpw 
 Error (line 566) - Attempt to read a token past end of file


11, 13, 2018 (08:21:08): File D:\UNIVERSIDAD\REPOSITORIOSGIT\SW\ITER1\Casos de Uso\Casos_Uso_2_y_3\Casos_Uso.rpw 
 Error (line 566) - Attempt to read a token past end of file


11, 13, 2018 (08:21:08): File D:\UNIVERSIDAD\REPOSITORIOSGIT\SW\ITER1\Casos de Uso\Casos_Uso_2_y_3\Casos_Uso.rpw 
 Error (line 566) - Attempt to read a token past end of file


11, 13, 2018 (08:21:08): File D:\UNIVERSIDAD\REPOSITORIOSGIT\SW\ITER1\Casos de Uso\Casos_Uso_2_y_3\Casos_Uso.rpw 
 Error (line 566) - Attempt to read a token past end of file


11, 13, 2018 (08:21:08): File D:\UNIVERSIDAD\REPOSITORIOSGIT\SW\ITER1\Casos de Uso\Casos_Uso_2_y_3\Casos_Uso.rpw 
 Error (line 33) - Missing start attribute token (-)


11, 13, 2018 (08:21:08): File D:\UNIVERSIDAD\REPOSITORIOSGIT\SW\ITER1\Casos de Uso\Casos_Uso_2_y_3\Casos_Uso.rpw 
 Error (line 33) -  Aborting object


11, 13, 2018 (08:21:08): File D:\UNIVERSIDAD\REPOSITORIOSGIT\SW\ITER1\Casos de Uso\Casos_Uso_2_y_3\Casos_Uso.rpw 
 Error (line 34) - Found unexpected or superfluous Attribute _DownRight. 


11, 13, 2018 (08:21:08): File D:\UNIVERSIDAD\REPOSITORIOSGIT\SW\ITER1\Casos de Uso\Casos_Uso_2_y_3\Casos_Uso.rpw 
 Error (line 35) - Found unexpected or superfluous attribute value. 


11, 13, 2018 (08:21:08): File D:\UNIVERSIDAD\REPOSITORIOSGIT\SW\ITER1\Casos de Uso\Casos_Uso_2_y_3\Casos_Uso.rpw 
 Error (line 36) - Found unexpected or superfluous Attribute _DownRight. 


11, 13, 2018 (08:21:08): File D:\UNIVERSIDAD\REPOSITORIOSGIT\SW\ITER1\Casos de Uso\Casos_Uso_2_y_3\Casos_Uso.rpw 
 Error (line 38) - Found unexpected or superfluous Attribute _instanceName. 


11, 13, 2018 (08:21:08): File D:\UNIVERSIDAD\REPOSITORIOSGIT\SW\ITER1\Casos de Uso\Casos_Uso_2_y_3\Casos_Uso.rpw 
 Error (line 39) - Found unexpected or superfluous Attribute m_nDiagramIndex. 


11, 13, 2018 (08:21:08): File D:\UNIVERSIDAD\REPOSITORIOSGIT\SW\ITER1\Casos de Uso\Casos_Uso_2_y_3\Casos_Uso.rpw 
 Error (line 41) - Found unexpected or superfluous object. 


11, 13, 2018 (08:21:08): File D:\UNIVERSIDAD\REPOSITORIOSGIT\SW\ITER1\Casos de Uso\Casos_Uso_2_y_3\Casos_Uso.rpw 
 Error (line 64) - Missing start attribute token (-)


11, 13, 2018 (08:21:08): File D:\UNIVERSIDAD\REPOSITORIOSGIT\SW\ITER1\Casos de Uso\Casos_Uso_2_y_3\Casos_Uso.rpw 
 Error (line 64) -  Aborting object


11, 13, 2018 (08:21:08): File D:\UNIVERSIDAD\REPOSITORIOSGIT\SW\ITER1\Casos de Uso\Casos_Uso_2_y_3\Casos_Uso.rpw 
 Error (line 65) - Found unexpected or superfluous Attribute _UpLeft. 


11, 13, 2018 (08:21:08): File D:\UNIVERSIDAD\REPOSITORIOSGIT\SW\ITER1\Casos de Uso\Casos_Uso_2_y_3\Casos_Uso.rpw 
 Error (line 66) - Found unexpected or superfluous Attribute _DownRight. 


11, 13, 2018 (08:21:08): File D:\UNIVERSIDAD\REPOSITORIOSGIT\SW\ITER1\Casos de Uso\Casos_Uso_2_y_3\Casos_Uso.rpw 
 Error (line 67) - Found unexpected or superfluous attribute value. 


11, 13, 2018 (08:21:08): File D:\UNIVERSIDAD\REPOSITORIOSGIT\SW\ITER1\Casos de Uso\Casos_Uso_2_y_3\Casos_Uso.rpw 
 Error (line 68) - Found unexpected or superfluous Attribute _UpLeft. 


11, 13, 2018 (08:21:08): File D:\UNIVERSIDAD\REPOSITORIOSGIT\SW\ITER1\Casos de Uso\Casos_Uso_2_y_3\Casos_Uso.rpw 
 Error (line 69) - Found unexpected or superfluous Attribute _DownRight. 


11, 13, 2018 (08:21:08): File D:\UNIVERSIDAD\REPOSITORIOSGIT\SW\ITER1\Casos de Uso\Casos_Uso_2_y_3\Casos_Uso.rpw 
 Error (line 71) - Found unexpected or superfluous Attribute _instanceName. 


11, 13, 2018 (08:21:08): File D:\UNIVERSIDAD\REPOSITORIOSGIT\SW\ITER1\Casos de Uso\Casos_Uso_2_y_3\Casos_Uso.rpw 
 Error (line 72) - Found unexpected or superfluous Attribute m_nDiagramIndex. 


11, 13, 2018 (08:21:08): File D:\UNIVERSIDAD\REPOSITORIOSGIT\SW\ITER1\Casos de Uso\Casos_Uso_2_y_3\Casos_Uso.rpw 
 Error (line 74) - Found unexpected or superfluous object. 


11, 13, 2018 (08:21:08): File D:\UNIVERSIDAD\REPOSITORIOSGIT\SW\ITER1\Casos de Uso\Casos_Uso_2_y_3\Casos_Uso.rpw 
 Error (line 102) - Found unexpected or superfluous object. 


11, 13, 2018 (08:21:08): File D:\UNIVERSIDAD\REPOSITORIOSGIT\SW\ITER1\Casos de Uso\Casos_Uso_2_y_3\Casos_Uso.rpw 
 Error (line 130) - Found unexpected or superfluous object. 


11, 13, 2018 (08:21:08): File D:\UNIVERSIDAD\REPOSITORIOSGIT\SW\ITER1\Casos de Uso\Casos_Uso_2_y_3\Casos_Uso.rpw 
 Error (line 158) - Found unexpected or superfluous object. 


11, 13, 2018 (08:21:08): File D:\UNIVERSIDAD\REPOSITORIOSGIT\SW\ITER1\Casos de Uso\Casos_Uso_2_y_3\Casos_Uso.rpw 
 Error (line 186) - Found unexpected or superfluous object. 


11, 13, 2018 (08:21:08): File D:\UNIVERSIDAD\REPOSITORIOSGIT\SW\ITER1\Casos de Uso\Casos_Uso_2_y_3\Casos_Uso.rpw 
 Error (line 214) - Found unexpected or superfluous object. 


11, 13, 2018 (08:21:08): File D:\UNIVERSIDAD\REPOSITORIOSGIT\SW\ITER1\Casos de Uso\Casos_Uso_2_y_3\Casos_Uso.rpw 
 Error (line 242) - Found unexpected or superfluous object. 


11, 13, 2018 (08:21:08): File D:\UNIVERSIDAD\REPOSITORIOSGIT\SW\ITER1\Casos de Uso\Casos_Uso_2_y_3\Casos_Uso.rpw 
 Error (line 270) - Found unexpected or superfluous object. 


11, 13, 2018 (08:21:08): File D:\UNIVERSIDAD\REPOSITORIOSGIT\SW\ITER1\Casos de Uso\Casos_Uso_2_y_3\Casos_Uso.rpw 
 Error (line 298) - Found unexpected or superfluous object. 


11, 13, 2018 (08:21:08): File D:\UNIVERSIDAD\REPOSITORIOSGIT\SW\ITER1\Casos de Uso\Casos_Uso_2_y_3\Casos_Uso.rpw 
 Error (line 326) - Found unexpected or superfluous object. 


11, 13, 2018 (08:21:08): File D:\UNIVERSIDAD\REPOSITORIOSGIT\SW\ITER1\Casos de Uso\Casos_Uso_2_y_3\Casos_Uso.rpw 
 Error (line 354) - Found unexpected or superfluous object. 


11, 13, 2018 (08:21:08): File D:\UNIVERSIDAD\REPOSITORIOSGIT\SW\ITER1\Casos de Uso\Casos_Uso_2_y_3\Casos_Uso.rpw 
 Error (line 382) - Found unexpected or superfluous object. 


11, 13, 2018 (08:21:08): File D:\UNIVERSIDAD\REPOSITORIOSGIT\SW\ITER1\Casos de Uso\Casos_Uso_2_y_3\Casos_Uso.rpw 
 Error (line 410) - Found unexpected or superfluous object. 


11, 13, 2018 (08:21:08): File D:\UNIVERSIDAD\REPOSITORIOSGIT\SW\ITER1\Casos de Uso\Casos_Uso_2_y_3\Casos_Uso.rpw 
 Error (line 438) - Found unexpected or superfluous object. 


11, 13, 2018 (08:21:08): File D:\UNIVERSIDAD\REPOSITORIOSGIT\SW\ITER1\Casos de Uso\Casos_Uso_2_y_3\Casos_Uso.rpw 
 Error (line 466) - Found unexpected or superfluous object. 


11, 13, 2018 (08:21:08): File D:\UNIVERSIDAD\REPOSITORIOSGIT\SW\ITER1\Casos de Uso\Casos_Uso_2_y_3\Casos_Uso.rpw 
 Error (line 494) - Found unexpected or superfluous object. 


11, 13, 2018 (08:21:08): File D:\UNIVERSIDAD\REPOSITORIOSGIT\SW\ITER1\Casos de Uso\Casos_Uso_2_y_3\Casos_Uso.rpw 
 Error (line 522) - Found unexpected or superfluous object. 


11, 13, 2018 (08:21:08): File D:\UNIVERSIDAD\REPOSITORIOSGIT\SW\ITER1\Casos de Uso\Casos_Uso_2_y_3\Casos_Uso.rpw 
 Error (line 551) - Found unexpected or superfluous Attribute _fullName. 


11, 13, 2018 (08:21:08): File D:\UNIVERSIDAD\REPOSITORIOSGIT\SW\ITER1\Casos de Uso\Casos_Uso_2_y_3\Casos_Uso.rpw 
 Error (line 552) - Found unexpected or superfluous Attribute m_SearchScopeList. 


11, 13, 2018 (08:21:08): File D:\UNIVERSIDAD\REPOSITORIOSGIT\SW\ITER1\Casos de Uso\Casos_Uso_2_y_3\Casos_Uso.rpw 
 Error (line 556) - Found unexpected or superfluous Attribute m_favoritesTree. 


11, 13, 2018 (08:21:08): File D:\UNIVERSIDAD\REPOSITORIOSGIT\SW\ITER1\Casos de Uso\Casos_Uso_2_y_3\Casos_Uso.rpw 
 Error (line 557) - count is not a registered class in IRPYObjectBroker

11, 13, 2018 (08:21:08): File D:\UNIVERSIDAD\REPOSITORIOSGIT\SW\ITER1\Casos de Uso\Casos_Uso_2_y_3\Casos_Uso.rpw 
 Error (line 557) - Found unexpected or superfluous attribute value. 


11, 13, 2018 (08:21:08): File D:\UNIVERSIDAD\REPOSITORIOSGIT\SW\ITER1\Casos de Uso\Casos_Uso_2_y_3\Casos_Uso.rpw 
 Error (line 558) - Found unexpected or superfluous object. 


11, 13, 2018 (08:21:08): File D:\UNIVERSIDAD\REPOSITORIOSGIT\SW\ITER1\Casos de Uso\Casos_Uso_2_y_3\Casos_Uso.rpw 
 Error (line 558) - Failed to find object type


11, 13, 2018 (08:21:08): File D:\UNIVERSIDAD\REPOSITORIOSGIT\SW\ITER1\Casos de Uso\Casos_Uso_2_y_3\Casos_Uso.rpw 
 Error (line 558) - Found unexpected or superfluous Attribute favoritesItem. 


11, 13, 2018 (08:21:08): File D:\UNIVERSIDAD\REPOSITORIOSGIT\SW\ITER1\Casos de Uso\Casos_Uso_2_y_3\Casos_Uso.rpw 
 Error (line 559) - Missing rpyAAttrName2Value in unknown attribute


11, 13, 2018 (08:21:08): File D:\UNIVERSIDAD\REPOSITORIOSGIT\SW\ITER1\Casos de Uso\Casos_Uso_2_y_3\Casos_Uso.rpw 
 Error (line 559) - Found unexpected or superfluous attribute value. 


11, 13, 2018 (08:21:08): File D:\UNIVERSIDAD\REPOSITORIOSGIT\SW\ITER1\Casos de Uso\Casos_Uso_2_y_3\Casos_Uso.rpw 
 Error (line 560) - Found unexpected or superfluous attribute value. 


11, 13, 2018 (08:21:08): File D:\UNIVERSIDAD\REPOSITORIOSGIT\SW\ITER1\Casos de Uso\Casos_Uso_2_y_3\Casos_Uso.rpw 
 Error (line 561) - Found unexpected or superfluous attribute value. 


11, 13, 2018 (08:21:08): File D:\UNIVERSIDAD\REPOSITORIOSGIT\SW\ITER1\Casos de Uso\Casos_Uso_2_y_3\Casos_Uso.rpw 
 Error (line 566) - Attempt to read a token past end of file


11, 13, 2018 (08:21:08): File D:\UNIVERSIDAD\REPOSITORIOSGIT\SW\ITER1\Casos de Uso\Casos_Uso_2_y_3\Casos_Uso.rpw 
 Error (line 566) - Attempt to read a token past end of file


11, 13, 2018 (08:21:08): File D:\UNIVERSIDAD\REPOSITORIOSGIT\SW\ITER1\Casos de Uso\Casos_Uso_2_y_3\Casos_Uso.rpw 
 Error (line 566) - Attempt to read a token past end of file


11, 13, 2018 (08:21:08): File D:\UNIVERSIDAD\REPOSITORIOSGIT\SW\ITER1\Casos de Uso\Casos_Uso_2_y_3\Casos_Uso.rpw 
 Error (line 566) - Attempt to read a token past end of file


11, 13, 2018 (08:21:08): File D:\UNIVERSIDAD\REPOSITORIOSGIT\SW\ITER1\Casos de Uso\Casos_Uso_2_y_3\Casos_Uso.rpw 
 Error (line 566) - Attempt to read a token past end of file


11, 13, 2018 (08:21:08): File D:\UNIVERSIDAD\REPOSITORIOSGIT\SW\ITER1\Casos de Uso\Casos_Uso_2_y_3\Casos_Uso.rpw 
 Error (line 566) - Attempt to read a token past end of file


11, 13, 2018 (08:21:08): File D:\UNIVERSIDAD\REPOSITORIOSGIT\SW\ITER1\Casos de Uso\Casos_Uso_2_y_3\Casos_Uso.rpw 
 Error (line 566) - Attempt to read a token past end of file


11, 13, 2018 (08:21:08): File D:\UNIVERSIDAD\REPOSITORIOSGIT\SW\ITER1\Casos de Uso\Casos_Uso_2_y_3\Casos_Uso.rpw 
 Error (line 566) - Attempt to read a token past end of file


11, 13, 2018 (08:21:08): File D:\UNIVERSIDAD\REPOSITORIOSGIT\SW\ITER1\Casos de Uso\Casos_Uso_2_y_3\Casos_Uso.rpw 
 Error (line 566) - Unrecognized error when loading object of type favoritesItem


11, 13, 2018 (08:21:08): File D:\UNIVERSIDAD\REPOSITORIOSGIT\SW\ITER1\Casos de Uso\Casos_Uso_2_y_3\Casos_Uso.rpw 
 Error (line 566) - Attempt to read a token past end of file


11, 13, 2018 (08:21:08): File D:\UNIVERSIDAD\REPOSITORIOSGIT\SW\ITER1\Casos de Uso\Casos_Uso_2_y_3\Casos_Uso.rpw 
 Error (line 566) - Attempt to read a token past end of file


11, 13, 2018 (08:21:08): File D:\UNIVERSIDAD\REPOSITORIOSGIT\SW\ITER1\Casos de Uso\Casos_Uso_2_y_3\Casos_Uso.rpw 
 Error (line 566) - Attempt to read a token past end of file


11, 13, 2018 (08:21:08): File D:\UNIVERSIDAD\REPOSITORIOSGIT\SW\ITER1\Casos de Uso\Casos_Uso_2_y_3\Casos_Uso.rpw 
 Error (line 566) - Attempt to read a token past end of file


11, 13, 2018 (08:21:08): File D:\UNIVERSIDAD\REPOSITORIOSGIT\SW\ITER1\Casos de Uso\Casos_Uso_2_y_3\Casos_Uso.rpw 
 Error (line 566) - Attempt to read a token past end of file


11, 13, 2018 (08:21:08): File D:\UNIVERSIDAD\REPOSITORIOSGIT\SW\ITER1\Casos de Uso\Casos_Uso_2_y_3\Casos_Uso.rpw 
 Error (line 566) - Attempt to read a token past end of file


11, 13, 2018 (08:21:08): File D:\UNIVERSIDAD\REPOSITORIOSGIT\SW\ITER1\Casos de Uso\Casos_Uso_2_y_3\Casos_Uso.rpw 
 Error (line 566) - Attempt to read a token past end of file


11, 13, 2018 (08:21:08): File D:\UNIVERSIDAD\REPOSITORIOSGIT\SW\ITER1\Casos de Uso\Casos_Uso_2_y_3\Casos_Uso.rpw 
 Error (line 566) - Attempt to read a token past end of file


11, 13, 2018 (08:21:08): File D:\UNIVERSIDAD\REPOSITORIOSGIT\SW\ITER1\Casos de Uso\Casos_Uso_2_y_3\Casos_Uso.rpw 
 Error (line 566) - Attempt to read a token past end of file


11, 13, 2018 (08:21:08): File D:\UNIVERSIDAD\REPOSITORIOSGIT\SW\ITER1\Casos de Uso\Casos_Uso_2_y_3\Casos_Uso.rpw 
 Error (line 566) - Unrecognized error when loading object of type favoritesItem


11, 13, 2018 (08:21:08): File D:\UNIVERSIDAD\REPOSITORIOSGIT\SW\ITER1\Casos de Uso\Casos_Uso_2_y_3\Casos_Uso.rpw 
 Error (line 566) - Attempt to read a token past end of file


11, 13, 2018 (08:21:08): File D:\UNIVERSIDAD\REPOSITORIOSGIT\SW\ITER1\Casos de Uso\Casos_Uso_2_y_3\Casos_Uso.rpw 
 Error (line 566) - Error reading 0th object in container. Skipping to next object


11, 13, 2018 (08:21:08): File D:\UNIVERSIDAD\REPOSITORIOSGIT\SW\ITER1\Casos de Uso\Casos_Uso_2_y_3\Casos_Uso.rpw 
 Error (line 566) - Attempt to read a token past end of file


11, 13, 2018 (08:21:08): File D:\UNIVERSIDAD\REPOSITORIOSGIT\SW\ITER1\Casos de Uso\Casos_Uso_2_y_3\Casos_Uso.rpw 
 Error (line 566) - Attempt to read a token past end of file


11, 13, 2018 (08:21:08): File D:\UNIVERSIDAD\REPOSITORIOSGIT\SW\ITER1\Casos de Uso\Casos_Uso_2_y_3\Casos_Uso.rpw 
 Error (line 566) - Missing start object token ({)


11, 13, 2018 (08:21:08): File D:\UNIVERSIDAD\REPOSITORIOSGIT\SW\ITER1\Casos de Uso\Casos_Uso_2_y_3\Casos_Uso.rpw 
 Error (line 566) - Error reading 1th object in container. Skipping to next object


11, 13, 2018 (08:21:08): File D:\UNIVERSIDAD\REPOSITORIOSGIT\SW\ITER1\Casos de Uso\Casos_Uso_2_y_3\Casos_Uso.rpw 
 Error (line 566) - Attempt to read a token past end of file


11, 13, 2018 (08:21:08): File D:\UNIVERSIDAD\REPOSITORIOSGIT\SW\ITER1\Casos de Uso\Casos_Uso_2_y_3\Casos_Uso.rpw 
 Error (line 566) - Attempt to read a token past end of file


11, 13, 2018 (08:21:08): File D:\UNIVERSIDAD\REPOSITORIOSGIT\SW\ITER1\Casos de Uso\Casos_Uso_2_y_3\Casos_Uso.rpw 
 Error (line 566) - Missing start object token ({)


11, 13, 2018 (08:21:08): File D:\UNIVERSIDAD\REPOSITORIOSGIT\SW\ITER1\Casos de Uso\Casos_Uso_2_y_3\Casos_Uso.rpw 
 Error (line 566) - Error reading 2th object in container. Skipping to next object


11, 13, 2018 (08:21:08): File D:\UNIVERSIDAD\REPOSITORIOSGIT\SW\ITER1\Casos de Uso\Casos_Uso_2_y_3\Casos_Uso.rpw 
 Error (line 566) - Attempt to read a token past end of file


11, 13, 2018 (08:21:08): File D:\UNIVERSIDAD\REPOSITORIOSGIT\SW\ITER1\Casos de Uso\Casos_Uso_2_y_3\Casos_Uso.rpw 
 Error (line 566) - Attempt to read a token past end of file


11, 13, 2018 (08:21:08): File D:\UNIVERSIDAD\REPOSITORIOSGIT\SW\ITER1\Casos de Uso\Casos_Uso_2_y_3\Casos_Uso.rpw 
 Error (line 566) - Missing start object token ({)


11, 13, 2018 (08:21:08): File D:\UNIVERSIDAD\REPOSITORIOSGIT\SW\ITER1\Casos de Uso\Casos_Uso_2_y_3\Casos_Uso.rpw 
 Error (line 566) - Error reading 3th object in container. Skipping to next object


11, 13, 2018 (08:21:08): File D:\UNIVERSIDAD\REPOSITORIOSGIT\SW\ITER1\Casos de Uso\Casos_Uso_2_y_3\Casos_Uso.rpw 
 Error (line 566) - Attempt to read a token past end of file


11, 13, 2018 (08:21:08): File D:\UNIVERSIDAD\REPOSITORIOSGIT\SW\ITER1\Casos de Uso\Casos_Uso_2_y_3\Casos_Uso.rpw 
 Error (line 566) - Attempt to read a token past end of file


11, 13, 2018 (08:21:08): File D:\UNIVERSIDAD\REPOSITORIOSGIT\SW\ITER1\Casos de Uso\Casos_Uso_2_y_3\Casos_Uso.rpw 
 Error (line 566) - Missing start object token ({)


11, 13, 2018 (08:21:08): File D:\UNIVERSIDAD\REPOSITORIOSGIT\SW\ITER1\Casos de Uso\Casos_Uso_2_y_3\Casos_Uso.rpw 
 Error (line 566) - Error reading 4th object in container. Skipping to next object


11, 13, 2018 (08:21:08): File D:\UNIVERSIDAD\REPOSITORIOSGIT\SW\ITER1\Casos de Uso\Casos_Uso_2_y_3\Casos_Uso.rpw 
 Error (line 566) - Attempt to read a token past end of file


11, 13, 2018 (08:21:08): File D:\UNIVERSIDAD\REPOSITORIOSGIT\SW\ITER1\Casos de Uso\Casos_Uso_2_y_3\Casos_Uso.rpw 
 Error (line 566) - Attempt to read a token past end of file


11, 13, 2018 (08:21:08): File D:\UNIVERSIDAD\REPOSITORIOSGIT\SW\ITER1\Casos de Uso\Casos_Uso_2_y_3\Casos_Uso.rpw 
 Error (line 566) - Missing start object token ({)


11, 13, 2018 (08:21:08): File D:\UNIVERSIDAD\REPOSITORIOSGIT\SW\ITER1\Casos de Uso\Casos_Uso_2_y_3\Casos_Uso.rpw 
 Error (line 566) - Error reading 5th object in container. Skipping to next object


11, 13, 2018 (08:21:08): File D:\UNIVERSIDAD\REPOSITORIOSGIT\SW\ITER1\Casos de Uso\Casos_Uso_2_y_3\Casos_Uso.rpw 
 Error (line 566) - Attempt to read a token past end of file


11, 13, 2018 (08:21:08): File D:\UNIVERSIDAD\REPOSITORIOSGIT\SW\ITER1\Casos de Uso\Casos_Uso_2_y_3\Casos_Uso.rpw 
 Error (line 566) - Attempt to read a token past end of file


11, 13, 2018 (08:21:08): File D:\UNIVERSIDAD\REPOSITORIOSGIT\SW\ITER1\Casos de Uso\Casos_Uso_2_y_3\Casos_Uso.rpw 
 Error (line 566) - Missing start object token ({)


11, 13, 2018 (08:21:08): File D:\UNIVERSIDAD\REPOSITORIOSGIT\SW\ITER1\Casos de Uso\Casos_Uso_2_y_3\Casos_Uso.rpw 
 Error (line 566) - Error reading 6th object in container. Skipping to next object


11, 13, 2018 (08:21:08): File D:\UNIVERSIDAD\REPOSITORIOSGIT\SW\ITER1\Casos de Uso\Casos_Uso_2_y_3\Casos_Uso.rpw 
 Error (line 566) - Attempt to read a token past end of file


11, 13, 2018 (08:21:08): File D:\UNIVERSIDAD\REPOSITORIOSGIT\SW\ITER1\Casos de Uso\Casos_Uso_2_y_3\Casos_Uso.rpw 
 Error (line 566) - Attempt to read a token past end of file


11, 13, 2018 (08:21:08): File D:\UNIVERSIDAD\REPOSITORIOSGIT\SW\ITER1\Casos de Uso\Casos_Uso_2_y_3\Casos_Uso.rpw 
 Error (line 566) - Missing start object token ({)


11, 13, 2018 (08:21:08): File D:\UNIVERSIDAD\REPOSITORIOSGIT\SW\ITER1\Casos de Uso\Casos_Uso_2_y_3\Casos_Uso.rpw 
 Error (line 566) - Error reading 7th object in container. Skipping to next object


11, 13, 2018 (08:21:08): File D:\UNIVERSIDAD\REPOSITORIOSGIT\SW\ITER1\Casos de Uso\Casos_Uso_2_y_3\Casos_Uso.rpw 
 Error (line 566) - Attempt to read a token past end of file


11, 13, 2018 (08:21:08): File D:\UNIVERSIDAD\REPOSITORIOSGIT\SW\ITER1\Casos de Uso\Casos_Uso_2_y_3\Casos_Uso.rpw 
 Error (line 566) - Attempt to read a token past end of file


11, 13, 2018 (08:21:08): File D:\UNIVERSIDAD\REPOSITORIOSGIT\SW\ITER1\Casos de Uso\Casos_Uso_2_y_3\Casos_Uso.rpw 
 Error (line 566) - Missing start object token ({)


11, 13, 2018 (08:21:08): File D:\UNIVERSIDAD\REPOSITORIOSGIT\SW\ITER1\Casos de Uso\Casos_Uso_2_y_3\Casos_Uso.rpw 
 Error (line 566) - Error reading 8th object in container. Skipping to next object


11, 13, 2018 (08:21:08): File D:\UNIVERSIDAD\REPOSITORIOSGIT\SW\ITER1\Casos de Uso\Casos_Uso_2_y_3\Casos_Uso.rpw 
 Error (line 566) - Attempt to read a token past end of file


11, 13, 2018 (08:21:08): File D:\UNIVERSIDAD\REPOSITORIOSGIT\SW\ITER1\Casos de Uso\Casos_Uso_2_y_3\Casos_Uso.rpw 
 Error (line 566) - Attempt to read a token past end of file


11, 13, 2018 (08:21:08): File D:\UNIVERSIDAD\REPOSITORIOSGIT\SW\ITER1\Casos de Uso\Casos_Uso_2_y_3\Casos_Uso.rpw 
 Error (line 566) - Missing start object token ({)


11, 13, 2018 (08:21:08): File D:\UNIVERSIDAD\REPOSITORIOSGIT\SW\ITER1\Casos de Uso\Casos_Uso_2_y_3\Casos_Uso.rpw 
 Error (line 566) - Error reading 9th object in container. Skipping to next object


11, 13, 2018 (08:21:08): File D:\UNIVERSIDAD\REPOSITORIOSGIT\SW\ITER1\Casos de Uso\Casos_Uso_2_y_3\Casos_Uso.rpw 
 Error (line 566) - Attempt to read a token past end of file


11, 13, 2018 (08:21:08): File D:\UNIVERSIDAD\REPOSITORIOSGIT\SW\ITER1\Casos de Uso\Casos_Uso_2_y_3\Casos_Uso.rpw 
 Error (line 566) - Attempt to read a token past end of file


11, 13, 2018 (08:21:08): File D:\UNIVERSIDAD\REPOSITORIOSGIT\SW\ITER1\Casos de Uso\Casos_Uso_2_y_3\Casos_Uso.rpw 
 Error (line 566) - Missing start object token ({)


11, 13, 2018 (08:21:08): File D:\UNIVERSIDAD\REPOSITORIOSGIT\SW\ITER1\Casos de Uso\Casos_Uso_2_y_3\Casos_Uso.rpw 
 Error (line 566) - Error reading 10th object in container. Skipping to next object


11, 13, 2018 (08:21:08): File D:\UNIVERSIDAD\REPOSITORIOSGIT\SW\ITER1\Casos de Uso\Casos_Uso_2_y_3\Casos_Uso.rpw 
 Error (line 566) - Attempt to read a token past end of file


11, 13, 2018 (08:21:08): File D:\UNIVERSIDAD\REPOSITORIOSGIT\SW\ITER1\Casos de Uso\Casos_Uso_2_y_3\Casos_Uso.rpw 
 Error (line 566) - Attempt to read a token past end of file


11, 13, 2018 (08:21:08): File D:\UNIVERSIDAD\REPOSITORIOSGIT\SW\ITER1\Casos de Uso\Casos_Uso_2_y_3\Casos_Uso.rpw 
 Error (line 566) - Missing start object token ({)


11, 13, 2018 (08:21:08): File D:\UNIVERSIDAD\REPOSITORIOSGIT\SW\ITER1\Casos de Uso\Casos_Uso_2_y_3\Casos_Uso.rpw 
 Error (line 566) - Error reading 11th object in container. Skipping to next object


11, 13, 2018 (08:21:08): File D:\UNIVERSIDAD\REPOSITORIOSGIT\SW\ITER1\Casos de Uso\Casos_Uso_2_y_3\Casos_Uso.rpw 
 Error (line 566) - Attempt to read a token past end of file


11, 13, 2018 (08:21:08): File D:\UNIVERSIDAD\REPOSITORIOSGIT\SW\ITER1\Casos de Uso\Casos_Uso_2_y_3\Casos_Uso.rpw 
 Error (line 566) - Attempt to read a token past end of file


11, 13, 2018 (08:21:08): File D:\UNIVERSIDAD\REPOSITORIOSGIT\SW\ITER1\Casos de Uso\Casos_Uso_2_y_3\Casos_Uso.rpw 
 Error (line 566) - Missing start object token ({)


11, 13, 2018 (08:21:08): File D:\UNIVERSIDAD\REPOSITORIOSGIT\SW\ITER1\Casos de Uso\Casos_Uso_2_y_3\Casos_Uso.rpw 
 Error (line 566) - Error reading 12th object in container. Skipping to next object


11, 13, 2018 (08:21:08): File D:\UNIVERSIDAD\REPOSITORIOSGIT\SW\ITER1\Casos de Uso\Casos_Uso_2_y_3\Casos_Uso.rpw 
 Error (line 566) - Attempt to read a token past end of file


11, 13, 2018 (08:21:08): File D:\UNIVERSIDAD\REPOSITORIOSGIT\SW\ITER1\Casos de Uso\Casos_Uso_2_y_3\Casos_Uso.rpw 
 Error (line 566) - Attempt to read a token past end of file


11, 13, 2018 (08:21:08): File D:\UNIVERSIDAD\REPOSITORIOSGIT\SW\ITER1\Casos de Uso\Casos_Uso_2_y_3\Casos_Uso.rpw 
 Error (line 566) - Missing start object token ({)


11, 13, 2018 (08:21:08): File D:\UNIVERSIDAD\REPOSITORIOSGIT\SW\ITER1\Casos de Uso\Casos_Uso_2_y_3\Casos_Uso.rpw 
 Error (line 566) - Error reading 13th object in container. Skipping to next object


11, 13, 2018 (08:21:08): File D:\UNIVERSIDAD\REPOSITORIOSGIT\SW\ITER1\Casos de Uso\Casos_Uso_2_y_3\Casos_Uso.rpw 
 Error (line 566) - Attempt to read a token past end of file


11, 13, 2018 (08:21:08): File D:\UNIVERSIDAD\REPOSITORIOSGIT\SW\ITER1\Casos de Uso\Casos_Uso_2_y_3\Casos_Uso.rpw 
 Error (line 566) - Attempt to read a token past end of file


11, 13, 2018 (08:21:08): File D:\UNIVERSIDAD\REPOSITORIOSGIT\SW\ITER1\Casos de Uso\Casos_Uso_2_y_3\Casos_Uso.rpw 
 Error (line 566) - Missing start object token ({)


11, 13, 2018 (08:21:08): File D:\UNIVERSIDAD\REPOSITORIOSGIT\SW\ITER1\Casos de Uso\Casos_Uso_2_y_3\Casos_Uso.rpw 
 Error (line 566) - Error reading 14th object in container. Skipping to next object


11, 13, 2018 (08:21:08): File D:\UNIVERSIDAD\REPOSITORIOSGIT\SW\ITER1\Casos de Uso\Casos_Uso_2_y_3\Casos_Uso.rpw 
 Error (line 566) - Attempt to read a token past end of file


11, 13, 2018 (08:21:08): File D:\UNIVERSIDAD\REPOSITORIOSGIT\SW\ITER1\Casos de Uso\Casos_Uso_2_y_3\Casos_Uso.rpw 
 Error (line 566) - Attempt to read a token past end of file


11, 13, 2018 (08:21:08): File D:\UNIVERSIDAD\REPOSITORIOSGIT\SW\ITER1\Casos de Uso\Casos_Uso_2_y_3\Casos_Uso.rpw 
 Error (line 566) - Missing start object token ({)


11, 13, 2018 (08:21:08): File D:\UNIVERSIDAD\REPOSITORIOSGIT\SW\ITER1\Casos de Uso\Casos_Uso_2_y_3\Casos_Uso.rpw 
 Error (line 566) - Error reading 15th object in container. Skipping to next object


11, 13, 2018 (08:21:08): File D:\UNIVERSIDAD\REPOSITORIOSGIT\SW\ITER1\Casos de Uso\Casos_Uso_2_y_3\Casos_Uso.rpw 
 Error (line 566) - Attempt to read a token past end of file


11, 13, 2018 (08:21:08): File D:\UNIVERSIDAD\REPOSITORIOSGIT\SW\ITER1\Casos de Uso\Casos_Uso_2_y_3\Casos_Uso.rpw 
 Error (line 566) - Attempt to read a token past end of file


11, 13, 2018 (08:21:08): File D:\UNIVERSIDAD\REPOSITORIOSGIT\SW\ITER1\Casos de Uso\Casos_Uso_2_y_3\Casos_Uso.rpw 
 Error (line 566) - Missing start object token ({)


11, 13, 2018 (08:21:08): File D:\UNIVERSIDAD\REPOSITORIOSGIT\SW\ITER1\Casos de Uso\Casos_Uso_2_y_3\Casos_Uso.rpw 
 Error (line 566) - Error reading 16th object in container. Skipping to next object


11, 13, 2018 (08:21:08): File D:\UNIVERSIDAD\REPOSITORIOSGIT\SW\ITER1\Casos de Uso\Casos_Uso_2_y_3\Casos_Uso.rpw 
 Error (line 566) - Attempt to read a token past end of file


11, 13, 2018 (08:21:08): File D:\UNIVERSIDAD\REPOSITORIOSGIT\SW\ITER1\Casos de Uso\Casos_Uso_2_y_3\Casos_Uso.rpw 
 Error (line 566) - Attempt to read a token past end of file


11, 13, 2018 (08:21:08): File D:\UNIVERSIDAD\REPOSITORIOSGIT\SW\ITER1\Casos de Uso\Casos_Uso_2_y_3\Casos_Uso.rpw 
 Error (line 566) - Missing start object token ({)


11, 13, 2018 (08:21:08): File D:\UNIVERSIDAD\REPOSITORIOSGIT\SW\ITER1\Casos de Uso\Casos_Uso_2_y_3\Casos_Uso.rpw 
 Error (line 566) - Error reading 17th object in container. Skipping to next object


11, 13, 2018 (08:21:08): File D:\UNIVERSIDAD\REPOSITORIOSGIT\SW\ITER1\Casos de Uso\Casos_Uso_2_y_3\Casos_Uso.rpw 
 Error (line 566) - Attempt to read a token past end of file


11, 13, 2018 (08:21:08): File D:\UNIVERSIDAD\REPOSITORIOSGIT\SW\ITER1\Casos de Uso\Casos_Uso_2_y_3\Casos_Uso.rpw 
 Error (line 566) - Attempt to read a token past end of file


11, 13, 2018 (08:21:08): File D:\UNIVERSIDAD\REPOSITORIOSGIT\SW\ITER1\Casos de Uso\Casos_Uso_2_y_3\Casos_Uso.rpw 
 Error (line 566) - Missing start object token ({)


11, 13, 2018 (08:21:08): File D:\UNIVERSIDAD\REPOSITORIOSGIT\SW\ITER1\Casos de Uso\Casos_Uso_2_y_3\Casos_Uso.rpw 
 Error (line 566) - Error reading 18th object in container. Skipping to next object


11, 13, 2018 (08:21:08): File D:\UNIVERSIDAD\REPOSITORIOSGIT\SW\ITER1\Casos de Uso\Casos_Uso_2_y_3\Casos_Uso.rpw 
 Error (line 566) - Attempt to read a token past end of file


11, 13, 2018 (08:21:08): File D:\UNIVERSIDAD\REPOSITORIOSGIT\SW\ITER1\Casos de Uso\Casos_Uso_2_y_3\Casos_Uso.rpw 
 Error (line 566) - Attempt to read a token past end of file


11, 13, 2018 (08:21:08): File D:\UNIVERSIDAD\REPOSITORIOSGIT\SW\ITER1\Casos de Uso\Casos_Uso_2_y_3\Casos_Uso.rpw 
 Error (line 566) - Failed to find end object ( } )


11, 13, 2018 (08:21:08): File D:\UNIVERSIDAD\REPOSITORIOSGIT\SW\ITER1\Casos de Uso\Casos_Uso_2_y_3\Casos_Uso.rpw 
 Error (line 566) - Attempt to read a token past end of file


11, 13, 2018 (08:21:08): File D:\UNIVERSIDAD\REPOSITORIOSGIT\SW\ITER1\Casos de Uso\Casos_Uso_2_y_3\Casos_Uso.rpw 
 Error (line 566) - Attempt to read a token past end of file


11, 13, 2018 (08:21:08): File D:\UNIVERSIDAD\REPOSITORIOSGIT\SW\ITER1\Casos de Uso\Casos_Uso_2_y_3\Casos_Uso.rpw 
 Error (line 566) - Attempt to read a token past end of file


11, 13, 2018 (08:21:08): File D:\UNIVERSIDAD\REPOSITORIOSGIT\SW\ITER1\Casos de Uso\Casos_Uso_2_y_3\Casos_Uso.rpw 
 Error (line 566) - Attempt to read a token past end of file


