10, 22, 2018 (20:01:04): Starting Pre-Save actions

10, 22, 2018 (20:01:04): Starting Dialogs Check/Save
10, 22, 2018 (20:01:04): Finished Dialogs Check/Save
10, 22, 2018 (20:01:04): Starting Controlled Files Resolution
10, 22, 2018 (20:01:04): Finished Controlled Files Resolution
10, 22, 2018 (20:01:04): Finished Pre-Save actions

10, 22, 2018 (20:01:04): Creating D:\Casos de Uso\Casos_Uso_2_y_3\Casos_Uso.rpy
10, 22, 2018 (20:01:04): 
Started writing D:\Casos de Uso\Casos_Uso_2_y_3\Casos_Uso.rpy on Monday, October 22, 2018 (20:01:04)

10, 22, 2018 (20:01:04): version 8.5.2
10, 22, 2018 (20:01:04): 
Started writing D:\Casos de Uso\Casos_Uso_2_y_3\Casos_Uso_rpy\filesTable.dat on Monday, October 22, 2018 (20:01:04)

10, 22, 2018 (20:01:04): Finished writing D:\Casos de Uso\Casos_Uso_2_y_3\Casos_Uso_rpy\filesTable.dat on Monday, October 22, 2018 (20:01:04)

10, 22, 2018 (20:01:04): Creating D:\Casos de Uso\Casos_Uso_2_y_3\Casos_Uso_rpy\Default.sbs
10, 22, 2018 (20:01:04): 
Started writing D:\Casos de Uso\Casos_Uso_2_y_3\Casos_Uso_rpy\Default.sbs on Monday, October 22, 2018 (20:01:04)

10, 22, 2018 (20:01:04): version 8.5.2
10, 22, 2018 (20:01:04): Finished writing D:\Casos de Uso\Casos_Uso_2_y_3\Casos_Uso_rpy\Default.sbs on Monday, October 22, 2018 (20:01:04)

10, 22, 2018 (20:01:04): Finished writing D:\Casos de Uso\Casos_Uso_2_y_3\Casos_Uso.rpy on Monday, October 22, 2018 (20:01:04)

10, 22, 2018 (20:01:04): End Log
