10, 12, 2018 (18:52:35): Opening rpy file C:\Program Files (x86)\IBM\Rational\Rhapsody Modeler\7.5\Share\Properties\PredefinedTypes.sbs
10, 12, 2018 (18:52:35): 
 Started loading C:\Program Files (x86)\IBM\Rational\Rhapsody Modeler\7.5\Share\Properties\PredefinedTypes.sbs on Friday, October 12, 2018 (18:52:35).-

10, 12, 2018 (18:52:35): 

Starting inUnit resolution phase


10, 12, 2018 (18:52:35): 

Finished inUnit resolution phase


10, 12, 2018 (18:52:35): 
 Finished loading C:\Program Files (x86)\IBM\Rational\Rhapsody Modeler\7.5\Share\Properties\PredefinedTypes.sbs on Friday, October 12, 2018 (18:52:35).-

10, 12, 2018 (18:52:35): Opening rpy file C:\Program Files (x86)\IBM\Rational\Rhapsody Modeler\7.5\Share\Properties\PredefinedTypesC++.sbs
10, 12, 2018 (18:52:35): 
 Started loading C:\Program Files (x86)\IBM\Rational\Rhapsody Modeler\7.5\Share\Properties\PredefinedTypesC++.sbs on Friday, October 12, 2018 (18:52:35).-

10, 12, 2018 (18:52:35): 

Starting inUnit resolution phase


10, 12, 2018 (18:52:35): 

Finished inUnit resolution phase


10, 12, 2018 (18:52:36): 
 Finished loading C:\Program Files (x86)\IBM\Rational\Rhapsody Modeler\7.5\Share\Properties\PredefinedTypesC++.sbs on Friday, October 12, 2018 (18:52:36).-

10, 12, 2018 (18:52:36): Opening rpy file \\Mac\Home\Documents\UAH_2018_2019\SW\LAB\ITER1\Casos de Uso\Diagrama_Estados\Diagrama_Estados.rpy
10, 12, 2018 (18:52:36): 
 Started loading \\Mac\Home\Documents\UAH_2018_2019\SW\LAB\ITER1\Casos de Uso\Diagrama_Estados\Diagrama_Estados.rpy on Friday, October 12, 2018 (18:52:36).-

10, 12, 2018 (18:52:36): Opening rpy file \\Mac\Home\Documents\UAH_2018_2019\SW\LAB\ITER1\Casos de Uso\Diagrama_Estados\Diagrama_Estados_rpy\Default.sbs
10, 12, 2018 (18:52:36): 
 Started loading \\Mac\Home\Documents\UAH_2018_2019\SW\LAB\ITER1\Casos de Uso\Diagrama_Estados\Diagrama_Estados_rpy\Default.sbs on Friday, October 12, 2018 (18:52:36).-

10, 12, 2018 (18:52:36): 

Starting inUnit resolution phase


10, 12, 2018 (18:52:36): 

Finished inUnit resolution phase


10, 12, 2018 (18:52:36): 
 Finished loading \\Mac\Home\Documents\UAH_2018_2019\SW\LAB\ITER1\Casos de Uso\Diagrama_Estados\Diagrama_Estados_rpy\Default.sbs on Friday, October 12, 2018 (18:52:36).-

10, 12, 2018 (18:52:36): Opening rpy file \\Mac\Home\Documents\UAH_2018_2019\SW\LAB\ITER1\Casos de Uso\Diagrama_Estados\Diagrama_Estados_rpy\DefaultComponent.cmp
10, 12, 2018 (18:52:36): 
 Started loading \\Mac\Home\Documents\UAH_2018_2019\SW\LAB\ITER1\Casos de Uso\Diagrama_Estados\Diagrama_Estados_rpy\DefaultComponent.cmp on Friday, October 12, 2018 (18:52:36).-

10, 12, 2018 (18:52:36): 

Starting inUnit resolution phase


10, 12, 2018 (18:52:36): 

Finished inUnit resolution phase


10, 12, 2018 (18:52:36): 
 Finished loading \\Mac\Home\Documents\UAH_2018_2019\SW\LAB\ITER1\Casos de Uso\Diagrama_Estados\Diagrama_Estados_rpy\DefaultComponent.cmp on Friday, October 12, 2018 (18:52:36).-

10, 12, 2018 (18:52:36): 

Starting inUnit resolution phase


10, 12, 2018 (18:52:36): 

Finished inUnit resolution phase


10, 12, 2018 (18:52:36): 

Starting inUnit resolution phase


10, 12, 2018 (18:52:36): 

Finished inUnit resolution phase


10, 12, 2018 (18:52:36): 

Starting inUnit resolution phase


10, 12, 2018 (18:52:36): 

Finished inUnit resolution phase


10, 12, 2018 (18:52:36): 
 Finished loading \\Mac\Home\Documents\UAH_2018_2019\SW\LAB\ITER1\Casos de Uso\Diagrama_Estados\Diagrama_Estados.rpy on Friday, October 12, 2018 (18:52:36).-

10, 12, 2018 (18:52:36): Starting checks of EventsBaseID conflicts
10, 12, 2018 (18:52:36): Finished checks of EventsBaseID conflicts
10, 12, 2018 (18:52:36): End Log
