10, 02, 2018 (08:25:25): Starting Pre-Save actions

10, 02, 2018 (08:25:25): Starting Dialogs Check/Save
10, 02, 2018 (08:25:25): Finished Dialogs Check/Save
10, 02, 2018 (08:25:25): Starting Controlled Files Resolution
10, 02, 2018 (08:25:25): Finished Controlled Files Resolution
10, 02, 2018 (08:25:25): Finished Pre-Save actions

10, 02, 2018 (08:25:25): Creating D:\UNIVERSIDAD\REPOSITORIOSGIT\SW\ITER1\Casos de Uso\Diagrama_Estados\Diagrama_Estados.rpy
10, 02, 2018 (08:25:25): 
Started writing D:\UNIVERSIDAD\REPOSITORIOSGIT\SW\ITER1\Casos de Uso\Diagrama_Estados\Diagrama_Estados.rpy on Tuesday, October 02, 2018 (08:25:25)

10, 02, 2018 (08:25:25): version 8.5.2
10, 02, 2018 (08:25:25): 
Started writing D:\UNIVERSIDAD\REPOSITORIOSGIT\SW\ITER1\Casos de Uso\Diagrama_Estados\Diagrama_Estados_rpy\filesTable.dat on Tuesday, October 02, 2018 (08:25:25)

10, 02, 2018 (08:25:25): Finished writing D:\UNIVERSIDAD\REPOSITORIOSGIT\SW\ITER1\Casos de Uso\Diagrama_Estados\Diagrama_Estados_rpy\filesTable.dat on Tuesday, October 02, 2018 (08:25:25)

10, 02, 2018 (08:25:25): Creating D:\UNIVERSIDAD\REPOSITORIOSGIT\SW\ITER1\Casos de Uso\Diagrama_Estados\Diagrama_Estados_rpy\Default.sbs
10, 02, 2018 (08:25:25): 
Started writing D:\UNIVERSIDAD\REPOSITORIOSGIT\SW\ITER1\Casos de Uso\Diagrama_Estados\Diagrama_Estados_rpy\Default.sbs on Tuesday, October 02, 2018 (08:25:25)

10, 02, 2018 (08:25:25): version 8.5.2
10, 02, 2018 (08:25:25): Finished writing D:\UNIVERSIDAD\REPOSITORIOSGIT\SW\ITER1\Casos de Uso\Diagrama_Estados\Diagrama_Estados_rpy\Default.sbs on Tuesday, October 02, 2018 (08:25:25)

10, 02, 2018 (08:25:25): Creating D:\UNIVERSIDAD\REPOSITORIOSGIT\SW\ITER1\Casos de Uso\Diagrama_Estados\Diagrama_Estados_rpy\DefaultComponent.cmp
10, 02, 2018 (08:25:25): 
Started writing D:\UNIVERSIDAD\REPOSITORIOSGIT\SW\ITER1\Casos de Uso\Diagrama_Estados\Diagrama_Estados_rpy\DefaultComponent.cmp on Tuesday, October 02, 2018 (08:25:25)

10, 02, 2018 (08:25:25): version 8.5.2
10, 02, 2018 (08:25:25): Finished writing D:\UNIVERSIDAD\REPOSITORIOSGIT\SW\ITER1\Casos de Uso\Diagrama_Estados\Diagrama_Estados_rpy\DefaultComponent.cmp on Tuesday, October 02, 2018 (08:25:25)

10, 02, 2018 (08:25:25): Finished writing D:\UNIVERSIDAD\REPOSITORIOSGIT\SW\ITER1\Casos de Uso\Diagrama_Estados\Diagrama_Estados.rpy on Tuesday, October 02, 2018 (08:25:25)

10, 02, 2018 (08:25:25): End Log
