10, 22, 2018 (19:50:25): Opening rpy file C:\Program Files (x86)\IBM\Rational\Rhapsody Modeler\7.5\Share\Properties\PredefinedTypes.sbs
10, 22, 2018 (19:50:25): 
 Started loading C:\Program Files (x86)\IBM\Rational\Rhapsody Modeler\7.5\Share\Properties\PredefinedTypes.sbs on Monday, October 22, 2018 (19:50:25).-

10, 22, 2018 (19:50:25): 

Starting inUnit resolution phase


10, 22, 2018 (19:50:25): 

Finished inUnit resolution phase


10, 22, 2018 (19:50:25): 
 Finished loading C:\Program Files (x86)\IBM\Rational\Rhapsody Modeler\7.5\Share\Properties\PredefinedTypes.sbs on Monday, October 22, 2018 (19:50:25).-

10, 22, 2018 (19:50:25): Opening rpy file C:\Program Files (x86)\IBM\Rational\Rhapsody Modeler\7.5\Share\Properties\PredefinedTypesC++.sbs
10, 22, 2018 (19:50:25): 
 Started loading C:\Program Files (x86)\IBM\Rational\Rhapsody Modeler\7.5\Share\Properties\PredefinedTypesC++.sbs on Monday, October 22, 2018 (19:50:25).-

10, 22, 2018 (19:50:25): 

Starting inUnit resolution phase


10, 22, 2018 (19:50:25): 

Finished inUnit resolution phase


10, 22, 2018 (19:50:25): 
 Finished loading C:\Program Files (x86)\IBM\Rational\Rhapsody Modeler\7.5\Share\Properties\PredefinedTypesC++.sbs on Monday, October 22, 2018 (19:50:25).-

10, 22, 2018 (19:50:25): Opening rpy file D:\UNIVERSIDAD\REPOSITORIOSGIT\SW\ITER1\Casos de Uso\Casos_Uso_1\Casos_Uso.rpy
10, 22, 2018 (19:50:25): 
 Started loading D:\UNIVERSIDAD\REPOSITORIOSGIT\SW\ITER1\Casos de Uso\Casos_Uso_1\Casos_Uso.rpy on Monday, October 22, 2018 (19:50:25).-

10, 22, 2018 (19:50:25): Opening rpy file D:\UNIVERSIDAD\REPOSITORIOSGIT\SW\ITER1\Casos de Uso\Casos_Uso_1\Casos_Uso_rpy\Default.sbs
10, 22, 2018 (19:50:25): 
 Started loading D:\UNIVERSIDAD\REPOSITORIOSGIT\SW\ITER1\Casos de Uso\Casos_Uso_1\Casos_Uso_rpy\Default.sbs on Monday, October 22, 2018 (19:50:25).-

10, 22, 2018 (19:50:25): 

Starting inUnit resolution phase


10, 22, 2018 (19:50:25): 

Finished inUnit resolution phase


10, 22, 2018 (19:50:25): 
 Finished loading D:\UNIVERSIDAD\REPOSITORIOSGIT\SW\ITER1\Casos de Uso\Casos_Uso_1\Casos_Uso_rpy\Default.sbs on Monday, October 22, 2018 (19:50:25).-

10, 22, 2018 (19:50:25): Opening rpy file D:\UNIVERSIDAD\REPOSITORIOSGIT\SW\ITER1\Casos de Uso\Casos_Uso_1\Casos_Uso_rpy\DefaultComponent.cmp
10, 22, 2018 (19:50:25): 
 Started loading D:\UNIVERSIDAD\REPOSITORIOSGIT\SW\ITER1\Casos de Uso\Casos_Uso_1\Casos_Uso_rpy\DefaultComponent.cmp on Monday, October 22, 2018 (19:50:25).-

10, 22, 2018 (19:50:25): 

Starting inUnit resolution phase


10, 22, 2018 (19:50:25): 

Finished inUnit resolution phase


10, 22, 2018 (19:50:25): 
 Finished loading D:\UNIVERSIDAD\REPOSITORIOSGIT\SW\ITER1\Casos de Uso\Casos_Uso_1\Casos_Uso_rpy\DefaultComponent.cmp on Monday, October 22, 2018 (19:50:25).-

10, 22, 2018 (19:50:25): 

Starting inUnit resolution phase


10, 22, 2018 (19:50:25): 

Finished inUnit resolution phase


10, 22, 2018 (19:50:25): 

Starting inUnit resolution phase


10, 22, 2018 (19:50:25): 

Finished inUnit resolution phase


10, 22, 2018 (19:50:25): 

Starting inUnit resolution phase


10, 22, 2018 (19:50:25): 

Finished inUnit resolution phase


10, 22, 2018 (19:50:25): 
 Finished loading D:\UNIVERSIDAD\REPOSITORIOSGIT\SW\ITER1\Casos de Uso\Casos_Uso_1\Casos_Uso.rpy on Monday, October 22, 2018 (19:50:25).-

10, 22, 2018 (19:50:25): Starting checks of EventsBaseID conflicts
10, 22, 2018 (19:50:25): Finished checks of EventsBaseID conflicts
10, 22, 2018 (19:50:25): End Log
