10, 19, 2018 (12:31:37): Could not resolve Handle GUID 36696a19-9bd8-4013-91c3-f39f68ce58ce
10, 19, 2018 (12:31:37): Could not resolve Handle GUID 36696a19-9bd8-4013-91c3-f39f68ce58ce
10, 19, 2018 (12:31:37): Could not resolve Handle GUID 36696a19-9bd8-4013-91c3-f39f68ce58ce
10, 19, 2018 (12:31:37): Could not resolve Handle GUID 36696a19-9bd8-4013-91c3-f39f68ce58ce
10, 19, 2018 (12:31:37): Could not resolve Handle GUID 36696a19-9bd8-4013-91c3-f39f68ce58ce
10, 19, 2018 (12:31:37): Could not resolve Handle GUID 36696a19-9bd8-4013-91c3-f39f68ce58ce
10, 19, 2018 (12:31:37): Could not resolve Handle GUID 36696a19-9bd8-4013-91c3-f39f68ce58ce
10, 19, 2018 (12:31:37): Could not resolve Handle GUID 36696a19-9bd8-4013-91c3-f39f68ce58ce
10, 19, 2018 (12:31:37): Could not resolve Handle GUID 36696a19-9bd8-4013-91c3-f39f68ce58ce
10, 19, 2018 (12:31:37): Could not resolve Handle GUID 36696a19-9bd8-4013-91c3-f39f68ce58ce
10, 19, 2018 (12:31:37): Could not resolve Handle GUID 789e498d-4c01-4a01-862b-090f5194c41e
10, 19, 2018 (12:32:30): Could not resolve Handle GUID 752a0d05-c5c1-4ba9-9477-6f9b26edee73
10, 19, 2018 (12:32:30): Could not resolve Handle GUID 752a0d05-c5c1-4ba9-9477-6f9b26edee73
10, 19, 2018 (12:32:30): Could not resolve Handle GUID 752a0d05-c5c1-4ba9-9477-6f9b26edee73
10, 19, 2018 (12:32:30): Could not resolve Handle GUID 752a0d05-c5c1-4ba9-9477-6f9b26edee73
10, 19, 2018 (12:32:30): Could not resolve Handle GUID 752a0d05-c5c1-4ba9-9477-6f9b26edee73
10, 19, 2018 (12:32:30): Could not resolve Handle GUID 752a0d05-c5c1-4ba9-9477-6f9b26edee73
10, 19, 2018 (12:32:30): Could not resolve Handle GUID 752a0d05-c5c1-4ba9-9477-6f9b26edee73
10, 19, 2018 (12:32:30): Could not resolve Handle GUID aaca4b05-df49-45bb-8428-ff3237091c4d
10, 19, 2018 (12:33:16): Could not resolve Handle GUID 2703736e-1303-4349-baf2-bf6af683094a
10, 19, 2018 (12:33:16): Could not resolve Handle GUID 2703736e-1303-4349-baf2-bf6af683094a
10, 19, 2018 (12:33:16): Could not resolve Handle GUID 2703736e-1303-4349-baf2-bf6af683094a
10, 19, 2018 (12:33:16): Could not resolve Handle GUID 2703736e-1303-4349-baf2-bf6af683094a
10, 19, 2018 (12:33:16): Could not resolve Handle GUID 2703736e-1303-4349-baf2-bf6af683094a
10, 19, 2018 (17:40:44): UR named: Gestión del Sistema, of type IUseCase, and ID: 27f46940-ac98-4699-beea-e8fcb18210d4 was created. Owned by the Default Package.
10, 22, 2018 (15:19:02): Could not resolve Handle GUID 36c19261-c872-4e45-9235-8e9ee914151b
10, 22, 2018 (15:19:02): Could not resolve Handle GUID 36c19261-c872-4e45-9235-8e9ee914151b
10, 22, 2018 (15:19:02): Could not resolve Handle GUID 36c19261-c872-4e45-9235-8e9ee914151b
10, 22, 2018 (15:19:02): Could not resolve Handle GUID 36c19261-c872-4e45-9235-8e9ee914151b
10, 22, 2018 (15:19:02): Could not resolve Handle GUID 36c19261-c872-4e45-9235-8e9ee914151b
10, 22, 2018 (15:19:02): Could not resolve Handle GUID 36c19261-c872-4e45-9235-8e9ee914151b
10, 22, 2018 (15:19:02): Could not resolve Handle GUID 36c19261-c872-4e45-9235-8e9ee914151b
10, 22, 2018 (15:19:02): Could not resolve Handle GUID e34e9af1-36de-49da-8f9e-50635fa236c7
10, 22, 2018 (15:20:07): Could not resolve Handle GUID bcfd7bd9-572f-4859-a036-5dd4b2c16c17
10, 22, 2018 (15:20:07): Could not resolve Handle GUID bcfd7bd9-572f-4859-a036-5dd4b2c16c17
10, 22, 2018 (15:20:07): Could not resolve Handle GUID bcfd7bd9-572f-4859-a036-5dd4b2c16c17
10, 22, 2018 (15:20:07): Could not resolve Handle GUID bcfd7bd9-572f-4859-a036-5dd4b2c16c17
10, 22, 2018 (15:20:07): Could not resolve Handle GUID bcfd7bd9-572f-4859-a036-5dd4b2c16c17
10, 22, 2018 (15:20:07): Could not resolve Handle GUID bcfd7bd9-572f-4859-a036-5dd4b2c16c17
10, 22, 2018 (15:20:07): Could not resolve Handle GUID bcfd7bd9-572f-4859-a036-5dd4b2c16c17
10, 22, 2018 (15:20:07): Could not resolve Handle GUID bcfd7bd9-572f-4859-a036-5dd4b2c16c17
10, 22, 2018 (15:20:07): Could not resolve Handle GUID bcfd7bd9-572f-4859-a036-5dd4b2c16c17
10, 22, 2018 (15:20:07): Could not resolve Handle GUID bcfd7bd9-572f-4859-a036-5dd4b2c16c17
10, 22, 2018 (15:20:07): Could not resolve Handle GUID f74f1528-1d66-4e7f-8456-3380ef735f85
10, 22, 2018 (15:20:40): Could not resolve Handle GUID 1ddb71e6-fd9d-4afc-864f-9afdf33c39cc
10, 22, 2018 (15:20:40): Could not resolve Handle GUID 1ddb71e6-fd9d-4afc-864f-9afdf33c39cc
10, 22, 2018 (15:20:40): Could not resolve Handle GUID 1ddb71e6-fd9d-4afc-864f-9afdf33c39cc
10, 22, 2018 (15:20:40): Could not resolve Handle GUID 1ddb71e6-fd9d-4afc-864f-9afdf33c39cc
10, 22, 2018 (15:20:40): Could not resolve Handle GUID 1ddb71e6-fd9d-4afc-864f-9afdf33c39cc
10, 22, 2018 (15:20:40): Could not resolve Handle GUID 1ddb71e6-fd9d-4afc-864f-9afdf33c39cc
10, 22, 2018 (15:20:40): Could not resolve Handle GUID 1ddb71e6-fd9d-4afc-864f-9afdf33c39cc
10, 22, 2018 (15:20:40): Could not resolve Handle GUID 26edb8d6-863c-46af-8edd-43a636dba8f7
10, 22, 2018 (15:24:59): Could not resolve Handle GUID f5060c32-c3ce-4fb8-8071-8733c0723617
10, 22, 2018 (15:24:59): Could not resolve Handle GUID f5060c32-c3ce-4fb8-8071-8733c0723617
10, 22, 2018 (15:24:59): Could not resolve Handle GUID f5060c32-c3ce-4fb8-8071-8733c0723617
10, 22, 2018 (15:24:59): Could not resolve Handle GUID f5060c32-c3ce-4fb8-8071-8733c0723617
10, 22, 2018 (15:24:59): Could not resolve Handle GUID f5060c32-c3ce-4fb8-8071-8733c0723617
10, 22, 2018 (15:24:59): Could not resolve Handle GUID f5060c32-c3ce-4fb8-8071-8733c0723617
10, 22, 2018 (15:24:59): Could not resolve Handle GUID f5060c32-c3ce-4fb8-8071-8733c0723617
10, 22, 2018 (15:24:59): Could not resolve Handle GUID f5060c32-c3ce-4fb8-8071-8733c0723617
10, 22, 2018 (15:24:59): Could not resolve Handle GUID f5060c32-c3ce-4fb8-8071-8733c0723617
10, 22, 2018 (15:24:59): Could not resolve Handle GUID 3bcfad67-8552-4756-b803-187307ccc8ef
10, 22, 2018 (15:25:30): Could not resolve Handle GUID 37d85070-d292-4ce2-aeb6-ae5a0f33c24b
10, 22, 2018 (15:25:30): Could not resolve Handle GUID 37d85070-d292-4ce2-aeb6-ae5a0f33c24b
10, 22, 2018 (15:25:30): Could not resolve Handle GUID 37d85070-d292-4ce2-aeb6-ae5a0f33c24b
10, 22, 2018 (15:25:30): Could not resolve Handle GUID 37d85070-d292-4ce2-aeb6-ae5a0f33c24b
10, 22, 2018 (15:25:30): Could not resolve Handle GUID 37d85070-d292-4ce2-aeb6-ae5a0f33c24b
10, 22, 2018 (15:25:30): Could not resolve Handle GUID 37d85070-d292-4ce2-aeb6-ae5a0f33c24b
10, 22, 2018 (15:25:30): Could not resolve Handle GUID 37d85070-d292-4ce2-aeb6-ae5a0f33c24b
10, 22, 2018 (15:25:30): Could not resolve Handle GUID 37d85070-d292-4ce2-aeb6-ae5a0f33c24b
10, 22, 2018 (15:25:30): Could not resolve Handle GUID 37d85070-d292-4ce2-aeb6-ae5a0f33c24b
10, 22, 2018 (15:25:30): Could not resolve Handle GUID 37d85070-d292-4ce2-aeb6-ae5a0f33c24b
10, 22, 2018 (15:25:30): Could not resolve Handle GUID 37d85070-d292-4ce2-aeb6-ae5a0f33c24b
10, 22, 2018 (15:25:30): Could not resolve Handle GUID 37d85070-d292-4ce2-aeb6-ae5a0f33c24b
10, 22, 2018 (15:25:30): Could not resolve Handle GUID 37d85070-d292-4ce2-aeb6-ae5a0f33c24b
10, 22, 2018 (15:25:30): Could not resolve Handle GUID 37d85070-d292-4ce2-aeb6-ae5a0f33c24b
10, 22, 2018 (15:25:30): Could not resolve Handle GUID 37d85070-d292-4ce2-aeb6-ae5a0f33c24b
10, 22, 2018 (15:25:30): Could not resolve Handle GUID 0c937213-b9bb-4787-b3a5-76699b8ef95d
10, 22, 2018 (15:26:26): Could not resolve Handle GUID 9e624dea-0d83-4e7f-a443-08c87b6dca06
10, 22, 2018 (15:26:26): Could not resolve Handle GUID 9e624dea-0d83-4e7f-a443-08c87b6dca06
10, 22, 2018 (15:26:26): Could not resolve Handle GUID 9e624dea-0d83-4e7f-a443-08c87b6dca06
10, 22, 2018 (15:26:26): Could not resolve Handle GUID 9e624dea-0d83-4e7f-a443-08c87b6dca06
10, 22, 2018 (15:26:26): Could not resolve Handle GUID 9e624dea-0d83-4e7f-a443-08c87b6dca06
10, 22, 2018 (15:26:26): Could not resolve Handle GUID 9e624dea-0d83-4e7f-a443-08c87b6dca06
10, 22, 2018 (15:26:26): Could not resolve Handle GUID 9e624dea-0d83-4e7f-a443-08c87b6dca06
10, 22, 2018 (15:26:26): Could not resolve Handle GUID a1d89cfd-be20-4d6e-8c46-e35587b2e532
10, 22, 2018 (15:26:55): Could not resolve Handle GUID bf66e127-ad71-48d8-86ee-2fa3bf93dfe1
10, 22, 2018 (15:26:55): Could not resolve Handle GUID bf66e127-ad71-48d8-86ee-2fa3bf93dfe1
10, 22, 2018 (15:26:55): Could not resolve Handle GUID bf66e127-ad71-48d8-86ee-2fa3bf93dfe1
10, 22, 2018 (15:26:55): Could not resolve Handle GUID bf66e127-ad71-48d8-86ee-2fa3bf93dfe1
10, 22, 2018 (15:26:55): Could not resolve Handle GUID bf66e127-ad71-48d8-86ee-2fa3bf93dfe1
10, 22, 2018 (15:26:55): Could not resolve Handle GUID bf66e127-ad71-48d8-86ee-2fa3bf93dfe1
10, 22, 2018 (15:26:55): Could not resolve Handle GUID bf66e127-ad71-48d8-86ee-2fa3bf93dfe1
10, 22, 2018 (15:26:55): Could not resolve Handle GUID bf66e127-ad71-48d8-86ee-2fa3bf93dfe1
10, 22, 2018 (15:26:55): Could not resolve Handle GUID bf66e127-ad71-48d8-86ee-2fa3bf93dfe1
10, 22, 2018 (15:26:55): Could not resolve Handle GUID bf66e127-ad71-48d8-86ee-2fa3bf93dfe1
10, 22, 2018 (15:26:55): Could not resolve Handle GUID bf66e127-ad71-48d8-86ee-2fa3bf93dfe1
10, 22, 2018 (15:26:55): Could not resolve Handle GUID bf66e127-ad71-48d8-86ee-2fa3bf93dfe1
10, 22, 2018 (15:26:55): Could not resolve Handle GUID bf66e127-ad71-48d8-86ee-2fa3bf93dfe1
10, 22, 2018 (15:26:55): Could not resolve Handle GUID bf66e127-ad71-48d8-86ee-2fa3bf93dfe1
10, 22, 2018 (15:26:55): Could not resolve Handle GUID bf66e127-ad71-48d8-86ee-2fa3bf93dfe1
10, 22, 2018 (15:26:55): Could not resolve Handle GUID 44da6709-9c86-4681-a8a0-998a97c7e257
10, 22, 2018 (15:27:20): Could not resolve Handle GUID 6b39ee74-1a90-4510-9329-0c20f8af8627
10, 22, 2018 (15:27:20): Could not resolve Handle GUID 6b39ee74-1a90-4510-9329-0c20f8af8627
10, 22, 2018 (15:27:20): Could not resolve Handle GUID 6b39ee74-1a90-4510-9329-0c20f8af8627
10, 22, 2018 (15:27:20): Could not resolve Handle GUID 6b39ee74-1a90-4510-9329-0c20f8af8627
10, 22, 2018 (15:27:20): Could not resolve Handle GUID 6b39ee74-1a90-4510-9329-0c20f8af8627
10, 22, 2018 (15:27:20): Could not resolve Handle GUID 6b39ee74-1a90-4510-9329-0c20f8af8627
10, 22, 2018 (15:27:20): Could not resolve Handle GUID 6b39ee74-1a90-4510-9329-0c20f8af8627
10, 22, 2018 (15:27:20): Could not resolve Handle GUID 6b39ee74-1a90-4510-9329-0c20f8af8627
10, 22, 2018 (15:27:20): Could not resolve Handle GUID 6b39ee74-1a90-4510-9329-0c20f8af8627
10, 22, 2018 (15:27:20): Could not resolve Handle GUID 6b39ee74-1a90-4510-9329-0c20f8af8627
10, 22, 2018 (15:27:20): Could not resolve Handle GUID 6b39ee74-1a90-4510-9329-0c20f8af8627
10, 22, 2018 (15:27:20): Could not resolve Handle GUID e51df7cd-fc0e-46ca-81ff-f826bc430ae4
10, 22, 2018 (15:27:42): Could not resolve Handle GUID 0ca087cb-0c76-4644-beab-fd79e1075ba5
10, 22, 2018 (15:27:42): Could not resolve Handle GUID 0ca087cb-0c76-4644-beab-fd79e1075ba5
10, 22, 2018 (15:27:42): Could not resolve Handle GUID 0ca087cb-0c76-4644-beab-fd79e1075ba5
10, 22, 2018 (15:27:42): Could not resolve Handle GUID 0ca087cb-0c76-4644-beab-fd79e1075ba5
10, 22, 2018 (15:27:42): Could not resolve Handle GUID 0ca087cb-0c76-4644-beab-fd79e1075ba5
10, 22, 2018 (15:27:42): Could not resolve Handle GUID 0ca087cb-0c76-4644-beab-fd79e1075ba5
10, 22, 2018 (15:27:42): Could not resolve Handle GUID 0ca087cb-0c76-4644-beab-fd79e1075ba5
10, 22, 2018 (15:27:42): Could not resolve Handle GUID 0ca087cb-0c76-4644-beab-fd79e1075ba5
10, 22, 2018 (15:27:42): Could not resolve Handle GUID 0ca087cb-0c76-4644-beab-fd79e1075ba5
10, 22, 2018 (15:27:42): Could not resolve Handle GUID b93043b3-c4d4-4d9c-8342-45d922a47b59
10, 22, 2018 (15:28:15): Could not resolve Handle GUID 6a9616da-5701-48e0-996c-3c2e0a6cd319
10, 22, 2018 (15:28:15): Could not resolve Handle GUID 6a9616da-5701-48e0-996c-3c2e0a6cd319
10, 22, 2018 (15:28:15): Could not resolve Handle GUID 6a9616da-5701-48e0-996c-3c2e0a6cd319
10, 22, 2018 (15:28:15): Could not resolve Handle GUID 6a9616da-5701-48e0-996c-3c2e0a6cd319
10, 22, 2018 (15:28:15): Could not resolve Handle GUID 6a9616da-5701-48e0-996c-3c2e0a6cd319
10, 22, 2018 (15:28:15): Could not resolve Handle GUID 6a9616da-5701-48e0-996c-3c2e0a6cd319
10, 22, 2018 (15:28:15): Could not resolve Handle GUID 6a9616da-5701-48e0-996c-3c2e0a6cd319
10, 22, 2018 (15:28:15): Could not resolve Handle GUID 6a9616da-5701-48e0-996c-3c2e0a6cd319
10, 22, 2018 (15:28:44): Could not resolve Handle GUID f78a76f8-03dd-4b66-9303-9cf556a2616d
10, 22, 2018 (15:28:44): Could not resolve Handle GUID f78a76f8-03dd-4b66-9303-9cf556a2616d
10, 22, 2018 (15:28:44): Could not resolve Handle GUID f78a76f8-03dd-4b66-9303-9cf556a2616d
10, 22, 2018 (15:28:44): Could not resolve Handle GUID f78a76f8-03dd-4b66-9303-9cf556a2616d
10, 22, 2018 (15:28:44): Could not resolve Handle GUID f78a76f8-03dd-4b66-9303-9cf556a2616d
10, 22, 2018 (15:28:44): Could not resolve Handle GUID f78a76f8-03dd-4b66-9303-9cf556a2616d
10, 22, 2018 (15:28:44): Could not resolve Handle GUID f78a76f8-03dd-4b66-9303-9cf556a2616d
10, 22, 2018 (15:28:44): Could not resolve Handle GUID f78a76f8-03dd-4b66-9303-9cf556a2616d
10, 22, 2018 (15:28:44): Could not resolve Handle GUID f78a76f8-03dd-4b66-9303-9cf556a2616d
10, 22, 2018 (15:28:44): Could not resolve Handle GUID f78a76f8-03dd-4b66-9303-9cf556a2616d
10, 22, 2018 (15:28:44): Could not resolve Handle GUID f78a76f8-03dd-4b66-9303-9cf556a2616d
10, 22, 2018 (15:28:44): Could not resolve Handle GUID f78a76f8-03dd-4b66-9303-9cf556a2616d
10, 22, 2018 (15:28:44): Could not resolve Handle GUID f78a76f8-03dd-4b66-9303-9cf556a2616d
10, 22, 2018 (15:28:44): Could not resolve Handle GUID f78a76f8-03dd-4b66-9303-9cf556a2616d
10, 22, 2018 (15:28:44): Could not resolve Handle GUID 73199acb-e5a0-4b47-939f-9a28aac83be9
10, 22, 2018 (15:28:44): Could not resolve Handle GUID 73199acb-e5a0-4b47-939f-9a28aac83be9
10, 22, 2018 (15:28:44): Could not resolve Handle GUID f78a76f8-03dd-4b66-9303-9cf556a2616d
10, 22, 2018 (15:28:44): Could not resolve Handle GUID b3f489fb-3b6a-4fd7-9d8b-a76b7a0db340
10, 22, 2018 (15:28:44): Could not resolve Handle GUID b3f489fb-3b6a-4fd7-9d8b-a76b7a0db340
10, 22, 2018 (15:28:44): Could not resolve Handle GUID 02a18bf1-28bd-4497-ba69-2cb8c1dfda68
10, 22, 2018 (15:29:00): Could not resolve Handle GUID f78a76f8-03dd-4b66-9303-9cf556a2616d
10, 22, 2018 (15:29:00): Could not resolve Handle GUID f78a76f8-03dd-4b66-9303-9cf556a2616d
10, 22, 2018 (15:29:00): Could not resolve Handle GUID f78a76f8-03dd-4b66-9303-9cf556a2616d
10, 22, 2018 (15:29:00): Could not resolve Handle GUID f78a76f8-03dd-4b66-9303-9cf556a2616d
10, 22, 2018 (15:29:00): Could not resolve Handle GUID f78a76f8-03dd-4b66-9303-9cf556a2616d
10, 22, 2018 (15:29:00): Could not resolve Handle GUID f78a76f8-03dd-4b66-9303-9cf556a2616d
10, 22, 2018 (15:29:00): Could not resolve Handle GUID f78a76f8-03dd-4b66-9303-9cf556a2616d
10, 22, 2018 (15:29:00): Could not resolve Handle GUID f78a76f8-03dd-4b66-9303-9cf556a2616d
10, 22, 2018 (15:29:00): Could not resolve Handle GUID f78a76f8-03dd-4b66-9303-9cf556a2616d
10, 22, 2018 (15:29:00): Could not resolve Handle GUID f78a76f8-03dd-4b66-9303-9cf556a2616d
10, 22, 2018 (15:29:00): Could not resolve Handle GUID f78a76f8-03dd-4b66-9303-9cf556a2616d
10, 22, 2018 (15:29:00): Could not resolve Handle GUID f78a76f8-03dd-4b66-9303-9cf556a2616d
10, 22, 2018 (15:29:00): Could not resolve Handle GUID f78a76f8-03dd-4b66-9303-9cf556a2616d
10, 22, 2018 (15:29:00): Could not resolve Handle GUID f78a76f8-03dd-4b66-9303-9cf556a2616d
10, 22, 2018 (15:29:00): Could not resolve Handle GUID 73199acb-e5a0-4b47-939f-9a28aac83be9
10, 22, 2018 (15:29:00): Could not resolve Handle GUID 73199acb-e5a0-4b47-939f-9a28aac83be9
10, 22, 2018 (15:29:00): Could not resolve Handle GUID f78a76f8-03dd-4b66-9303-9cf556a2616d
10, 22, 2018 (15:29:00): Could not resolve Handle GUID b3f489fb-3b6a-4fd7-9d8b-a76b7a0db340
10, 22, 2018 (15:29:00): Could not resolve Handle GUID b3f489fb-3b6a-4fd7-9d8b-a76b7a0db340
10, 22, 2018 (15:29:00): Could not resolve Handle GUID 02a18bf1-28bd-4497-ba69-2cb8c1dfda68
10, 22, 2018 (15:29:34): Could not resolve Handle GUID f78a76f8-03dd-4b66-9303-9cf556a2616d
10, 22, 2018 (15:29:34): Could not resolve Handle GUID f78a76f8-03dd-4b66-9303-9cf556a2616d
11, 13, 2018 (08:20:36): File D:\UNIVERSIDAD\REPOSITORIOSGIT\SW\ITER1\Casos de Uso\Casos_Uso_1\Casos_Uso.rpw 
 Error (line 89) - Missing start attribute token (-)


11, 13, 2018 (08:20:36): File D:\UNIVERSIDAD\REPOSITORIOSGIT\SW\ITER1\Casos de Uso\Casos_Uso_1\Casos_Uso.rpw 
 Error (line 89) -  Aborting object


11, 13, 2018 (08:20:36): File D:\UNIVERSIDAD\REPOSITORIOSGIT\SW\ITER1\Casos de Uso\Casos_Uso_1\Casos_Uso.rpw 
 Error (line 90) - Found unexpected or superfluous Attribute _DownRight. 


11, 13, 2018 (08:20:36): File D:\UNIVERSIDAD\REPOSITORIOSGIT\SW\ITER1\Casos de Uso\Casos_Uso_1\Casos_Uso.rpw 
 Error (line 91) - Found unexpected or superfluous attribute value. 


11, 13, 2018 (08:20:36): File D:\UNIVERSIDAD\REPOSITORIOSGIT\SW\ITER1\Casos de Uso\Casos_Uso_1\Casos_Uso.rpw 
 Error (line 92) - Found unexpected or superfluous Attribute _DownRight. 


11, 13, 2018 (08:20:36): File D:\UNIVERSIDAD\REPOSITORIOSGIT\SW\ITER1\Casos de Uso\Casos_Uso_1\Casos_Uso.rpw 
 Error (line 94) - Found unexpected or superfluous Attribute _instanceName. 


11, 13, 2018 (08:20:36): File D:\UNIVERSIDAD\REPOSITORIOSGIT\SW\ITER1\Casos de Uso\Casos_Uso_1\Casos_Uso.rpw 
 Error (line 95) - Found unexpected or superfluous Attribute m_nDiagramIndex. 


11, 13, 2018 (08:20:36): File D:\UNIVERSIDAD\REPOSITORIOSGIT\SW\ITER1\Casos de Uso\Casos_Uso_1\Casos_Uso.rpw 
 Error (line 97) - Found unexpected or superfluous object. 


11, 13, 2018 (08:20:36): File D:\UNIVERSIDAD\REPOSITORIOSGIT\SW\ITER1\Casos de Uso\Casos_Uso_1\Casos_Uso.rpw 
 Error (line 125) - Found unexpected or superfluous object. 


11, 13, 2018 (08:20:36): File D:\UNIVERSIDAD\REPOSITORIOSGIT\SW\ITER1\Casos de Uso\Casos_Uso_1\Casos_Uso.rpw 
 Error (line 153) - Found unexpected or superfluous object. 


11, 13, 2018 (08:20:36): File D:\UNIVERSIDAD\REPOSITORIOSGIT\SW\ITER1\Casos de Uso\Casos_Uso_1\Casos_Uso.rpw 
 Error (line 181) - Found unexpected or superfluous object. 


11, 13, 2018 (08:20:36): File D:\UNIVERSIDAD\REPOSITORIOSGIT\SW\ITER1\Casos de Uso\Casos_Uso_1\Casos_Uso.rpw 
 Error (line 209) - Found unexpected or superfluous object. 


11, 13, 2018 (08:20:36): File D:\UNIVERSIDAD\REPOSITORIOSGIT\SW\ITER1\Casos de Uso\Casos_Uso_1\Casos_Uso.rpw 
 Error (line 237) - Found unexpected or superfluous object. 


11, 13, 2018 (08:20:36): File D:\UNIVERSIDAD\REPOSITORIOSGIT\SW\ITER1\Casos de Uso\Casos_Uso_1\Casos_Uso.rpw 
 Error (line 265) - Found unexpected or superfluous object. 


11, 13, 2018 (08:20:36): File D:\UNIVERSIDAD\REPOSITORIOSGIT\SW\ITER1\Casos de Uso\Casos_Uso_1\Casos_Uso.rpw 
 Error (line 293) - Found unexpected or superfluous object. 


11, 13, 2018 (08:20:36): File D:\UNIVERSIDAD\REPOSITORIOSGIT\SW\ITER1\Casos de Uso\Casos_Uso_1\Casos_Uso.rpw 
 Error (line 321) - Found unexpected or superfluous object. 


11, 13, 2018 (08:20:36): File D:\UNIVERSIDAD\REPOSITORIOSGIT\SW\ITER1\Casos de Uso\Casos_Uso_1\Casos_Uso.rpw 
 Error (line 349) - Found unexpected or superfluous object. 


11, 13, 2018 (08:20:36): File D:\UNIVERSIDAD\REPOSITORIOSGIT\SW\ITER1\Casos de Uso\Casos_Uso_1\Casos_Uso.rpw 
 Error (line 377) - Found unexpected or superfluous object. 


11, 13, 2018 (08:20:36): File D:\UNIVERSIDAD\REPOSITORIOSGIT\SW\ITER1\Casos de Uso\Casos_Uso_1\Casos_Uso.rpw 
 Error (line 405) - Found unexpected or superfluous object. 


11, 13, 2018 (08:20:36): File D:\UNIVERSIDAD\REPOSITORIOSGIT\SW\ITER1\Casos de Uso\Casos_Uso_1\Casos_Uso.rpw 
 Error (line 433) - Found unexpected or superfluous object. 


11, 13, 2018 (08:20:36): File D:\UNIVERSIDAD\REPOSITORIOSGIT\SW\ITER1\Casos de Uso\Casos_Uso_1\Casos_Uso.rpw 
 Error (line 461) - Found unexpected or superfluous object. 


11, 13, 2018 (08:20:36): File D:\UNIVERSIDAD\REPOSITORIOSGIT\SW\ITER1\Casos de Uso\Casos_Uso_1\Casos_Uso.rpw 
 Error (line 489) - Found unexpected or superfluous object. 


11, 13, 2018 (08:20:36): File D:\UNIVERSIDAD\REPOSITORIOSGIT\SW\ITER1\Casos de Uso\Casos_Uso_1\Casos_Uso.rpw 
 Error (line 518) - Found unexpected or superfluous Attribute _fullName. 


11, 13, 2018 (08:20:36): File D:\UNIVERSIDAD\REPOSITORIOSGIT\SW\ITER1\Casos de Uso\Casos_Uso_1\Casos_Uso.rpw 
 Error (line 519) - Found unexpected or superfluous Attribute m_SearchScopeList. 


11, 13, 2018 (08:20:36): File D:\UNIVERSIDAD\REPOSITORIOSGIT\SW\ITER1\Casos de Uso\Casos_Uso_1\Casos_Uso.rpw 
 Error (line 523) - Found unexpected or superfluous Attribute m_favoritesTree. 


11, 13, 2018 (08:20:36): File D:\UNIVERSIDAD\REPOSITORIOSGIT\SW\ITER1\Casos de Uso\Casos_Uso_1\Casos_Uso.rpw 
 Error (line 524) - count is not a registered class in IRPYObjectBroker

11, 13, 2018 (08:20:36): File D:\UNIVERSIDAD\REPOSITORIOSGIT\SW\ITER1\Casos de Uso\Casos_Uso_1\Casos_Uso.rpw 
 Error (line 524) - Found unexpected or superfluous attribute value. 


11, 13, 2018 (08:20:36): File D:\UNIVERSIDAD\REPOSITORIOSGIT\SW\ITER1\Casos de Uso\Casos_Uso_1\Casos_Uso.rpw 
 Error (line 525) - Found unexpected or superfluous object. 


11, 13, 2018 (08:20:36): File D:\UNIVERSIDAD\REPOSITORIOSGIT\SW\ITER1\Casos de Uso\Casos_Uso_1\Casos_Uso.rpw 
 Error (line 525) - Failed to find object type


11, 13, 2018 (08:20:36): File D:\UNIVERSIDAD\REPOSITORIOSGIT\SW\ITER1\Casos de Uso\Casos_Uso_1\Casos_Uso.rpw 
 Error (line 525) - Found unexpected or superfluous Attribute favoritesItem. 


11, 13, 2018 (08:20:36): File D:\UNIVERSIDAD\REPOSITORIOSGIT\SW\ITER1\Casos de Uso\Casos_Uso_1\Casos_Uso.rpw 
 Error (line 526) - Missing rpyAAttrName2Value in unknown attribute


11, 13, 2018 (08:20:36): File D:\UNIVERSIDAD\REPOSITORIOSGIT\SW\ITER1\Casos de Uso\Casos_Uso_1\Casos_Uso.rpw 
 Error (line 526) - Found unexpected or superfluous attribute value. 


11, 13, 2018 (08:20:36): File D:\UNIVERSIDAD\REPOSITORIOSGIT\SW\ITER1\Casos de Uso\Casos_Uso_1\Casos_Uso.rpw 
 Error (line 527) - Found unexpected or superfluous attribute value. 


11, 13, 2018 (08:20:36): File D:\UNIVERSIDAD\REPOSITORIOSGIT\SW\ITER1\Casos de Uso\Casos_Uso_1\Casos_Uso.rpw 
 Error (line 528) - Found unexpected or superfluous attribute value. 


11, 13, 2018 (08:20:36): File D:\UNIVERSIDAD\REPOSITORIOSGIT\SW\ITER1\Casos de Uso\Casos_Uso_1\Casos_Uso.rpw 
 Error (line 533) - Attempt to read a token past end of file


11, 13, 2018 (08:20:36): File D:\UNIVERSIDAD\REPOSITORIOSGIT\SW\ITER1\Casos de Uso\Casos_Uso_1\Casos_Uso.rpw 
 Error (line 533) - Attempt to read a token past end of file


11, 13, 2018 (08:20:36): File D:\UNIVERSIDAD\REPOSITORIOSGIT\SW\ITER1\Casos de Uso\Casos_Uso_1\Casos_Uso.rpw 
 Error (line 533) - Attempt to read a token past end of file


11, 13, 2018 (08:20:36): File D:\UNIVERSIDAD\REPOSITORIOSGIT\SW\ITER1\Casos de Uso\Casos_Uso_1\Casos_Uso.rpw 
 Error (line 533) - Attempt to read a token past end of file


11, 13, 2018 (08:20:36): File D:\UNIVERSIDAD\REPOSITORIOSGIT\SW\ITER1\Casos de Uso\Casos_Uso_1\Casos_Uso.rpw 
 Error (line 533) - Attempt to read a token past end of file


11, 13, 2018 (08:20:36): File D:\UNIVERSIDAD\REPOSITORIOSGIT\SW\ITER1\Casos de Uso\Casos_Uso_1\Casos_Uso.rpw 
 Error (line 533) - Attempt to read a token past end of file


11, 13, 2018 (08:20:36): File D:\UNIVERSIDAD\REPOSITORIOSGIT\SW\ITER1\Casos de Uso\Casos_Uso_1\Casos_Uso.rpw 
 Error (line 533) - Attempt to read a token past end of file


11, 13, 2018 (08:20:36): File D:\UNIVERSIDAD\REPOSITORIOSGIT\SW\ITER1\Casos de Uso\Casos_Uso_1\Casos_Uso.rpw 
 Error (line 533) - Attempt to read a token past end of file


11, 13, 2018 (08:20:36): File D:\UNIVERSIDAD\REPOSITORIOSGIT\SW\ITER1\Casos de Uso\Casos_Uso_1\Casos_Uso.rpw 
 Error (line 533) - Unrecognized error when loading object of type favoritesItem


11, 13, 2018 (08:20:36): File D:\UNIVERSIDAD\REPOSITORIOSGIT\SW\ITER1\Casos de Uso\Casos_Uso_1\Casos_Uso.rpw 
 Error (line 533) - Attempt to read a token past end of file


11, 13, 2018 (08:20:36): File D:\UNIVERSIDAD\REPOSITORIOSGIT\SW\ITER1\Casos de Uso\Casos_Uso_1\Casos_Uso.rpw 
 Error (line 533) - Error reading 2th object in container. Skipping to next object


11, 13, 2018 (08:20:36): File D:\UNIVERSIDAD\REPOSITORIOSGIT\SW\ITER1\Casos de Uso\Casos_Uso_1\Casos_Uso.rpw 
 Error (line 533) - Attempt to read a token past end of file


11, 13, 2018 (08:20:36): File D:\UNIVERSIDAD\REPOSITORIOSGIT\SW\ITER1\Casos de Uso\Casos_Uso_1\Casos_Uso.rpw 
 Error (line 533) - Attempt to read a token past end of file


11, 13, 2018 (08:20:36): File D:\UNIVERSIDAD\REPOSITORIOSGIT\SW\ITER1\Casos de Uso\Casos_Uso_1\Casos_Uso.rpw 
 Error (line 533) - Missing start object token ({)


11, 13, 2018 (08:20:36): File D:\UNIVERSIDAD\REPOSITORIOSGIT\SW\ITER1\Casos de Uso\Casos_Uso_1\Casos_Uso.rpw 
 Error (line 533) - Error reading 3th object in container. Skipping to next object


11, 13, 2018 (08:20:36): File D:\UNIVERSIDAD\REPOSITORIOSGIT\SW\ITER1\Casos de Uso\Casos_Uso_1\Casos_Uso.rpw 
 Error (line 533) - Attempt to read a token past end of file


11, 13, 2018 (08:20:36): File D:\UNIVERSIDAD\REPOSITORIOSGIT\SW\ITER1\Casos de Uso\Casos_Uso_1\Casos_Uso.rpw 
 Error (line 533) - Attempt to read a token past end of file


11, 13, 2018 (08:20:36): File D:\UNIVERSIDAD\REPOSITORIOSGIT\SW\ITER1\Casos de Uso\Casos_Uso_1\Casos_Uso.rpw 
 Error (line 533) - Missing start object token ({)


11, 13, 2018 (08:20:36): File D:\UNIVERSIDAD\REPOSITORIOSGIT\SW\ITER1\Casos de Uso\Casos_Uso_1\Casos_Uso.rpw 
 Error (line 533) - Error reading 4th object in container. Skipping to next object


11, 13, 2018 (08:20:36): File D:\UNIVERSIDAD\REPOSITORIOSGIT\SW\ITER1\Casos de Uso\Casos_Uso_1\Casos_Uso.rpw 
 Error (line 533) - Attempt to read a token past end of file


11, 13, 2018 (08:20:36): File D:\UNIVERSIDAD\REPOSITORIOSGIT\SW\ITER1\Casos de Uso\Casos_Uso_1\Casos_Uso.rpw 
 Error (line 533) - Attempt to read a token past end of file


11, 13, 2018 (08:20:36): File D:\UNIVERSIDAD\REPOSITORIOSGIT\SW\ITER1\Casos de Uso\Casos_Uso_1\Casos_Uso.rpw 
 Error (line 533) - Missing start object token ({)


11, 13, 2018 (08:20:36): File D:\UNIVERSIDAD\REPOSITORIOSGIT\SW\ITER1\Casos de Uso\Casos_Uso_1\Casos_Uso.rpw 
 Error (line 533) - Error reading 5th object in container. Skipping to next object


11, 13, 2018 (08:20:36): File D:\UNIVERSIDAD\REPOSITORIOSGIT\SW\ITER1\Casos de Uso\Casos_Uso_1\Casos_Uso.rpw 
 Error (line 533) - Attempt to read a token past end of file


11, 13, 2018 (08:20:36): File D:\UNIVERSIDAD\REPOSITORIOSGIT\SW\ITER1\Casos de Uso\Casos_Uso_1\Casos_Uso.rpw 
 Error (line 533) - Attempt to read a token past end of file


11, 13, 2018 (08:20:36): File D:\UNIVERSIDAD\REPOSITORIOSGIT\SW\ITER1\Casos de Uso\Casos_Uso_1\Casos_Uso.rpw 
 Error (line 533) - Missing start object token ({)


11, 13, 2018 (08:20:36): File D:\UNIVERSIDAD\REPOSITORIOSGIT\SW\ITER1\Casos de Uso\Casos_Uso_1\Casos_Uso.rpw 
 Error (line 533) - Error reading 6th object in container. Skipping to next object


11, 13, 2018 (08:20:36): File D:\UNIVERSIDAD\REPOSITORIOSGIT\SW\ITER1\Casos de Uso\Casos_Uso_1\Casos_Uso.rpw 
 Error (line 533) - Attempt to read a token past end of file


11, 13, 2018 (08:20:36): File D:\UNIVERSIDAD\REPOSITORIOSGIT\SW\ITER1\Casos de Uso\Casos_Uso_1\Casos_Uso.rpw 
 Error (line 533) - Attempt to read a token past end of file


11, 13, 2018 (08:20:36): File D:\UNIVERSIDAD\REPOSITORIOSGIT\SW\ITER1\Casos de Uso\Casos_Uso_1\Casos_Uso.rpw 
 Error (line 533) - Missing start object token ({)


11, 13, 2018 (08:20:36): File D:\UNIVERSIDAD\REPOSITORIOSGIT\SW\ITER1\Casos de Uso\Casos_Uso_1\Casos_Uso.rpw 
 Error (line 533) - Error reading 7th object in container. Skipping to next object


11, 13, 2018 (08:20:36): File D:\UNIVERSIDAD\REPOSITORIOSGIT\SW\ITER1\Casos de Uso\Casos_Uso_1\Casos_Uso.rpw 
 Error (line 533) - Attempt to read a token past end of file


11, 13, 2018 (08:20:36): File D:\UNIVERSIDAD\REPOSITORIOSGIT\SW\ITER1\Casos de Uso\Casos_Uso_1\Casos_Uso.rpw 
 Error (line 533) - Attempt to read a token past end of file


11, 13, 2018 (08:20:36): File D:\UNIVERSIDAD\REPOSITORIOSGIT\SW\ITER1\Casos de Uso\Casos_Uso_1\Casos_Uso.rpw 
 Error (line 533) - Missing start object token ({)


11, 13, 2018 (08:20:36): File D:\UNIVERSIDAD\REPOSITORIOSGIT\SW\ITER1\Casos de Uso\Casos_Uso_1\Casos_Uso.rpw 
 Error (line 533) - Error reading 8th object in container. Skipping to next object


11, 13, 2018 (08:20:36): File D:\UNIVERSIDAD\REPOSITORIOSGIT\SW\ITER1\Casos de Uso\Casos_Uso_1\Casos_Uso.rpw 
 Error (line 533) - Attempt to read a token past end of file


11, 13, 2018 (08:20:36): File D:\UNIVERSIDAD\REPOSITORIOSGIT\SW\ITER1\Casos de Uso\Casos_Uso_1\Casos_Uso.rpw 
 Error (line 533) - Attempt to read a token past end of file


11, 13, 2018 (08:20:36): File D:\UNIVERSIDAD\REPOSITORIOSGIT\SW\ITER1\Casos de Uso\Casos_Uso_1\Casos_Uso.rpw 
 Error (line 533) - Missing start object token ({)


11, 13, 2018 (08:20:36): File D:\UNIVERSIDAD\REPOSITORIOSGIT\SW\ITER1\Casos de Uso\Casos_Uso_1\Casos_Uso.rpw 
 Error (line 533) - Error reading 9th object in container. Skipping to next object


11, 13, 2018 (08:20:36): File D:\UNIVERSIDAD\REPOSITORIOSGIT\SW\ITER1\Casos de Uso\Casos_Uso_1\Casos_Uso.rpw 
 Error (line 533) - Attempt to read a token past end of file


11, 13, 2018 (08:20:36): File D:\UNIVERSIDAD\REPOSITORIOSGIT\SW\ITER1\Casos de Uso\Casos_Uso_1\Casos_Uso.rpw 
 Error (line 533) - Attempt to read a token past end of file


11, 13, 2018 (08:20:36): File D:\UNIVERSIDAD\REPOSITORIOSGIT\SW\ITER1\Casos de Uso\Casos_Uso_1\Casos_Uso.rpw 
 Error (line 533) - Missing start object token ({)


11, 13, 2018 (08:20:36): File D:\UNIVERSIDAD\REPOSITORIOSGIT\SW\ITER1\Casos de Uso\Casos_Uso_1\Casos_Uso.rpw 
 Error (line 533) - Error reading 10th object in container. Skipping to next object


11, 13, 2018 (08:20:36): File D:\UNIVERSIDAD\REPOSITORIOSGIT\SW\ITER1\Casos de Uso\Casos_Uso_1\Casos_Uso.rpw 
 Error (line 533) - Attempt to read a token past end of file


11, 13, 2018 (08:20:36): File D:\UNIVERSIDAD\REPOSITORIOSGIT\SW\ITER1\Casos de Uso\Casos_Uso_1\Casos_Uso.rpw 
 Error (line 533) - Attempt to read a token past end of file


11, 13, 2018 (08:20:36): File D:\UNIVERSIDAD\REPOSITORIOSGIT\SW\ITER1\Casos de Uso\Casos_Uso_1\Casos_Uso.rpw 
 Error (line 533) - Missing start object token ({)


11, 13, 2018 (08:20:36): File D:\UNIVERSIDAD\REPOSITORIOSGIT\SW\ITER1\Casos de Uso\Casos_Uso_1\Casos_Uso.rpw 
 Error (line 533) - Error reading 11th object in container. Skipping to next object


11, 13, 2018 (08:20:36): File D:\UNIVERSIDAD\REPOSITORIOSGIT\SW\ITER1\Casos de Uso\Casos_Uso_1\Casos_Uso.rpw 
 Error (line 533) - Attempt to read a token past end of file


11, 13, 2018 (08:20:36): File D:\UNIVERSIDAD\REPOSITORIOSGIT\SW\ITER1\Casos de Uso\Casos_Uso_1\Casos_Uso.rpw 
 Error (line 533) - Attempt to read a token past end of file


11, 13, 2018 (08:20:36): File D:\UNIVERSIDAD\REPOSITORIOSGIT\SW\ITER1\Casos de Uso\Casos_Uso_1\Casos_Uso.rpw 
 Error (line 533) - Missing start object token ({)


11, 13, 2018 (08:20:36): File D:\UNIVERSIDAD\REPOSITORIOSGIT\SW\ITER1\Casos de Uso\Casos_Uso_1\Casos_Uso.rpw 
 Error (line 533) - Error reading 12th object in container. Skipping to next object


11, 13, 2018 (08:20:36): File D:\UNIVERSIDAD\REPOSITORIOSGIT\SW\ITER1\Casos de Uso\Casos_Uso_1\Casos_Uso.rpw 
 Error (line 533) - Attempt to read a token past end of file


11, 13, 2018 (08:20:36): File D:\UNIVERSIDAD\REPOSITORIOSGIT\SW\ITER1\Casos de Uso\Casos_Uso_1\Casos_Uso.rpw 
 Error (line 533) - Attempt to read a token past end of file


11, 13, 2018 (08:20:36): File D:\UNIVERSIDAD\REPOSITORIOSGIT\SW\ITER1\Casos de Uso\Casos_Uso_1\Casos_Uso.rpw 
 Error (line 533) - Missing start object token ({)


11, 13, 2018 (08:20:36): File D:\UNIVERSIDAD\REPOSITORIOSGIT\SW\ITER1\Casos de Uso\Casos_Uso_1\Casos_Uso.rpw 
 Error (line 533) - Error reading 13th object in container. Skipping to next object


11, 13, 2018 (08:20:36): File D:\UNIVERSIDAD\REPOSITORIOSGIT\SW\ITER1\Casos de Uso\Casos_Uso_1\Casos_Uso.rpw 
 Error (line 533) - Attempt to read a token past end of file


11, 13, 2018 (08:20:36): File D:\UNIVERSIDAD\REPOSITORIOSGIT\SW\ITER1\Casos de Uso\Casos_Uso_1\Casos_Uso.rpw 
 Error (line 533) - Attempt to read a token past end of file


11, 13, 2018 (08:20:36): File D:\UNIVERSIDAD\REPOSITORIOSGIT\SW\ITER1\Casos de Uso\Casos_Uso_1\Casos_Uso.rpw 
 Error (line 533) - Missing start object token ({)


11, 13, 2018 (08:20:36): File D:\UNIVERSIDAD\REPOSITORIOSGIT\SW\ITER1\Casos de Uso\Casos_Uso_1\Casos_Uso.rpw 
 Error (line 533) - Error reading 14th object in container. Skipping to next object


11, 13, 2018 (08:20:36): File D:\UNIVERSIDAD\REPOSITORIOSGIT\SW\ITER1\Casos de Uso\Casos_Uso_1\Casos_Uso.rpw 
 Error (line 533) - Attempt to read a token past end of file


11, 13, 2018 (08:20:36): File D:\UNIVERSIDAD\REPOSITORIOSGIT\SW\ITER1\Casos de Uso\Casos_Uso_1\Casos_Uso.rpw 
 Error (line 533) - Attempt to read a token past end of file


11, 13, 2018 (08:20:36): File D:\UNIVERSIDAD\REPOSITORIOSGIT\SW\ITER1\Casos de Uso\Casos_Uso_1\Casos_Uso.rpw 
 Error (line 533) - Missing start object token ({)


11, 13, 2018 (08:20:36): File D:\UNIVERSIDAD\REPOSITORIOSGIT\SW\ITER1\Casos de Uso\Casos_Uso_1\Casos_Uso.rpw 
 Error (line 533) - Error reading 15th object in container. Skipping to next object


11, 13, 2018 (08:20:36): File D:\UNIVERSIDAD\REPOSITORIOSGIT\SW\ITER1\Casos de Uso\Casos_Uso_1\Casos_Uso.rpw 
 Error (line 533) - Attempt to read a token past end of file


11, 13, 2018 (08:20:36): File D:\UNIVERSIDAD\REPOSITORIOSGIT\SW\ITER1\Casos de Uso\Casos_Uso_1\Casos_Uso.rpw 
 Error (line 533) - Attempt to read a token past end of file


11, 13, 2018 (08:20:36): File D:\UNIVERSIDAD\REPOSITORIOSGIT\SW\ITER1\Casos de Uso\Casos_Uso_1\Casos_Uso.rpw 
 Error (line 533) - Missing start object token ({)


11, 13, 2018 (08:20:36): File D:\UNIVERSIDAD\REPOSITORIOSGIT\SW\ITER1\Casos de Uso\Casos_Uso_1\Casos_Uso.rpw 
 Error (line 533) - Error reading 16th object in container. Skipping to next object


11, 13, 2018 (08:20:36): File D:\UNIVERSIDAD\REPOSITORIOSGIT\SW\ITER1\Casos de Uso\Casos_Uso_1\Casos_Uso.rpw 
 Error (line 533) - Attempt to read a token past end of file


11, 13, 2018 (08:20:36): File D:\UNIVERSIDAD\REPOSITORIOSGIT\SW\ITER1\Casos de Uso\Casos_Uso_1\Casos_Uso.rpw 
 Error (line 533) - Attempt to read a token past end of file


11, 13, 2018 (08:20:36): File D:\UNIVERSIDAD\REPOSITORIOSGIT\SW\ITER1\Casos de Uso\Casos_Uso_1\Casos_Uso.rpw 
 Error (line 533) - Missing start object token ({)


11, 13, 2018 (08:20:36): File D:\UNIVERSIDAD\REPOSITORIOSGIT\SW\ITER1\Casos de Uso\Casos_Uso_1\Casos_Uso.rpw 
 Error (line 533) - Error reading 17th object in container. Skipping to next object


11, 13, 2018 (08:20:36): File D:\UNIVERSIDAD\REPOSITORIOSGIT\SW\ITER1\Casos de Uso\Casos_Uso_1\Casos_Uso.rpw 
 Error (line 533) - Attempt to read a token past end of file


11, 13, 2018 (08:20:36): File D:\UNIVERSIDAD\REPOSITORIOSGIT\SW\ITER1\Casos de Uso\Casos_Uso_1\Casos_Uso.rpw 
 Error (line 533) - Attempt to read a token past end of file


11, 13, 2018 (08:20:36): File D:\UNIVERSIDAD\REPOSITORIOSGIT\SW\ITER1\Casos de Uso\Casos_Uso_1\Casos_Uso.rpw 
 Error (line 533) - Failed to find end object ( } )


11, 13, 2018 (08:20:36): File D:\UNIVERSIDAD\REPOSITORIOSGIT\SW\ITER1\Casos de Uso\Casos_Uso_1\Casos_Uso.rpw 
 Error (line 533) - Attempt to read a token past end of file


11, 13, 2018 (08:20:36): File D:\UNIVERSIDAD\REPOSITORIOSGIT\SW\ITER1\Casos de Uso\Casos_Uso_1\Casos_Uso.rpw 
 Error (line 533) - Attempt to read a token past end of file


11, 13, 2018 (08:20:36): File D:\UNIVERSIDAD\REPOSITORIOSGIT\SW\ITER1\Casos de Uso\Casos_Uso_1\Casos_Uso.rpw 
 Error (line 533) - Attempt to read a token past end of file


11, 13, 2018 (08:20:36): File D:\UNIVERSIDAD\REPOSITORIOSGIT\SW\ITER1\Casos de Uso\Casos_Uso_1\Casos_Uso.rpw 
 Error (line 533) - Attempt to read a token past end of file


11, 13, 2018 (08:20:37): File D:\UNIVERSIDAD\REPOSITORIOSGIT\SW\ITER1\Casos de Uso\Casos_Uso_1\Casos_Uso.rpw 
 Error (line 89) - Missing start attribute token (-)


11, 13, 2018 (08:20:37): File D:\UNIVERSIDAD\REPOSITORIOSGIT\SW\ITER1\Casos de Uso\Casos_Uso_1\Casos_Uso.rpw 
 Error (line 89) -  Aborting object


11, 13, 2018 (08:20:37): File D:\UNIVERSIDAD\REPOSITORIOSGIT\SW\ITER1\Casos de Uso\Casos_Uso_1\Casos_Uso.rpw 
 Error (line 90) - Found unexpected or superfluous Attribute _DownRight. 


11, 13, 2018 (08:20:37): File D:\UNIVERSIDAD\REPOSITORIOSGIT\SW\ITER1\Casos de Uso\Casos_Uso_1\Casos_Uso.rpw 
 Error (line 91) - Found unexpected or superfluous attribute value. 


11, 13, 2018 (08:20:37): File D:\UNIVERSIDAD\REPOSITORIOSGIT\SW\ITER1\Casos de Uso\Casos_Uso_1\Casos_Uso.rpw 
 Error (line 92) - Found unexpected or superfluous Attribute _DownRight. 


11, 13, 2018 (08:20:37): File D:\UNIVERSIDAD\REPOSITORIOSGIT\SW\ITER1\Casos de Uso\Casos_Uso_1\Casos_Uso.rpw 
 Error (line 94) - Found unexpected or superfluous Attribute _instanceName. 


11, 13, 2018 (08:20:37): File D:\UNIVERSIDAD\REPOSITORIOSGIT\SW\ITER1\Casos de Uso\Casos_Uso_1\Casos_Uso.rpw 
 Error (line 95) - Found unexpected or superfluous Attribute m_nDiagramIndex. 


11, 13, 2018 (08:20:37): File D:\UNIVERSIDAD\REPOSITORIOSGIT\SW\ITER1\Casos de Uso\Casos_Uso_1\Casos_Uso.rpw 
 Error (line 97) - Found unexpected or superfluous object. 


11, 13, 2018 (08:20:37): File D:\UNIVERSIDAD\REPOSITORIOSGIT\SW\ITER1\Casos de Uso\Casos_Uso_1\Casos_Uso.rpw 
 Error (line 125) - Found unexpected or superfluous object. 


11, 13, 2018 (08:20:37): File D:\UNIVERSIDAD\REPOSITORIOSGIT\SW\ITER1\Casos de Uso\Casos_Uso_1\Casos_Uso.rpw 
 Error (line 153) - Found unexpected or superfluous object. 


11, 13, 2018 (08:20:37): File D:\UNIVERSIDAD\REPOSITORIOSGIT\SW\ITER1\Casos de Uso\Casos_Uso_1\Casos_Uso.rpw 
 Error (line 181) - Found unexpected or superfluous object. 


11, 13, 2018 (08:20:37): File D:\UNIVERSIDAD\REPOSITORIOSGIT\SW\ITER1\Casos de Uso\Casos_Uso_1\Casos_Uso.rpw 
 Error (line 209) - Found unexpected or superfluous object. 


11, 13, 2018 (08:20:37): File D:\UNIVERSIDAD\REPOSITORIOSGIT\SW\ITER1\Casos de Uso\Casos_Uso_1\Casos_Uso.rpw 
 Error (line 237) - Found unexpected or superfluous object. 


11, 13, 2018 (08:20:37): File D:\UNIVERSIDAD\REPOSITORIOSGIT\SW\ITER1\Casos de Uso\Casos_Uso_1\Casos_Uso.rpw 
 Error (line 265) - Found unexpected or superfluous object. 


11, 13, 2018 (08:20:37): File D:\UNIVERSIDAD\REPOSITORIOSGIT\SW\ITER1\Casos de Uso\Casos_Uso_1\Casos_Uso.rpw 
 Error (line 293) - Found unexpected or superfluous object. 


11, 13, 2018 (08:20:37): File D:\UNIVERSIDAD\REPOSITORIOSGIT\SW\ITER1\Casos de Uso\Casos_Uso_1\Casos_Uso.rpw 
 Error (line 321) - Found unexpected or superfluous object. 


11, 13, 2018 (08:20:37): File D:\UNIVERSIDAD\REPOSITORIOSGIT\SW\ITER1\Casos de Uso\Casos_Uso_1\Casos_Uso.rpw 
 Error (line 349) - Found unexpected or superfluous object. 


11, 13, 2018 (08:20:37): File D:\UNIVERSIDAD\REPOSITORIOSGIT\SW\ITER1\Casos de Uso\Casos_Uso_1\Casos_Uso.rpw 
 Error (line 377) - Found unexpected or superfluous object. 


11, 13, 2018 (08:20:37): File D:\UNIVERSIDAD\REPOSITORIOSGIT\SW\ITER1\Casos de Uso\Casos_Uso_1\Casos_Uso.rpw 
 Error (line 405) - Found unexpected or superfluous object. 


11, 13, 2018 (08:20:37): File D:\UNIVERSIDAD\REPOSITORIOSGIT\SW\ITER1\Casos de Uso\Casos_Uso_1\Casos_Uso.rpw 
 Error (line 433) - Found unexpected or superfluous object. 


11, 13, 2018 (08:20:37): File D:\UNIVERSIDAD\REPOSITORIOSGIT\SW\ITER1\Casos de Uso\Casos_Uso_1\Casos_Uso.rpw 
 Error (line 461) - Found unexpected or superfluous object. 


11, 13, 2018 (08:20:37): File D:\UNIVERSIDAD\REPOSITORIOSGIT\SW\ITER1\Casos de Uso\Casos_Uso_1\Casos_Uso.rpw 
 Error (line 489) - Found unexpected or superfluous object. 


11, 13, 2018 (08:20:37): File D:\UNIVERSIDAD\REPOSITORIOSGIT\SW\ITER1\Casos de Uso\Casos_Uso_1\Casos_Uso.rpw 
 Error (line 518) - Found unexpected or superfluous Attribute _fullName. 


11, 13, 2018 (08:20:37): File D:\UNIVERSIDAD\REPOSITORIOSGIT\SW\ITER1\Casos de Uso\Casos_Uso_1\Casos_Uso.rpw 
 Error (line 519) - Found unexpected or superfluous Attribute m_SearchScopeList. 


11, 13, 2018 (08:20:37): File D:\UNIVERSIDAD\REPOSITORIOSGIT\SW\ITER1\Casos de Uso\Casos_Uso_1\Casos_Uso.rpw 
 Error (line 523) - Found unexpected or superfluous Attribute m_favoritesTree. 


11, 13, 2018 (08:20:37): File D:\UNIVERSIDAD\REPOSITORIOSGIT\SW\ITER1\Casos de Uso\Casos_Uso_1\Casos_Uso.rpw 
 Error (line 524) - count is not a registered class in IRPYObjectBroker

11, 13, 2018 (08:20:37): File D:\UNIVERSIDAD\REPOSITORIOSGIT\SW\ITER1\Casos de Uso\Casos_Uso_1\Casos_Uso.rpw 
 Error (line 524) - Found unexpected or superfluous attribute value. 


11, 13, 2018 (08:20:37): File D:\UNIVERSIDAD\REPOSITORIOSGIT\SW\ITER1\Casos de Uso\Casos_Uso_1\Casos_Uso.rpw 
 Error (line 525) - Found unexpected or superfluous object. 


11, 13, 2018 (08:20:37): File D:\UNIVERSIDAD\REPOSITORIOSGIT\SW\ITER1\Casos de Uso\Casos_Uso_1\Casos_Uso.rpw 
 Error (line 525) - Failed to find object type


11, 13, 2018 (08:20:37): File D:\UNIVERSIDAD\REPOSITORIOSGIT\SW\ITER1\Casos de Uso\Casos_Uso_1\Casos_Uso.rpw 
 Error (line 525) - Found unexpected or superfluous Attribute favoritesItem. 


11, 13, 2018 (08:20:37): File D:\UNIVERSIDAD\REPOSITORIOSGIT\SW\ITER1\Casos de Uso\Casos_Uso_1\Casos_Uso.rpw 
 Error (line 526) - Missing rpyAAttrName2Value in unknown attribute


11, 13, 2018 (08:20:37): File D:\UNIVERSIDAD\REPOSITORIOSGIT\SW\ITER1\Casos de Uso\Casos_Uso_1\Casos_Uso.rpw 
 Error (line 526) - Found unexpected or superfluous attribute value. 


11, 13, 2018 (08:20:37): File D:\UNIVERSIDAD\REPOSITORIOSGIT\SW\ITER1\Casos de Uso\Casos_Uso_1\Casos_Uso.rpw 
 Error (line 527) - Found unexpected or superfluous attribute value. 


11, 13, 2018 (08:20:37): File D:\UNIVERSIDAD\REPOSITORIOSGIT\SW\ITER1\Casos de Uso\Casos_Uso_1\Casos_Uso.rpw 
 Error (line 528) - Found unexpected or superfluous attribute value. 


11, 13, 2018 (08:20:37): File D:\UNIVERSIDAD\REPOSITORIOSGIT\SW\ITER1\Casos de Uso\Casos_Uso_1\Casos_Uso.rpw 
 Error (line 533) - Attempt to read a token past end of file


11, 13, 2018 (08:20:37): File D:\UNIVERSIDAD\REPOSITORIOSGIT\SW\ITER1\Casos de Uso\Casos_Uso_1\Casos_Uso.rpw 
 Error (line 533) - Attempt to read a token past end of file


11, 13, 2018 (08:20:37): File D:\UNIVERSIDAD\REPOSITORIOSGIT\SW\ITER1\Casos de Uso\Casos_Uso_1\Casos_Uso.rpw 
 Error (line 533) - Attempt to read a token past end of file


11, 13, 2018 (08:20:37): File D:\UNIVERSIDAD\REPOSITORIOSGIT\SW\ITER1\Casos de Uso\Casos_Uso_1\Casos_Uso.rpw 
 Error (line 533) - Attempt to read a token past end of file


11, 13, 2018 (08:20:37): File D:\UNIVERSIDAD\REPOSITORIOSGIT\SW\ITER1\Casos de Uso\Casos_Uso_1\Casos_Uso.rpw 
 Error (line 533) - Attempt to read a token past end of file


11, 13, 2018 (08:20:37): File D:\UNIVERSIDAD\REPOSITORIOSGIT\SW\ITER1\Casos de Uso\Casos_Uso_1\Casos_Uso.rpw 
 Error (line 533) - Attempt to read a token past end of file


11, 13, 2018 (08:20:37): File D:\UNIVERSIDAD\REPOSITORIOSGIT\SW\ITER1\Casos de Uso\Casos_Uso_1\Casos_Uso.rpw 
 Error (line 533) - Attempt to read a token past end of file


11, 13, 2018 (08:20:37): File D:\UNIVERSIDAD\REPOSITORIOSGIT\SW\ITER1\Casos de Uso\Casos_Uso_1\Casos_Uso.rpw 
 Error (line 533) - Attempt to read a token past end of file


11, 13, 2018 (08:20:37): File D:\UNIVERSIDAD\REPOSITORIOSGIT\SW\ITER1\Casos de Uso\Casos_Uso_1\Casos_Uso.rpw 
 Error (line 533) - Unrecognized error when loading object of type favoritesItem


11, 13, 2018 (08:20:37): File D:\UNIVERSIDAD\REPOSITORIOSGIT\SW\ITER1\Casos de Uso\Casos_Uso_1\Casos_Uso.rpw 
 Error (line 533) - Attempt to read a token past end of file


11, 13, 2018 (08:20:37): File D:\UNIVERSIDAD\REPOSITORIOSGIT\SW\ITER1\Casos de Uso\Casos_Uso_1\Casos_Uso.rpw 
 Error (line 533) - Error reading 2th object in container. Skipping to next object


11, 13, 2018 (08:20:37): File D:\UNIVERSIDAD\REPOSITORIOSGIT\SW\ITER1\Casos de Uso\Casos_Uso_1\Casos_Uso.rpw 
 Error (line 533) - Attempt to read a token past end of file


11, 13, 2018 (08:20:37): File D:\UNIVERSIDAD\REPOSITORIOSGIT\SW\ITER1\Casos de Uso\Casos_Uso_1\Casos_Uso.rpw 
 Error (line 533) - Attempt to read a token past end of file


11, 13, 2018 (08:20:37): File D:\UNIVERSIDAD\REPOSITORIOSGIT\SW\ITER1\Casos de Uso\Casos_Uso_1\Casos_Uso.rpw 
 Error (line 533) - Missing start object token ({)


11, 13, 2018 (08:20:37): File D:\UNIVERSIDAD\REPOSITORIOSGIT\SW\ITER1\Casos de Uso\Casos_Uso_1\Casos_Uso.rpw 
 Error (line 533) - Error reading 3th object in container. Skipping to next object


11, 13, 2018 (08:20:37): File D:\UNIVERSIDAD\REPOSITORIOSGIT\SW\ITER1\Casos de Uso\Casos_Uso_1\Casos_Uso.rpw 
 Error (line 533) - Attempt to read a token past end of file


11, 13, 2018 (08:20:37): File D:\UNIVERSIDAD\REPOSITORIOSGIT\SW\ITER1\Casos de Uso\Casos_Uso_1\Casos_Uso.rpw 
 Error (line 533) - Attempt to read a token past end of file


11, 13, 2018 (08:20:37): File D:\UNIVERSIDAD\REPOSITORIOSGIT\SW\ITER1\Casos de Uso\Casos_Uso_1\Casos_Uso.rpw 
 Error (line 533) - Missing start object token ({)


11, 13, 2018 (08:20:37): File D:\UNIVERSIDAD\REPOSITORIOSGIT\SW\ITER1\Casos de Uso\Casos_Uso_1\Casos_Uso.rpw 
 Error (line 533) - Error reading 4th object in container. Skipping to next object


11, 13, 2018 (08:20:37): File D:\UNIVERSIDAD\REPOSITORIOSGIT\SW\ITER1\Casos de Uso\Casos_Uso_1\Casos_Uso.rpw 
 Error (line 533) - Attempt to read a token past end of file


11, 13, 2018 (08:20:37): File D:\UNIVERSIDAD\REPOSITORIOSGIT\SW\ITER1\Casos de Uso\Casos_Uso_1\Casos_Uso.rpw 
 Error (line 533) - Attempt to read a token past end of file


11, 13, 2018 (08:20:37): File D:\UNIVERSIDAD\REPOSITORIOSGIT\SW\ITER1\Casos de Uso\Casos_Uso_1\Casos_Uso.rpw 
 Error (line 533) - Missing start object token ({)


11, 13, 2018 (08:20:37): File D:\UNIVERSIDAD\REPOSITORIOSGIT\SW\ITER1\Casos de Uso\Casos_Uso_1\Casos_Uso.rpw 
 Error (line 533) - Error reading 5th object in container. Skipping to next object


11, 13, 2018 (08:20:37): File D:\UNIVERSIDAD\REPOSITORIOSGIT\SW\ITER1\Casos de Uso\Casos_Uso_1\Casos_Uso.rpw 
 Error (line 533) - Attempt to read a token past end of file


11, 13, 2018 (08:20:37): File D:\UNIVERSIDAD\REPOSITORIOSGIT\SW\ITER1\Casos de Uso\Casos_Uso_1\Casos_Uso.rpw 
 Error (line 533) - Attempt to read a token past end of file


11, 13, 2018 (08:20:37): File D:\UNIVERSIDAD\REPOSITORIOSGIT\SW\ITER1\Casos de Uso\Casos_Uso_1\Casos_Uso.rpw 
 Error (line 533) - Missing start object token ({)


11, 13, 2018 (08:20:37): File D:\UNIVERSIDAD\REPOSITORIOSGIT\SW\ITER1\Casos de Uso\Casos_Uso_1\Casos_Uso.rpw 
 Error (line 533) - Error reading 6th object in container. Skipping to next object


11, 13, 2018 (08:20:37): File D:\UNIVERSIDAD\REPOSITORIOSGIT\SW\ITER1\Casos de Uso\Casos_Uso_1\Casos_Uso.rpw 
 Error (line 533) - Attempt to read a token past end of file


11, 13, 2018 (08:20:37): File D:\UNIVERSIDAD\REPOSITORIOSGIT\SW\ITER1\Casos de Uso\Casos_Uso_1\Casos_Uso.rpw 
 Error (line 533) - Attempt to read a token past end of file


11, 13, 2018 (08:20:37): File D:\UNIVERSIDAD\REPOSITORIOSGIT\SW\ITER1\Casos de Uso\Casos_Uso_1\Casos_Uso.rpw 
 Error (line 533) - Missing start object token ({)


11, 13, 2018 (08:20:37): File D:\UNIVERSIDAD\REPOSITORIOSGIT\SW\ITER1\Casos de Uso\Casos_Uso_1\Casos_Uso.rpw 
 Error (line 533) - Error reading 7th object in container. Skipping to next object


11, 13, 2018 (08:20:37): File D:\UNIVERSIDAD\REPOSITORIOSGIT\SW\ITER1\Casos de Uso\Casos_Uso_1\Casos_Uso.rpw 
 Error (line 533) - Attempt to read a token past end of file


11, 13, 2018 (08:20:37): File D:\UNIVERSIDAD\REPOSITORIOSGIT\SW\ITER1\Casos de Uso\Casos_Uso_1\Casos_Uso.rpw 
 Error (line 533) - Attempt to read a token past end of file


11, 13, 2018 (08:20:37): File D:\UNIVERSIDAD\REPOSITORIOSGIT\SW\ITER1\Casos de Uso\Casos_Uso_1\Casos_Uso.rpw 
 Error (line 533) - Missing start object token ({)


11, 13, 2018 (08:20:37): File D:\UNIVERSIDAD\REPOSITORIOSGIT\SW\ITER1\Casos de Uso\Casos_Uso_1\Casos_Uso.rpw 
 Error (line 533) - Error reading 8th object in container. Skipping to next object


11, 13, 2018 (08:20:37): File D:\UNIVERSIDAD\REPOSITORIOSGIT\SW\ITER1\Casos de Uso\Casos_Uso_1\Casos_Uso.rpw 
 Error (line 533) - Attempt to read a token past end of file


11, 13, 2018 (08:20:37): File D:\UNIVERSIDAD\REPOSITORIOSGIT\SW\ITER1\Casos de Uso\Casos_Uso_1\Casos_Uso.rpw 
 Error (line 533) - Attempt to read a token past end of file


11, 13, 2018 (08:20:37): File D:\UNIVERSIDAD\REPOSITORIOSGIT\SW\ITER1\Casos de Uso\Casos_Uso_1\Casos_Uso.rpw 
 Error (line 533) - Missing start object token ({)


11, 13, 2018 (08:20:37): File D:\UNIVERSIDAD\REPOSITORIOSGIT\SW\ITER1\Casos de Uso\Casos_Uso_1\Casos_Uso.rpw 
 Error (line 533) - Error reading 9th object in container. Skipping to next object


11, 13, 2018 (08:20:37): File D:\UNIVERSIDAD\REPOSITORIOSGIT\SW\ITER1\Casos de Uso\Casos_Uso_1\Casos_Uso.rpw 
 Error (line 533) - Attempt to read a token past end of file


11, 13, 2018 (08:20:37): File D:\UNIVERSIDAD\REPOSITORIOSGIT\SW\ITER1\Casos de Uso\Casos_Uso_1\Casos_Uso.rpw 
 Error (line 533) - Attempt to read a token past end of file


11, 13, 2018 (08:20:37): File D:\UNIVERSIDAD\REPOSITORIOSGIT\SW\ITER1\Casos de Uso\Casos_Uso_1\Casos_Uso.rpw 
 Error (line 533) - Missing start object token ({)


11, 13, 2018 (08:20:37): File D:\UNIVERSIDAD\REPOSITORIOSGIT\SW\ITER1\Casos de Uso\Casos_Uso_1\Casos_Uso.rpw 
 Error (line 533) - Error reading 10th object in container. Skipping to next object


11, 13, 2018 (08:20:37): File D:\UNIVERSIDAD\REPOSITORIOSGIT\SW\ITER1\Casos de Uso\Casos_Uso_1\Casos_Uso.rpw 
 Error (line 533) - Attempt to read a token past end of file


11, 13, 2018 (08:20:37): File D:\UNIVERSIDAD\REPOSITORIOSGIT\SW\ITER1\Casos de Uso\Casos_Uso_1\Casos_Uso.rpw 
 Error (line 533) - Attempt to read a token past end of file


11, 13, 2018 (08:20:37): File D:\UNIVERSIDAD\REPOSITORIOSGIT\SW\ITER1\Casos de Uso\Casos_Uso_1\Casos_Uso.rpw 
 Error (line 533) - Missing start object token ({)


11, 13, 2018 (08:20:37): File D:\UNIVERSIDAD\REPOSITORIOSGIT\SW\ITER1\Casos de Uso\Casos_Uso_1\Casos_Uso.rpw 
 Error (line 533) - Error reading 11th object in container. Skipping to next object


11, 13, 2018 (08:20:37): File D:\UNIVERSIDAD\REPOSITORIOSGIT\SW\ITER1\Casos de Uso\Casos_Uso_1\Casos_Uso.rpw 
 Error (line 533) - Attempt to read a token past end of file


11, 13, 2018 (08:20:37): File D:\UNIVERSIDAD\REPOSITORIOSGIT\SW\ITER1\Casos de Uso\Casos_Uso_1\Casos_Uso.rpw 
 Error (line 533) - Attempt to read a token past end of file


11, 13, 2018 (08:20:37): File D:\UNIVERSIDAD\REPOSITORIOSGIT\SW\ITER1\Casos de Uso\Casos_Uso_1\Casos_Uso.rpw 
 Error (line 533) - Missing start object token ({)


11, 13, 2018 (08:20:37): File D:\UNIVERSIDAD\REPOSITORIOSGIT\SW\ITER1\Casos de Uso\Casos_Uso_1\Casos_Uso.rpw 
 Error (line 533) - Error reading 12th object in container. Skipping to next object


11, 13, 2018 (08:20:37): File D:\UNIVERSIDAD\REPOSITORIOSGIT\SW\ITER1\Casos de Uso\Casos_Uso_1\Casos_Uso.rpw 
 Error (line 533) - Attempt to read a token past end of file


11, 13, 2018 (08:20:37): File D:\UNIVERSIDAD\REPOSITORIOSGIT\SW\ITER1\Casos de Uso\Casos_Uso_1\Casos_Uso.rpw 
 Error (line 533) - Attempt to read a token past end of file


11, 13, 2018 (08:20:37): File D:\UNIVERSIDAD\REPOSITORIOSGIT\SW\ITER1\Casos de Uso\Casos_Uso_1\Casos_Uso.rpw 
 Error (line 533) - Missing start object token ({)


11, 13, 2018 (08:20:37): File D:\UNIVERSIDAD\REPOSITORIOSGIT\SW\ITER1\Casos de Uso\Casos_Uso_1\Casos_Uso.rpw 
 Error (line 533) - Error reading 13th object in container. Skipping to next object


11, 13, 2018 (08:20:37): File D:\UNIVERSIDAD\REPOSITORIOSGIT\SW\ITER1\Casos de Uso\Casos_Uso_1\Casos_Uso.rpw 
 Error (line 533) - Attempt to read a token past end of file


11, 13, 2018 (08:20:37): File D:\UNIVERSIDAD\REPOSITORIOSGIT\SW\ITER1\Casos de Uso\Casos_Uso_1\Casos_Uso.rpw 
 Error (line 533) - Attempt to read a token past end of file


11, 13, 2018 (08:20:37): File D:\UNIVERSIDAD\REPOSITORIOSGIT\SW\ITER1\Casos de Uso\Casos_Uso_1\Casos_Uso.rpw 
 Error (line 533) - Missing start object token ({)


11, 13, 2018 (08:20:37): File D:\UNIVERSIDAD\REPOSITORIOSGIT\SW\ITER1\Casos de Uso\Casos_Uso_1\Casos_Uso.rpw 
 Error (line 533) - Error reading 14th object in container. Skipping to next object


11, 13, 2018 (08:20:37): File D:\UNIVERSIDAD\REPOSITORIOSGIT\SW\ITER1\Casos de Uso\Casos_Uso_1\Casos_Uso.rpw 
 Error (line 533) - Attempt to read a token past end of file


11, 13, 2018 (08:20:37): File D:\UNIVERSIDAD\REPOSITORIOSGIT\SW\ITER1\Casos de Uso\Casos_Uso_1\Casos_Uso.rpw 
 Error (line 533) - Attempt to read a token past end of file


11, 13, 2018 (08:20:37): File D:\UNIVERSIDAD\REPOSITORIOSGIT\SW\ITER1\Casos de Uso\Casos_Uso_1\Casos_Uso.rpw 
 Error (line 533) - Missing start object token ({)


11, 13, 2018 (08:20:37): File D:\UNIVERSIDAD\REPOSITORIOSGIT\SW\ITER1\Casos de Uso\Casos_Uso_1\Casos_Uso.rpw 
 Error (line 533) - Error reading 15th object in container. Skipping to next object


11, 13, 2018 (08:20:37): File D:\UNIVERSIDAD\REPOSITORIOSGIT\SW\ITER1\Casos de Uso\Casos_Uso_1\Casos_Uso.rpw 
 Error (line 533) - Attempt to read a token past end of file


11, 13, 2018 (08:20:37): File D:\UNIVERSIDAD\REPOSITORIOSGIT\SW\ITER1\Casos de Uso\Casos_Uso_1\Casos_Uso.rpw 
 Error (line 533) - Attempt to read a token past end of file


11, 13, 2018 (08:20:37): File D:\UNIVERSIDAD\REPOSITORIOSGIT\SW\ITER1\Casos de Uso\Casos_Uso_1\Casos_Uso.rpw 
 Error (line 533) - Missing start object token ({)


11, 13, 2018 (08:20:37): File D:\UNIVERSIDAD\REPOSITORIOSGIT\SW\ITER1\Casos de Uso\Casos_Uso_1\Casos_Uso.rpw 
 Error (line 533) - Error reading 16th object in container. Skipping to next object


11, 13, 2018 (08:20:37): File D:\UNIVERSIDAD\REPOSITORIOSGIT\SW\ITER1\Casos de Uso\Casos_Uso_1\Casos_Uso.rpw 
 Error (line 533) - Attempt to read a token past end of file


11, 13, 2018 (08:20:37): File D:\UNIVERSIDAD\REPOSITORIOSGIT\SW\ITER1\Casos de Uso\Casos_Uso_1\Casos_Uso.rpw 
 Error (line 533) - Attempt to read a token past end of file


11, 13, 2018 (08:20:37): File D:\UNIVERSIDAD\REPOSITORIOSGIT\SW\ITER1\Casos de Uso\Casos_Uso_1\Casos_Uso.rpw 
 Error (line 533) - Missing start object token ({)


11, 13, 2018 (08:20:37): File D:\UNIVERSIDAD\REPOSITORIOSGIT\SW\ITER1\Casos de Uso\Casos_Uso_1\Casos_Uso.rpw 
 Error (line 533) - Error reading 17th object in container. Skipping to next object


11, 13, 2018 (08:20:37): File D:\UNIVERSIDAD\REPOSITORIOSGIT\SW\ITER1\Casos de Uso\Casos_Uso_1\Casos_Uso.rpw 
 Error (line 533) - Attempt to read a token past end of file


11, 13, 2018 (08:20:37): File D:\UNIVERSIDAD\REPOSITORIOSGIT\SW\ITER1\Casos de Uso\Casos_Uso_1\Casos_Uso.rpw 
 Error (line 533) - Attempt to read a token past end of file


11, 13, 2018 (08:20:37): File D:\UNIVERSIDAD\REPOSITORIOSGIT\SW\ITER1\Casos de Uso\Casos_Uso_1\Casos_Uso.rpw 
 Error (line 533) - Failed to find end object ( } )


11, 13, 2018 (08:20:37): File D:\UNIVERSIDAD\REPOSITORIOSGIT\SW\ITER1\Casos de Uso\Casos_Uso_1\Casos_Uso.rpw 
 Error (line 533) - Attempt to read a token past end of file


11, 13, 2018 (08:20:37): File D:\UNIVERSIDAD\REPOSITORIOSGIT\SW\ITER1\Casos de Uso\Casos_Uso_1\Casos_Uso.rpw 
 Error (line 533) - Attempt to read a token past end of file


11, 13, 2018 (08:20:37): File D:\UNIVERSIDAD\REPOSITORIOSGIT\SW\ITER1\Casos de Uso\Casos_Uso_1\Casos_Uso.rpw 
 Error (line 533) - Attempt to read a token past end of file


11, 13, 2018 (08:20:37): File D:\UNIVERSIDAD\REPOSITORIOSGIT\SW\ITER1\Casos de Uso\Casos_Uso_1\Casos_Uso.rpw 
 Error (line 533) - Attempt to read a token past end of file


