10, 30, 2018 (09:03:58): Starting Pre-Save actions

10, 30, 2018 (09:03:58): Starting Dialogs Check/Save
10, 30, 2018 (09:03:58): Finished Dialogs Check/Save
10, 30, 2018 (09:03:58): Starting Controlled Files Resolution
10, 30, 2018 (09:03:58): Finished Controlled Files Resolution
10, 30, 2018 (09:03:58): Finished Pre-Save actions

10, 30, 2018 (09:03:58): Creating D:\UNIVERSIDAD\REPOSITORIOSGIT\SW\ITER1\Casos de Uso\Casos_Uso_1\Casos_Uso.rpy
10, 30, 2018 (09:03:58): 
Started writing D:\UNIVERSIDAD\REPOSITORIOSGIT\SW\ITER1\Casos de Uso\Casos_Uso_1\Casos_Uso.rpy on Tuesday, October 30, 2018 (09:03:58)

10, 30, 2018 (09:03:58): version 8.5.2
10, 30, 2018 (09:03:58): 
Started writing D:\UNIVERSIDAD\REPOSITORIOSGIT\SW\ITER1\Casos de Uso\Casos_Uso_1\Casos_Uso_rpy\filesTable.dat on Tuesday, October 30, 2018 (09:03:58)

10, 30, 2018 (09:03:58): Finished writing D:\UNIVERSIDAD\REPOSITORIOSGIT\SW\ITER1\Casos de Uso\Casos_Uso_1\Casos_Uso_rpy\filesTable.dat on Tuesday, October 30, 2018 (09:03:58)

10, 30, 2018 (09:03:58): Creating D:\UNIVERSIDAD\REPOSITORIOSGIT\SW\ITER1\Casos de Uso\Casos_Uso_1\Casos_Uso_rpy\Default.sbs
10, 30, 2018 (09:03:58): 
Started writing D:\UNIVERSIDAD\REPOSITORIOSGIT\SW\ITER1\Casos de Uso\Casos_Uso_1\Casos_Uso_rpy\Default.sbs on Tuesday, October 30, 2018 (09:03:58)

10, 30, 2018 (09:03:58): version 8.5.2
10, 30, 2018 (09:03:58): Finished writing D:\UNIVERSIDAD\REPOSITORIOSGIT\SW\ITER1\Casos de Uso\Casos_Uso_1\Casos_Uso_rpy\Default.sbs on Tuesday, October 30, 2018 (09:03:58)

10, 30, 2018 (09:03:58): Finished writing D:\UNIVERSIDAD\REPOSITORIOSGIT\SW\ITER1\Casos de Uso\Casos_Uso_1\Casos_Uso.rpy on Tuesday, October 30, 2018 (09:03:58)

10, 30, 2018 (09:03:58): End Log
