12, 23, 2018 (11:25:24): Opening rpy file C:\Program Files (x86)\IBM\Rational\Rhapsody Modeler\7.5\Share\Properties\PredefinedTypes.sbs
12, 23, 2018 (11:25:24): 
 Started loading C:\Program Files (x86)\IBM\Rational\Rhapsody Modeler\7.5\Share\Properties\PredefinedTypes.sbs on Sunday, December 23, 2018 (11:25:24).-

12, 23, 2018 (11:25:24): 

Starting inUnit resolution phase


12, 23, 2018 (11:25:24): 

Finished inUnit resolution phase


12, 23, 2018 (11:25:24): 
 Finished loading C:\Program Files (x86)\IBM\Rational\Rhapsody Modeler\7.5\Share\Properties\PredefinedTypes.sbs on Sunday, December 23, 2018 (11:25:24).-

12, 23, 2018 (11:25:24): Opening rpy file C:\Program Files (x86)\IBM\Rational\Rhapsody Modeler\7.5\Share\Properties\PredefinedTypesC++.sbs
12, 23, 2018 (11:25:24): 
 Started loading C:\Program Files (x86)\IBM\Rational\Rhapsody Modeler\7.5\Share\Properties\PredefinedTypesC++.sbs on Sunday, December 23, 2018 (11:25:24).-

12, 23, 2018 (11:25:24): 

Starting inUnit resolution phase


12, 23, 2018 (11:25:24): 

Finished inUnit resolution phase


12, 23, 2018 (11:25:24): 
 Finished loading C:\Program Files (x86)\IBM\Rational\Rhapsody Modeler\7.5\Share\Properties\PredefinedTypesC++.sbs on Sunday, December 23, 2018 (11:25:24).-

12, 23, 2018 (11:25:24): Opening rpy file D:\UNIVERSIDAD\REPOSITORIOSGIT\SW\ITER3\RATIONAL\Diagrama_Clases_Reducido\Diagrama_Clases_Reducido.rpy
12, 23, 2018 (11:25:24): 
 Started loading D:\UNIVERSIDAD\REPOSITORIOSGIT\SW\ITER3\RATIONAL\Diagrama_Clases_Reducido\Diagrama_Clases_Reducido.rpy on Sunday, December 23, 2018 (11:25:24).-

12, 23, 2018 (11:25:24): Opening rpy file D:\UNIVERSIDAD\REPOSITORIOSGIT\SW\ITER3\RATIONAL\Diagrama_Clases_Reducido\Diagrama_Clases_Reducido_rpy\Default.sbs
12, 23, 2018 (11:25:24): 
 Started loading D:\UNIVERSIDAD\REPOSITORIOSGIT\SW\ITER3\RATIONAL\Diagrama_Clases_Reducido\Diagrama_Clases_Reducido_rpy\Default.sbs on Sunday, December 23, 2018 (11:25:24).-

12, 23, 2018 (11:25:24): 

Starting inUnit resolution phase


12, 23, 2018 (11:25:24): 

Finished inUnit resolution phase


12, 23, 2018 (11:25:24): 
 Finished loading D:\UNIVERSIDAD\REPOSITORIOSGIT\SW\ITER3\RATIONAL\Diagrama_Clases_Reducido\Diagrama_Clases_Reducido_rpy\Default.sbs on Sunday, December 23, 2018 (11:25:24).-

12, 23, 2018 (11:25:24): Opening rpy file D:\UNIVERSIDAD\REPOSITORIOSGIT\SW\ITER3\RATIONAL\Diagrama_Clases_Reducido\Diagrama_Clases_Reducido_rpy\TipoDatos.sbs
12, 23, 2018 (11:25:24): 
 Started loading D:\UNIVERSIDAD\REPOSITORIOSGIT\SW\ITER3\RATIONAL\Diagrama_Clases_Reducido\Diagrama_Clases_Reducido_rpy\TipoDatos.sbs on Sunday, December 23, 2018 (11:25:24).-

12, 23, 2018 (11:25:24): 

Starting inUnit resolution phase


12, 23, 2018 (11:25:24): 

Finished inUnit resolution phase


12, 23, 2018 (11:25:24): 
 Finished loading D:\UNIVERSIDAD\REPOSITORIOSGIT\SW\ITER3\RATIONAL\Diagrama_Clases_Reducido\Diagrama_Clases_Reducido_rpy\TipoDatos.sbs on Sunday, December 23, 2018 (11:25:24).-

12, 23, 2018 (11:25:24): Opening rpy file D:\UNIVERSIDAD\REPOSITORIOSGIT\SW\ITER3\RATIONAL\Diagrama_Clases_Reducido\Diagrama_Clases_Reducido_rpy\DefaultComponent.cmp
12, 23, 2018 (11:25:24): 
 Started loading D:\UNIVERSIDAD\REPOSITORIOSGIT\SW\ITER3\RATIONAL\Diagrama_Clases_Reducido\Diagrama_Clases_Reducido_rpy\DefaultComponent.cmp on Sunday, December 23, 2018 (11:25:24).-

12, 23, 2018 (11:25:24): 

Starting inUnit resolution phase


12, 23, 2018 (11:25:24): 

Finished inUnit resolution phase


12, 23, 2018 (11:25:24): 
 Finished loading D:\UNIVERSIDAD\REPOSITORIOSGIT\SW\ITER3\RATIONAL\Diagrama_Clases_Reducido\Diagrama_Clases_Reducido_rpy\DefaultComponent.cmp on Sunday, December 23, 2018 (11:25:24).-

12, 23, 2018 (11:25:24): 

Starting inUnit resolution phase


12, 23, 2018 (11:25:24): 

Finished inUnit resolution phase


12, 23, 2018 (11:25:24): 

Starting inUnit resolution phase


12, 23, 2018 (11:25:24): 

Finished inUnit resolution phase


12, 23, 2018 (11:25:24): 

Starting inUnit resolution phase


12, 23, 2018 (11:25:24): 

Finished inUnit resolution phase


12, 23, 2018 (11:25:24): 
 Finished loading D:\UNIVERSIDAD\REPOSITORIOSGIT\SW\ITER3\RATIONAL\Diagrama_Clases_Reducido\Diagrama_Clases_Reducido.rpy on Sunday, December 23, 2018 (11:25:24).-

12, 23, 2018 (11:25:24): Starting checks of EventsBaseID conflicts
12, 23, 2018 (11:25:24): Finished checks of EventsBaseID conflicts
12, 23, 2018 (11:25:24): End Log
