11, 25, 2018 (19:51:10): UR named: Asignar Petición de Trabajo, of type IUseCase, and ID: ee1fe0be-0d52-46b9-9578-871279d7e162 was created. Owned by the Default Package.
11, 25, 2018 (19:51:10): UR named: Mostrar Historial de Trabajo, of type IUseCase, and ID: fec23ceb-a8ae-45c9-8a50-25aa3fc079d7 was created. Owned by the Default Package.
11, 25, 2018 (19:51:10): UR named: Crear Factura, of type IUseCase, and ID: c2d8a1e1-4e40-4fcd-8f27-77990d64ddf0 was created. Owned by the Default Package.
11, 25, 2018 (19:51:10): UR named: Consultar Informe de Trabajao, of type IUseCase, and ID: 9461c7ef-767c-4004-8654-a15f8c5cd1c8 was created. Owned by the Default Package.
11, 25, 2018 (19:51:10): UR named: Consultar Informe de Beneficios, of type IUseCase, and ID: 8094906e-df50-4b19-995e-f183395f169a was created. Owned by the Default Package.
11, 25, 2018 (19:51:10): UR named: Gestión Administrativa, of type IUseCase, and ID: e82347c4-ca95-4cbb-920e-18252600e4e0 was created. Owned by the Default Package.
11, 25, 2018 (19:51:10): UR named: Gestión Trabajadores, of type IUseCase, and ID: d613b4da-c41f-411d-9a93-ca240704606c was created. Owned by the Default Package.
11, 25, 2018 (19:51:10): UR named: Crear Presupuesto, of type IUseCase, and ID: a95bd9a5-3b7b-4e6b-a291-4bdac245a67c was created. Owned by the Default Package.
11, 25, 2018 (19:51:10): UR named: Crear Registro, of type IUseCase, and ID: 5bd8cc10-a2f7-4c25-8d33-bf6a395e1b16 was created. Owned by the Default Package.
11, 25, 2018 (19:51:10): UR named: Gestion Peticiones, of type IUseCase, and ID: da5075a2-8453-438a-810c-c98742a53990 was created. Owned by the Default Package.
11, 25, 2018 (19:51:10): UR named: Identificación, of type IUseCase, and ID: f763b2c4-64f6-4521-b0c8-0320656cc359 was created. Owned by the Default Package.
11, 25, 2018 (19:51:10): UR named: Coordinador, of type IActor, and ID: 2dfd41b5-184d-4e8b-891b-5c789e8a5a77 was created. Owned by the Default Package.
11, 25, 2018 (19:51:10): UR named: Seleccionar Cliente, of type IUseCase, and ID: f0f4b72c-cf59-4d5b-8721-20a0cd2f8a41 was created. Owned by the Default Package.
11, 25, 2018 (19:51:10): UR named: Modificar Cliente, of type IUseCase, and ID: 3b2e379b-211a-46a2-9994-bf358fa2cb8b was created. Owned by the Default Package.
11, 25, 2018 (19:51:10): UR named: Dar de Baja Cliente, of type IUseCase, and ID: cffab6c5-2971-4d36-9499-461320b4d7e6 was created. Owned by the Default Package.
11, 25, 2018 (19:51:10): UR named: Dar de Alta Cliente, of type IUseCase, and ID: 3fca4354-2599-4cf2-93c8-8ebb13698c7d was created. Owned by the Default Package.
11, 25, 2018 (19:51:10): UR named: Gestion de Clientes, of type IUseCase, and ID: 8e93b036-37bd-4b3d-88af-ebec2ac4ff7f was created. Owned by the Default Package.
11, 25, 2018 (19:51:10): UR named: Ayudante del Coordinador, of type IActor, and ID: 9f422711-9cf6-484f-b806-ee5eb9709d2f was created. Owned by the Default Package.
11, 25, 2018 (19:51:10): UR named: Asignar Petición de Trabajo, of type IDependency, and ID: b136a0e3-e803-4fcb-8898-4c912ff57d3d was created. Owned by the Gestión Trabajadores UseCase.
11, 25, 2018 (19:51:10): UR named: Mostrar Historial de Trabajo, of type IDependency, and ID: 19fe9187-ce9f-4507-a169-3cd09205cd2f was created. Owned by the Gestión Trabajadores UseCase.
11, 25, 2018 (19:51:10): UR named: Crear Factura, of type IDependency, and ID: 9eb8b095-0c19-485f-b212-10866c553042 was created. Owned by the Gestion Peticiones UseCase.
11, 25, 2018 (19:51:10): UR named: Consultar Informe de Trabajao, of type IDependency, and ID: 3a9a7490-5983-4004-877a-0aab10ee5cd3 was created. Owned by the Gestión Administrativa UseCase.
11, 25, 2018 (19:51:10): UR named: Consultar Informe de Beneficios, of type IDependency, and ID: 315242c3-a32d-402c-b65b-f5c17cf1d0dc was created. Owned by the Gestión Administrativa UseCase.
11, 25, 2018 (19:51:10): UR named: Gestión Administrativa, of type IDependency, and ID: e53c2a1e-740b-4cca-b256-33efe16c4b23 was created. Owned by the Identificación UseCase.
11, 25, 2018 (19:51:10): UR named: Gestión Trabajadores, of type IDependency, and ID: 3c2b2ab8-8302-49ab-bc93-9e6a79e38ef5 was created. Owned by the Identificación UseCase.
11, 25, 2018 (19:51:10): UR named: Crear Presupuesto, of type IDependency, and ID: 50029070-85a5-471b-814c-75ae388f8c08 was created. Owned by the Gestion Peticiones UseCase.
11, 25, 2018 (19:51:10): UR named: Crear Registro, of type IDependency, and ID: 4ece0578-b045-40ab-b774-73e25116bcf5 was created. Owned by the Gestion Peticiones UseCase.
11, 25, 2018 (19:51:10): UR named: Gestion Peticiones_0, of type IDependency, and ID: 7a0e4891-7b39-4570-b797-deb61cc8a336 was created. Owned by the Identificación UseCase.
11, 25, 2018 (19:51:10): UR named: itsCoordinador, of type IAssociationEnd, and ID: 59cd9801-17bb-4cae-aef6-11886c5350bb was created. Owned by the Identificación UseCase.
11, 25, 2018 (19:51:10): UR named: itsIdentificación_1, of type IAssociationEnd, and ID: 107ff917-3d61-4329-b299-04f3039c1452 was created. Owned by the Coordinador Actor.
11, 25, 2018 (19:51:10): UR named: Ayudante del Coordinador, of type IGeneralization, and ID: e801fb9a-2ab0-4cfe-915b-35ffbd11756a was created. Owned by the Coordinador Actor.
11, 25, 2018 (19:51:10): UR named: Dar de Baja Cliente, of type IDependency, and ID: b77c667f-71ea-4902-9aa4-89bf0f4a859a was created. Owned by the Seleccionar Cliente UseCase.
11, 25, 2018 (19:51:10): UR named: Modificar Cliente, of type IDependency, and ID: 292298d1-9918-48a3-8173-0659d9487db0 was created. Owned by the Seleccionar Cliente UseCase.
11, 25, 2018 (19:51:10): UR named: Seleccionar Cliente, of type IDependency, and ID: fb2b0776-bc34-4cd3-bd01-b2732780241d was created. Owned by the Gestion de Clientes UseCase.
11, 25, 2018 (19:51:10): UR named: itsAyudante del Coordinador_1, of type IAssociationEnd, and ID: 0beb37f2-db22-4c11-b16f-541c61623117 was created. Owned by the Identificación UseCase.
11, 25, 2018 (19:51:10): UR named: itsIdentificación, of type IAssociationEnd, and ID: 4348ad89-eb68-4a00-8762-8fd399ba1975 was created. Owned by the Ayudante del Coordinador Actor.
11, 25, 2018 (19:51:10): UR named: Gestion de Clientes, of type IDependency, and ID: 383bf7b6-b903-4120-97ce-32d5486fde13 was created. Owned by the Identificación UseCase.
11, 25, 2018 (19:51:10): UR named: Dar de Alta Cliente, of type IDependency, and ID: 68c3a904-18a0-4e10-9ff4-7263b21de2eb was created. Owned by the Gestion de Clientes UseCase.
11, 25, 2018 (19:51:19): UR named: Consultar Trabajador, of type IUseCase, and ID: 80bae406-93a0-488f-be0e-9c532abd8e7a was created. Owned by the Default Package.
11, 25, 2018 (19:51:19): UR named: Cliente, of type IActor, and ID: 3938c6c7-3009-4a53-818c-c9cd32ab9c77 was created. Owned by the Default Package.
11, 25, 2018 (19:51:19): UR named: itsCrear Presupuesto_2, of type IAssociationEnd, and ID: 770421f0-fadd-4322-96c4-0e5b1e03a218 was created. Owned by the Cliente Class.
11, 25, 2018 (19:51:19): UR named: itsCrear Presupuesto, of type IAssociationEnd, and ID: df2b8882-02d0-4a16-9024-aa49b8ddae6b was created. Owned by the Cliente Class.
11, 25, 2018 (19:51:19): UR named: solicita, of type IAssociationClass, and ID: 521e405e-fc4b-4e43-b40d-121d5c00d565 was created. Owned by the Default Package.
11, 25, 2018 (19:51:19): UR named: Acciones de los Técnicos, of type IUCDiagram, and ID: 6c97560a-a914-4666-adcf-68c4e7f4ce11 was created. Owned by the Diagrama_Clases_Reducido Project.
11, 25, 2018 (19:51:19): UR named: Técnico, of type IActor, and ID: a7f59bdb-a46c-4d84-9a6f-8f2eb619c229 was created. Owned by the Default Package.
11, 25, 2018 (19:51:19): UR named: Ayudante de Responsable de Almacen, of type IActor, and ID: ed8180ef-89b9-40cd-9977-0620b70eb7c3 was created. Owned by the Default Package.
11, 25, 2018 (19:51:19): UR named: Responsable de Almacén, of type IActor, and ID: 95b21ae1-d42a-4dd0-b168-ea8cdf399cec was created. Owned by the Default Package.
11, 25, 2018 (19:51:19): UR named: itsIdentificación, of type IAssociationEnd, and ID: f282ce81-e888-4e9a-94a4-f8029c89dea6 was created. Owned by the Técnico Actor.
11, 25, 2018 (19:51:19): UR named: itsIdentificación, of type IAssociationEnd, and ID: a397d358-76f0-4f77-af13-90cb11bfffe1 was created. Owned by the Cliente Class.
11, 25, 2018 (19:51:19): UR named: itsIdentificación, of type IAssociationEnd, and ID: 2062ac09-22fe-4150-b04e-a3079517897c was created. Owned by the Ayudante de Responsable de Almacen Actor.
11, 25, 2018 (19:51:19): UR named: itsIdentificación, of type IAssociationEnd, and ID: 206222d1-95e9-47bc-b36a-d1627a47b87c was created. Owned by the Responsable de Almacén Actor.
11, 25, 2018 (19:51:19): UR named: itsIdentificación_1, of type IAssociationEnd, and ID: 504cfb4c-d06d-44cd-bb43-9c632cfe4c51 was created. Owned by the Ayudante de Responsable de Almacen Actor.
11, 25, 2018 (19:51:19): UR named: Gestión Piezas, of type IUseCase, and ID: 9c6b875a-9f73-493b-94e2-6c195d1366f3 was created. Owned by the Default Package.
11, 25, 2018 (19:51:19): UR named: Gestión Proveedores, of type IUseCase, and ID: aad2cc31-e7b1-41b1-bbdf-b7921d727e68 was created. Owned by the Default Package.
11, 25, 2018 (19:51:19): UR named: Gestión de Proveedores, of type IUseCase, and ID: 4bc2e25a-b4c3-4680-8357-932cd64f51e2 was created. Owned by the Default Package.
11, 25, 2018 (19:51:19): UR named: Gestión Partes Trabajo, of type IUseCase, and ID: d8e40272-d6d2-4d11-b2b7-9e3e55464785 was created. Owned by the Default Package.
11, 25, 2018 (19:51:19): UR named: Mostrar Peticiones Trabajo Pendientes, of type IUseCase, and ID: 58480bf0-1096-4a27-bf70-5874eef05264 was created. Owned by the Default Package.
11, 25, 2018 (19:51:19): UR named: Gestión Peticiones, of type IUseCase, and ID: 35288097-013b-4ec9-9bbc-a23bac221580 was created. Owned by the Default Package.
11, 25, 2018 (19:51:19): UR named: Datos Proveedor, of type IUseCase, and ID: 8b79147d-aacf-4310-8f5d-a1aa080af5bf was created. Owned by the Default Package.
11, 25, 2018 (19:51:19): UR named: Piezas Proveedor, of type IUseCase, and ID: f5ac7ed2-4153-4580-934e-8132cd6acbf3 was created. Owned by the Default Package.
11, 25, 2018 (19:52:01): UR named: Modificar Parte Trabajo, of type IUseCase, and ID: f730542f-95e9-45ea-aa12-66ed145215c5 was created. Owned by the Default Package.
11, 25, 2018 (19:52:01): UR named: Dar de Alta Parte Trabajo, of type IUseCase, and ID: b2a058e4-1d84-4fe8-aac4-c61d395b82df was created. Owned by the Default Package.
11, 25, 2018 (19:52:01): UR named: Modificar Parte Trabajo, of type IDependency, and ID: ae70df82-206e-47d9-a167-1ff142805b4b was created. Owned by the Gestión Partes Trabajo UseCase.
11, 25, 2018 (19:52:01): UR named: Dar de Alta Parte Trabajo, of type IDependency, and ID: 182893a6-b2b8-4312-a9a8-1d48d7c3afc8 was created. Owned by the Gestión Partes Trabajo UseCase.
11, 25, 2018 (19:53:44): UR named: itsIdentificación, of type IAssociationEnd, and ID: 2062ac09-22fe-4150-b04e-a3079517897c was created. Owned by the Ayudante de Responsable de Almacen Actor.
11, 25, 2018 (19:53:44): UR named: itsIdentificación, of type IAssociationEnd, and ID: 206222d1-95e9-47bc-b36a-d1627a47b87c was created. Owned by the Responsable de Almacén Actor.
11, 25, 2018 (19:53:44): UR named: itsIdentificación_1, of type IAssociationEnd, and ID: 504cfb4c-d06d-44cd-bb43-9c632cfe4c51 was created. Owned by the Ayudante de Responsable de Almacen Actor.
11, 25, 2018 (19:53:44): UR named: Declinar presupuesto, of type IUseCase, and ID: 5569223d-69af-415b-8374-36a3f0fc9e9a was created. Owned by the Default Package.
11, 25, 2018 (19:53:44): UR named: Solicita, of type IStereotype, and ID: ed1a4602-54f0-48c5-afa9-9b8d1434ae47 was created. Owned by the Default Package.
11, 25, 2018 (19:53:44): UR named: stereotype_22, of type IStereotype, and ID: 71c1356f-8f68-4968-a05e-81bf494a8658 was created. Owned by the Default Package.
11, 25, 2018 (19:55:19): Class Cliente relation itsIdentificación does not match its inverse. itsCliente_copy
 Relation converted to unidirectional. 

11, 25, 2018 (19:57:31): UR named: Gestion de Clientes, of type IUseCase, and ID: 8e93b036-37bd-4b3d-88af-ebec2ac4ff7f was created. Owned by the Default Package.
11, 25, 2018 (19:57:31): UR named: Cliente, of type IActor, and ID: 3938c6c7-3009-4a53-818c-c9cd32ab9c77 was created. Owned by the Default Package.
11, 25, 2018 (19:57:31): UR named: itsIdentificación, of type IAssociationEnd, and ID: a397d358-76f0-4f77-af13-90cb11bfffe1 was created. Owned by the Cliente Class.
11, 25, 2018 (19:58:49): UR named: Solicitar Pedidos a Proveedores, of type IUseCase, and ID: f3983880-719d-4162-8606-28968936d825 was created. Owned by the Default Package.
11, 25, 2018 (19:58:49): UR named: Gestión del Sistema, of type IUseCase, and ID: 27f46940-ac98-4699-beea-e8fcb18210d4 was created. Owned by the Default Package.
11, 25, 2018 (19:58:49): UR named: Realizar Informe Trabajadores, of type IUseCase, and ID: 231a70f7-69ad-4672-ba54-37f644600188 was created. Owned by the Default Package.
11, 25, 2018 (19:58:49): UR named: Realizar Informe Beneficios, of type IUseCase, and ID: f069632b-bfb2-4b87-8928-40a230f4960b was created. Owned by the Default Package.
11, 25, 2018 (19:58:49): UR named: Realizar Informe Trabajo, of type IUseCase, and ID: 7cd26669-b5e8-4b7b-808c-abed9ffedd09 was created. Owned by the Default Package.
11, 25, 2018 (19:58:49): UR named: Gestión Informes, of type IUseCase, and ID: ef59b239-3e62-413e-8456-be1a115cea66 was created. Owned by the Default Package.
11, 25, 2018 (19:58:49): UR named: Control Beneficios, of type IUseCase, and ID: 6a2d4f4e-99bc-43ec-9875-7d9ca5e25b46 was created. Owned by the Default Package.
11, 25, 2018 (19:58:49): UR named: Control Stock, of type IUseCase, and ID: e75a3daf-bc89-4d26-88e5-83f0014a0574 was created. Owned by the Default Package.
11, 25, 2018 (19:58:49): UR named: Actualizar fechas, of type IUseCase, and ID: a9feab1b-96e3-4b92-ad42-9b11520c082e was created. Owned by the Default Package.
11, 25, 2018 (19:58:49): UR named: Control Información Sistema, of type IUseCase, and ID: 97b3b331-bb3d-45cb-aef1-21ff4592f0c2 was created. Owned by the Default Package.
11, 25, 2018 (19:58:49): UR named: Sistema, of type IActor, and ID: bd0ac556-a9f5-40c6-9966-059a8597dc87 was created. Owned by the Default Package.
11, 25, 2018 (19:58:49): UR named: Solicitar Pedidos a Proveedores, of type IDependency, and ID: 859d932c-6bef-4372-b0f1-c6dc7d390b3f was created. Owned by the Gestión del Sistema UseCase.
11, 25, 2018 (19:58:49): UR named: Control Información Sistema, of type IDependency, and ID: cbd0efe8-1c4a-4ddc-b278-22fbf01ce259 was created. Owned by the Gestión del Sistema UseCase.
11, 25, 2018 (19:58:49): UR named: Gestión Informes, of type IDependency, and ID: cf55dd65-16ac-45cb-80ec-6a3b04a1348b was created. Owned by the Gestión del Sistema UseCase.
11, 25, 2018 (19:58:49): UR named: itsSistema_1, of type IAssociationEnd, and ID: dde668d7-61b7-46e4-919f-c5758e4f483e was created. Owned by the Gestión del Sistema UseCase.
11, 25, 2018 (19:58:49): UR named: itsGestión del Sistema, of type IAssociationEnd, and ID: 532fdabf-0d27-4368-80da-aff137bc4da3 was created. Owned by the Sistema Actor.
11, 25, 2018 (19:58:49): UR named: Realizar Informe Trabajadores, of type IDependency, and ID: 475714e8-ee43-4c15-8dd9-4c3921d4903d was created. Owned by the Gestión Informes UseCase.
11, 25, 2018 (19:58:49): UR named: Realizar Informe Beneficios, of type IDependency, and ID: b86dd9d8-0b42-4b5d-bbe3-31df3074af7a was created. Owned by the Gestión Informes UseCase.
11, 25, 2018 (19:58:49): UR named: Realizar Informe Trabajo, of type IDependency, and ID: 7f230c91-9309-46b6-8d7e-f65fdb312b97 was created. Owned by the Gestión Informes UseCase.
11, 25, 2018 (19:58:49): UR named: Control Beneficios, of type IDependency, and ID: 16c4d164-102a-4bd0-a921-63160a3e1ea7 was created. Owned by the Control Información Sistema UseCase.
11, 25, 2018 (19:58:49): UR named: Control Stock, of type IDependency, and ID: 7f9e8ca3-9deb-48aa-88fa-b2a835ca2fc7 was created. Owned by the Control Información Sistema UseCase.
11, 25, 2018 (19:58:49): UR named: Actualizar fechas, of type IDependency, and ID: 6598968e-4e21-492b-8280-1aee3da6309d was created. Owned by the Control Información Sistema UseCase.
11, 25, 2018 (23:51:43): UR named: Acciones de los Técnicos, of type IUCDiagram, and ID: 6c97560a-a914-4666-adcf-68c4e7f4ce11 was created. Owned by the Diagrama_Clases_Reducido Project.
11, 25, 2018 (23:51:43): UR named: Gestión Proveedores, of type IUseCase, and ID: aad2cc31-e7b1-41b1-bbdf-b7921d727e68 was created. Owned by the Default Package.
11, 25, 2018 (23:51:43): UR named: Consultar Trabajador, of type IUseCase, and ID: 80bae406-93a0-488f-be0e-9c532abd8e7a was created. Owned by the Default Package.
11, 25, 2018 (23:51:43): UR named: Declinar presupuesto, of type IUseCase, and ID: 5569223d-69af-415b-8374-36a3f0fc9e9a was created. Owned by the Default Package.
11, 25, 2018 (23:51:43): UR named: Solicita, of type IStereotype, and ID: ed1a4602-54f0-48c5-afa9-9b8d1434ae47 was created. Owned by the Default Package.
11, 25, 2018 (23:51:43): UR named: stereotype_22, of type IStereotype, and ID: 71c1356f-8f68-4968-a05e-81bf494a8658 was created. Owned by the Default Package.
11, 26, 2018 (12:18:53): UR named: Acciones de los Técnicos, of type IUCDiagram, and ID: 6c97560a-a914-4666-adcf-68c4e7f4ce11 was created. Owned by the Diagrama_Clases_Reducido Project.
11, 26, 2018 (12:18:53): UR named: Gestión Proveedores, of type IUseCase, and ID: aad2cc31-e7b1-41b1-bbdf-b7921d727e68 was created. Owned by the Default Package.
11, 26, 2018 (12:18:53): UR named: Consultar Trabajador, of type IUseCase, and ID: 80bae406-93a0-488f-be0e-9c532abd8e7a was created. Owned by the Default Package.
11, 26, 2018 (12:18:53): UR named: Declinar presupuesto, of type IUseCase, and ID: 5569223d-69af-415b-8374-36a3f0fc9e9a was created. Owned by the Default Package.
11, 26, 2018 (12:18:53): UR named: Solicita, of type IStereotype, and ID: ed1a4602-54f0-48c5-afa9-9b8d1434ae47 was created. Owned by the Default Package.
11, 26, 2018 (12:18:53): UR named: stereotype_22, of type IStereotype, and ID: 71c1356f-8f68-4968-a05e-81bf494a8658 was created. Owned by the Default Package.
11, 26, 2018 (13:22:14): UR named: Acciones de los Técnicos, of type IUCDiagram, and ID: 6c97560a-a914-4666-adcf-68c4e7f4ce11 was created. Owned by the Diagrama_Clases_Reducido Project.
11, 26, 2018 (13:22:14): UR named: Gestión Proveedores, of type IUseCase, and ID: aad2cc31-e7b1-41b1-bbdf-b7921d727e68 was created. Owned by the Default Package.
11, 26, 2018 (13:22:14): UR named: Consultar Trabajador, of type IUseCase, and ID: 80bae406-93a0-488f-be0e-9c532abd8e7a was created. Owned by the Default Package.
11, 26, 2018 (13:22:14): UR named: Declinar presupuesto, of type IUseCase, and ID: 5569223d-69af-415b-8374-36a3f0fc9e9a was created. Owned by the Default Package.
11, 26, 2018 (13:22:14): UR named: Solicita, of type IStereotype, and ID: ed1a4602-54f0-48c5-afa9-9b8d1434ae47 was created. Owned by the Default Package.
11, 26, 2018 (13:22:14): UR named: stereotype_22, of type IStereotype, and ID: 71c1356f-8f68-4968-a05e-81bf494a8658 was created. Owned by the Default Package.
11, 26, 2018 (14:52:00): UR named: Acciones de los Técnicos, of type IUCDiagram, and ID: 6c97560a-a914-4666-adcf-68c4e7f4ce11 was created. Owned by the Diagrama_Clases_Reducido Project.
11, 26, 2018 (14:52:00): UR named: Gestión Proveedores, of type IUseCase, and ID: aad2cc31-e7b1-41b1-bbdf-b7921d727e68 was created. Owned by the Default Package.
11, 26, 2018 (14:52:00): UR named: Consultar Trabajador, of type IUseCase, and ID: 80bae406-93a0-488f-be0e-9c532abd8e7a was created. Owned by the Default Package.
11, 26, 2018 (14:52:00): UR named: Declinar presupuesto, of type IUseCase, and ID: 5569223d-69af-415b-8374-36a3f0fc9e9a was created. Owned by the Default Package.
11, 26, 2018 (14:52:00): UR named: Solicita, of type IStereotype, and ID: ed1a4602-54f0-48c5-afa9-9b8d1434ae47 was created. Owned by the Default Package.
11, 26, 2018 (14:52:00): UR named: stereotype_22, of type IStereotype, and ID: 71c1356f-8f68-4968-a05e-81bf494a8658 was created. Owned by the Default Package.
11, 26, 2018 (15:35:52): UR named: Acciones de los Técnicos, of type IUCDiagram, and ID: 6c97560a-a914-4666-adcf-68c4e7f4ce11 was created. Owned by the Diagrama_Clases_Reducido Project.
11, 26, 2018 (15:35:52): UR named: Gestión Proveedores, of type IUseCase, and ID: aad2cc31-e7b1-41b1-bbdf-b7921d727e68 was created. Owned by the Default Package.
11, 26, 2018 (15:35:52): UR named: Consultar Trabajador, of type IUseCase, and ID: 80bae406-93a0-488f-be0e-9c532abd8e7a was created. Owned by the Default Package.
11, 26, 2018 (15:35:52): UR named: Declinar presupuesto, of type IUseCase, and ID: 5569223d-69af-415b-8374-36a3f0fc9e9a was created. Owned by the Default Package.
11, 26, 2018 (15:35:52): UR named: Solicita, of type IStereotype, and ID: ed1a4602-54f0-48c5-afa9-9b8d1434ae47 was created. Owned by the Default Package.
11, 26, 2018 (15:35:52): UR named: stereotype_22, of type IStereotype, and ID: 71c1356f-8f68-4968-a05e-81bf494a8658 was created. Owned by the Default Package.
11, 26, 2018 (16:59:16): UR named: Acciones de los Técnicos, of type IUCDiagram, and ID: 6c97560a-a914-4666-adcf-68c4e7f4ce11 was created. Owned by the Diagrama_Clases_Reducido Project.
11, 26, 2018 (16:59:16): UR named: Gestión Proveedores, of type IUseCase, and ID: aad2cc31-e7b1-41b1-bbdf-b7921d727e68 was created. Owned by the Default Package.
11, 26, 2018 (16:59:16): UR named: Consultar Trabajador, of type IUseCase, and ID: 80bae406-93a0-488f-be0e-9c532abd8e7a was created. Owned by the Default Package.
11, 26, 2018 (16:59:16): UR named: Declinar presupuesto, of type IUseCase, and ID: 5569223d-69af-415b-8374-36a3f0fc9e9a was created. Owned by the Default Package.
11, 26, 2018 (16:59:16): UR named: Solicita, of type IStereotype, and ID: ed1a4602-54f0-48c5-afa9-9b8d1434ae47 was created. Owned by the Default Package.
11, 26, 2018 (16:59:16): UR named: stereotype_22, of type IStereotype, and ID: 71c1356f-8f68-4968-a05e-81bf494a8658 was created. Owned by the Default Package.
<<<<<<< HEAD
11, 26, 2018 (18:48:29): UR named: Acciones de los Técnicos, of type IUCDiagram, and ID: 6c97560a-a914-4666-adcf-68c4e7f4ce11 was created. Owned by the Diagrama_Clases_Reducido Project.
11, 26, 2018 (18:48:29): UR named: Gestión Proveedores, of type IUseCase, and ID: aad2cc31-e7b1-41b1-bbdf-b7921d727e68 was created. Owned by the Default Package.
11, 26, 2018 (18:48:29): UR named: Consultar Trabajador, of type IUseCase, and ID: 80bae406-93a0-488f-be0e-9c532abd8e7a was created. Owned by the Default Package.
11, 26, 2018 (18:48:29): UR named: Declinar presupuesto, of type IUseCase, and ID: 5569223d-69af-415b-8374-36a3f0fc9e9a was created. Owned by the Default Package.
11, 26, 2018 (18:48:29): UR named: Solicita, of type IStereotype, and ID: ed1a4602-54f0-48c5-afa9-9b8d1434ae47 was created. Owned by the Default Package.
11, 26, 2018 (18:48:29): UR named: stereotype_22, of type IStereotype, and ID: 71c1356f-8f68-4968-a05e-81bf494a8658 was created. Owned by the Default Package.
11, 26, 2018 (19:10:41): File fake 
 Error (line 2) - Attempt to read a token past end of file


11, 26, 2018 (19:10:41): File fake 
 Error (line 2) - Attempt to read a token past end of file


11, 26, 2018 (19:10:41): File fake 
 Error (line 2) - Missing start object token ({)


11, 26, 2018 (19:10:44): File fake 
 Error (line 2) - Attempt to read a token past end of file


11, 26, 2018 (19:10:44): File fake 
 Error (line 2) - Attempt to read a token past end of file


11, 26, 2018 (19:10:45): File fake 
 Error (line 2) - Missing start object token ({)


=======
11, 26, 2018 (18:49:21): UR named: Acciones de los Técnicos, of type IUCDiagram, and ID: 6c97560a-a914-4666-adcf-68c4e7f4ce11 was created. Owned by the Diagrama_Clases_Reducido Project.
11, 26, 2018 (18:49:21): UR named: Gestión Proveedores, of type IUseCase, and ID: aad2cc31-e7b1-41b1-bbdf-b7921d727e68 was created. Owned by the Default Package.
11, 26, 2018 (18:49:21): UR named: Consultar Trabajador, of type IUseCase, and ID: 80bae406-93a0-488f-be0e-9c532abd8e7a was created. Owned by the Default Package.
11, 26, 2018 (18:49:21): UR named: Declinar presupuesto, of type IUseCase, and ID: 5569223d-69af-415b-8374-36a3f0fc9e9a was created. Owned by the Default Package.
11, 26, 2018 (18:49:21): UR named: Solicita, of type IStereotype, and ID: ed1a4602-54f0-48c5-afa9-9b8d1434ae47 was created. Owned by the Default Package.
11, 26, 2018 (18:49:21): UR named: stereotype_22, of type IStereotype, and ID: 71c1356f-8f68-4968-a05e-81bf494a8658 was created. Owned by the Default Package.
>>>>>>> b1b97c9c5db7424bce666da36b0bb4806d026e3e
11, 26, 2018 (19:24:48): UR named: Acciones de los Técnicos, of type IUCDiagram, and ID: 6c97560a-a914-4666-adcf-68c4e7f4ce11 was created. Owned by the Diagrama_Clases_Reducido Project.
11, 26, 2018 (19:24:48): UR named: Gestión Proveedores, of type IUseCase, and ID: aad2cc31-e7b1-41b1-bbdf-b7921d727e68 was created. Owned by the Default Package.
11, 26, 2018 (19:24:48): UR named: Consultar Trabajador, of type IUseCase, and ID: 80bae406-93a0-488f-be0e-9c532abd8e7a was created. Owned by the Default Package.
11, 26, 2018 (19:24:48): UR named: Declinar presupuesto, of type IUseCase, and ID: 5569223d-69af-415b-8374-36a3f0fc9e9a was created. Owned by the Default Package.
11, 26, 2018 (19:24:48): UR named: Solicita, of type IStereotype, and ID: ed1a4602-54f0-48c5-afa9-9b8d1434ae47 was created. Owned by the Default Package.
11, 26, 2018 (19:24:48): UR named: stereotype_22, of type IStereotype, and ID: 71c1356f-8f68-4968-a05e-81bf494a8658 was created. Owned by the Default Package.
11, 26, 2018 (22:13:31): UR named: Acciones de los Técnicos, of type IUCDiagram, and ID: 6c97560a-a914-4666-adcf-68c4e7f4ce11 was created. Owned by the Diagrama_Clases_Reducido Project.
11, 26, 2018 (22:13:31): UR named: Gestión Proveedores, of type IUseCase, and ID: aad2cc31-e7b1-41b1-bbdf-b7921d727e68 was created. Owned by the Default Package.
11, 26, 2018 (22:13:31): UR named: Consultar Trabajador, of type IUseCase, and ID: 80bae406-93a0-488f-be0e-9c532abd8e7a was created. Owned by the Default Package.
11, 26, 2018 (22:13:31): UR named: Declinar presupuesto, of type IUseCase, and ID: 5569223d-69af-415b-8374-36a3f0fc9e9a was created. Owned by the Default Package.
11, 26, 2018 (22:13:31): UR named: Solicita, of type IStereotype, and ID: ed1a4602-54f0-48c5-afa9-9b8d1434ae47 was created. Owned by the Default Package.
11, 26, 2018 (22:13:31): UR named: stereotype_22, of type IStereotype, and ID: 71c1356f-8f68-4968-a05e-81bf494a8658 was created. Owned by the Default Package.
11, 26, 2018 (22:15:58): UR named: Acciones de los Técnicos, of type IUCDiagram, and ID: 6c97560a-a914-4666-adcf-68c4e7f4ce11 was created. Owned by the Diagrama_Clases_Reducido Project.
11, 26, 2018 (22:15:58): UR named: Gestión Proveedores, of type IUseCase, and ID: aad2cc31-e7b1-41b1-bbdf-b7921d727e68 was created. Owned by the Default Package.
11, 26, 2018 (22:15:58): UR named: Consultar Trabajador, of type IUseCase, and ID: 80bae406-93a0-488f-be0e-9c532abd8e7a was created. Owned by the Default Package.
11, 26, 2018 (22:15:58): UR named: Declinar presupuesto, of type IUseCase, and ID: 5569223d-69af-415b-8374-36a3f0fc9e9a was created. Owned by the Default Package.
11, 26, 2018 (22:15:58): UR named: Solicita, of type IStereotype, and ID: ed1a4602-54f0-48c5-afa9-9b8d1434ae47 was created. Owned by the Default Package.
11, 26, 2018 (22:15:58): UR named: stereotype_22, of type IStereotype, and ID: 71c1356f-8f68-4968-a05e-81bf494a8658 was created. Owned by the Default Package.
11, 26, 2018 (22:43:07): UR named: Acciones de los Técnicos, of type IUCDiagram, and ID: 6c97560a-a914-4666-adcf-68c4e7f4ce11 was created. Owned by the Diagrama_Clases_Reducido Project.
11, 26, 2018 (22:43:07): UR named: Gestión Proveedores, of type IUseCase, and ID: aad2cc31-e7b1-41b1-bbdf-b7921d727e68 was created. Owned by the Default Package.
11, 26, 2018 (22:43:07): UR named: Consultar Trabajador, of type IUseCase, and ID: 80bae406-93a0-488f-be0e-9c532abd8e7a was created. Owned by the Default Package.
11, 26, 2018 (22:43:07): UR named: Declinar presupuesto, of type IUseCase, and ID: 5569223d-69af-415b-8374-36a3f0fc9e9a was created. Owned by the Default Package.
11, 26, 2018 (22:43:07): UR named: Solicita, of type IStereotype, and ID: ed1a4602-54f0-48c5-afa9-9b8d1434ae47 was created. Owned by the Default Package.
11, 26, 2018 (22:43:07): UR named: stereotype_22, of type IStereotype, and ID: 71c1356f-8f68-4968-a05e-81bf494a8658 was created. Owned by the Default Package.
11, 27, 2018 (09:17:48): UR named: Acciones de los Técnicos, of type IUCDiagram, and ID: 6c97560a-a914-4666-adcf-68c4e7f4ce11 was created. Owned by the Diagrama_Clases_Reducido Project.
11, 27, 2018 (09:17:48): UR named: Gestión Proveedores, of type IUseCase, and ID: aad2cc31-e7b1-41b1-bbdf-b7921d727e68 was created. Owned by the Default Package.
11, 27, 2018 (09:17:48): UR named: Consultar Trabajador, of type IUseCase, and ID: 80bae406-93a0-488f-be0e-9c532abd8e7a was created. Owned by the Default Package.
11, 27, 2018 (09:17:48): UR named: Declinar presupuesto, of type IUseCase, and ID: 5569223d-69af-415b-8374-36a3f0fc9e9a was created. Owned by the Default Package.
11, 27, 2018 (09:17:48): UR named: Solicita, of type IStereotype, and ID: ed1a4602-54f0-48c5-afa9-9b8d1434ae47 was created. Owned by the Default Package.
11, 27, 2018 (09:17:48): UR named: stereotype_22, of type IStereotype, and ID: 71c1356f-8f68-4968-a05e-81bf494a8658 was created. Owned by the Default Package.
11, 27, 2018 (10:01:36): UR named: Acciones de los Técnicos, of type IUCDiagram, and ID: 6c97560a-a914-4666-adcf-68c4e7f4ce11 was created. Owned by the Diagrama_Clases_Reducido Project.
11, 27, 2018 (10:01:36): UR named: Gestión Proveedores, of type IUseCase, and ID: aad2cc31-e7b1-41b1-bbdf-b7921d727e68 was created. Owned by the Default Package.
11, 27, 2018 (10:01:36): UR named: Consultar Trabajador, of type IUseCase, and ID: 80bae406-93a0-488f-be0e-9c532abd8e7a was created. Owned by the Default Package.
11, 27, 2018 (10:01:36): UR named: Declinar presupuesto, of type IUseCase, and ID: 5569223d-69af-415b-8374-36a3f0fc9e9a was created. Owned by the Default Package.
11, 27, 2018 (10:01:36): UR named: Solicita, of type IStereotype, and ID: ed1a4602-54f0-48c5-afa9-9b8d1434ae47 was created. Owned by the Default Package.
11, 27, 2018 (10:01:36): UR named: stereotype_22, of type IStereotype, and ID: 71c1356f-8f68-4968-a05e-81bf494a8658 was created. Owned by the Default Package.
<<<<<<< HEAD
12, 23, 2018 (11:25:24): UR named: Acciones de los Técnicos, of type IUCDiagram, and ID: 6c97560a-a914-4666-adcf-68c4e7f4ce11 was created. Owned by the Diagrama_Clases_Reducido Project.
12, 23, 2018 (11:25:24): UR named: Gestión Proveedores, of type IUseCase, and ID: aad2cc31-e7b1-41b1-bbdf-b7921d727e68 was created. Owned by the Default Package.
12, 23, 2018 (11:25:24): UR named: Consultar Trabajador, of type IUseCase, and ID: 80bae406-93a0-488f-be0e-9c532abd8e7a was created. Owned by the Default Package.
12, 23, 2018 (11:25:24): UR named: Declinar presupuesto, of type IUseCase, and ID: 5569223d-69af-415b-8374-36a3f0fc9e9a was created. Owned by the Default Package.
12, 23, 2018 (11:25:24): UR named: Solicita, of type IStereotype, and ID: ed1a4602-54f0-48c5-afa9-9b8d1434ae47 was created. Owned by the Default Package.
12, 23, 2018 (11:25:24): UR named: stereotype_22, of type IStereotype, and ID: 71c1356f-8f68-4968-a05e-81bf494a8658 was created. Owned by the Default Package.
=======
12, 23, 2018 (10:27:27): UR named: Acciones de los Técnicos, of type IUCDiagram, and ID: 6c97560a-a914-4666-adcf-68c4e7f4ce11 was created. Owned by the Diagrama_Clases_Reducido Project.
12, 23, 2018 (10:27:27): UR named: Gestión Proveedores, of type IUseCase, and ID: aad2cc31-e7b1-41b1-bbdf-b7921d727e68 was created. Owned by the Default Package.
12, 23, 2018 (10:27:27): UR named: Consultar Trabajador, of type IUseCase, and ID: 80bae406-93a0-488f-be0e-9c532abd8e7a was created. Owned by the Default Package.
12, 23, 2018 (10:27:27): UR named: Declinar presupuesto, of type IUseCase, and ID: 5569223d-69af-415b-8374-36a3f0fc9e9a was created. Owned by the Default Package.
12, 23, 2018 (10:27:27): UR named: Solicita, of type IStereotype, and ID: ed1a4602-54f0-48c5-afa9-9b8d1434ae47 was created. Owned by the Default Package.
12, 23, 2018 (10:27:27): UR named: stereotype_22, of type IStereotype, and ID: 71c1356f-8f68-4968-a05e-81bf494a8658 was created. Owned by the Default Package.
>>>>>>> 5064d46b9f6add6f64596f66cc9b973cbb0ce0fb
12, 23, 2018 (12:17:09): UR named: Acciones de los Técnicos, of type IUCDiagram, and ID: 6c97560a-a914-4666-adcf-68c4e7f4ce11 was created. Owned by the Diagrama_Clases_Reducido Project.
12, 23, 2018 (12:17:09): UR named: Gestión Proveedores, of type IUseCase, and ID: aad2cc31-e7b1-41b1-bbdf-b7921d727e68 was created. Owned by the Default Package.
12, 23, 2018 (12:17:09): UR named: Consultar Trabajador, of type IUseCase, and ID: 80bae406-93a0-488f-be0e-9c532abd8e7a was created. Owned by the Default Package.
12, 23, 2018 (12:17:09): UR named: Declinar presupuesto, of type IUseCase, and ID: 5569223d-69af-415b-8374-36a3f0fc9e9a was created. Owned by the Default Package.
12, 23, 2018 (12:17:09): UR named: Solicita, of type IStereotype, and ID: ed1a4602-54f0-48c5-afa9-9b8d1434ae47 was created. Owned by the Default Package.
12, 23, 2018 (12:17:09): UR named: stereotype_22, of type IStereotype, and ID: 71c1356f-8f68-4968-a05e-81bf494a8658 was created. Owned by the Default Package.
12, 23, 2018 (12:45:39): UR named: Acciones de los Técnicos, of type IUCDiagram, and ID: 6c97560a-a914-4666-adcf-68c4e7f4ce11 was created. Owned by the Diagrama_Clases_Reducido Project.
12, 23, 2018 (12:45:39): UR named: Gestión Proveedores, of type IUseCase, and ID: aad2cc31-e7b1-41b1-bbdf-b7921d727e68 was created. Owned by the Default Package.
12, 23, 2018 (12:45:39): UR named: Consultar Trabajador, of type IUseCase, and ID: 80bae406-93a0-488f-be0e-9c532abd8e7a was created. Owned by the Default Package.
12, 23, 2018 (12:45:39): UR named: Declinar presupuesto, of type IUseCase, and ID: 5569223d-69af-415b-8374-36a3f0fc9e9a was created. Owned by the Default Package.
12, 23, 2018 (12:45:39): UR named: Solicita, of type IStereotype, and ID: ed1a4602-54f0-48c5-afa9-9b8d1434ae47 was created. Owned by the Default Package.
12, 23, 2018 (12:45:39): UR named: stereotype_22, of type IStereotype, and ID: 71c1356f-8f68-4968-a05e-81bf494a8658 was created. Owned by the Default Package.
