12, 23, 2018 (12:18:12): Starting Pre-Save actions

12, 23, 2018 (12:18:12): Starting Dialogs Check/Save
12, 23, 2018 (12:18:12): Finished Dialogs Check/Save
12, 23, 2018 (12:18:12): Starting Controlled Files Resolution
12, 23, 2018 (12:18:12): Finished Controlled Files Resolution
12, 23, 2018 (12:18:12): Finished Pre-Save actions

12, 23, 2018 (12:18:12): Creating D:\UNIVERSIDAD\REPOSITORIOSGIT\SW\ITER3\RATIONAL\Diagrama_Clases_Reducido\Diagrama_Clases_Reducido.rpy
12, 23, 2018 (12:18:12): 
Started writing D:\UNIVERSIDAD\REPOSITORIOSGIT\SW\ITER3\RATIONAL\Diagrama_Clases_Reducido\Diagrama_Clases_Reducido.rpy on Sunday, December 23, 2018 (12:18:12)

12, 23, 2018 (12:18:12): version 8.5.2
12, 23, 2018 (12:18:12): 
Started writing D:\UNIVERSIDAD\REPOSITORIOSGIT\SW\ITER3\RATIONAL\Diagrama_Clases_Reducido\Diagrama_Clases_Reducido_rpy\filesTable.dat on Sunday, December 23, 2018 (12:18:12)

12, 23, 2018 (12:18:12): Finished writing D:\UNIVERSIDAD\REPOSITORIOSGIT\SW\ITER3\RATIONAL\Diagrama_Clases_Reducido\Diagrama_Clases_Reducido_rpy\filesTable.dat on Sunday, December 23, 2018 (12:18:12)

12, 23, 2018 (12:18:12): Creating D:\UNIVERSIDAD\REPOSITORIOSGIT\SW\ITER3\RATIONAL\Diagrama_Clases_Reducido\Diagrama_Clases_Reducido_rpy\Default.sbs
12, 23, 2018 (12:18:12): 
Started writing D:\UNIVERSIDAD\REPOSITORIOSGIT\SW\ITER3\RATIONAL\Diagrama_Clases_Reducido\Diagrama_Clases_Reducido_rpy\Default.sbs on Sunday, December 23, 2018 (12:18:12)

12, 23, 2018 (12:18:12): version 8.5.2
12, 23, 2018 (12:18:12): Finished writing D:\UNIVERSIDAD\REPOSITORIOSGIT\SW\ITER3\RATIONAL\Diagrama_Clases_Reducido\Diagrama_Clases_Reducido_rpy\Default.sbs on Sunday, December 23, 2018 (12:18:12)

12, 23, 2018 (12:18:12): Finished writing D:\UNIVERSIDAD\REPOSITORIOSGIT\SW\ITER3\RATIONAL\Diagrama_Clases_Reducido\Diagrama_Clases_Reducido.rpy on Sunday, December 23, 2018 (12:18:12)

12, 23, 2018 (12:18:12): End Log
